#
# There is insufficient memory for the Java Runtime Environment to continue.
# Native memory allocation (malloc) failed to allocate 1087648 bytes for Chunk::new
# Possible reasons:
#   The system is out of physical RAM or swap space
#   The process is running with CompressedOops enabled, and the Java Heap may be blocking the growth of the native heap
# Possible solutions:
#   Reduce memory load on the system
#   Increase physical memory or swap space
#   Check if swap backing store is full
#   Decrease Java heap size (-Xmx/-Xms)
#   Decrease number of Java threads
#   Decrease Java thread stack sizes (-Xss)
#   Set larger code cache with -XX:ReservedCodeCacheSize=
#   JVM is running with Unscaled Compressed Oops mode in which the Java heap is
#     placed in the first 4GB address space. The Java Heap base address is the
#     maximum limit for the native heap growth. Please use -XX:HeapBaseMinAddress
#     to set the Java Heap base and to place the Java Heap above 4GB virtual address.
# This output file may be truncated or incomplete.
#
#  Out of Memory Error (allocation.cpp:389), pid=7864, tid=0x00000000000002a8
#
# JRE version: OpenJDK Runtime Environment (8.0_202-b03) (build 1.8.0_202-release-1483-b03)
# Java VM: OpenJDK 64-Bit Server VM (25.202-b03 mixed mode windows-amd64 compressed oops)
# Failed to write core dump. Minidumps are not enabled by default on client versions of Windows
#

---------------  T H R E A D  ---------------

Current thread (0x0000000017a0a800):  JavaThread "C2 CompilerThread0" daemon [_thread_in_native, id=680, stack(0x0000000019050000,0x0000000019150000)]

Stack: [0x0000000019050000,0x0000000019150000]
[error occurred during error reporting (printing stack bounds), id 0xc0000005]

Native frames: (J=compiled Java code, j=interpreted, Vv=VM code, C=native code)


Current CompileTask:
C2:  12067 8087       4       org.jetbrains.kotlin.types.TypeSubstitutor::unsafeSubstitute (728 bytes)


---------------  P R O C E S S  ---------------

Java Threads: ( => current thread )
  0x0000000019388800 JavaThread "Service Thread" daemon [_thread_blocked, id=1372, stack(0x0000000019750000,0x0000000019850000)]
  0x0000000017a1a800 JavaThread "C1 CompilerThread2" daemon [_thread_in_native, id=2564, stack(0x0000000019250000,0x0000000019350000)]
  0x0000000017a12800 JavaThread "C2 CompilerThread1" daemon [_thread_in_native, id=7260, stack(0x0000000019150000,0x0000000019250000)]
=>0x0000000017a0a800 JavaThread "C2 CompilerThread0" daemon [_thread_in_native, id=680, stack(0x0000000019050000,0x0000000019150000)]
  0x0000000017a09800 JavaThread "Attach Listener" daemon [_thread_blocked, id=8048, stack(0x0000000018f50000,0x0000000019050000)]
  0x0000000017a0e000 JavaThread "Signal Dispatcher" daemon [_thread_blocked, id=1520, stack(0x0000000018e50000,0x0000000018f50000)]
  0x0000000002e9c800 JavaThread "Finalizer" daemon [_thread_blocked, id=2856, stack(0x0000000018c50000,0x0000000018d50000)]
  0x00000000179e9000 JavaThread "Reference Handler" daemon [_thread_blocked, id=7564, stack(0x0000000018b50000,0x0000000018c50000)]
  0x0000000002da8000 JavaThread "main" [_thread_in_Java, id=5344, stack(0x0000000002c20000,0x0000000002d20000)]

Other Threads:
  0x00000000179c6000 VMThread [stack: 0x0000000018a50000,0x0000000018b50000] [id=1244]
  0x0000000017a5c800 WatcherThread [stack: 0x0000000019850000,0x0000000019950000] [id=948]

VM state:not at safepoint (normal execution)

VM Mutex/Monitor currently owned by a thread: None

heap address: 0x0000000081600000, size: 2026 MB, Compressed Oops mode: 32-bit
Narrow klass base: 0x0000000000000000, Narrow klass shift: 3
Compressed class space size: 1073741824 Address: 0x0000000100000000

Heap:
 PSYoungGen      total 90112K, used 77994K [0x00000000d5d00000, 0x00000000de300000, 0x0000000100000000)
  eden space 72192K, 83% used [0x00000000d5d00000,0x00000000d97ae950,0x00000000da380000)
  from space 17920K, 99% used [0x00000000da380000,0x00000000db4fc1c8,0x00000000db500000)
  to   space 26112K, 0% used [0x00000000dc980000,0x00000000dc980000,0x00000000de300000)
 ParOldGen       total 121344K, used 35859K [0x0000000081600000, 0x0000000088c80000, 0x00000000d5d00000)
  object space 121344K, 29% used [0x0000000081600000,0x0000000083904e50,0x0000000088c80000)
 Metaspace       used 54209K, capacity 55286K, committed 55424K, reserved 1097728K
  class space    used 6730K, capacity 7023K, committed 7040K, reserved 1048576K

Card table byte_map: [0x0000000012260000,0x0000000012660000] byte_map_base: 0x0000000011e55000

Marking Bits: (ParMarkBitMap*) 0x0000000077d29f30
 Begin Bits: [0x0000000012d10000, 0x0000000014cb8000)
 End Bits:   [0x0000000014cb8000, 0x0000000016c60000)

Polling page: 0x00000000009f0000

CodeCache: size=245760Kb used=25045Kb max_used=25045Kb free=220714Kb
 bounds [0x0000000002ea0000, 0x0000000004730000, 0x0000000011ea0000]
 total_blobs=7928 nmethods=7449 adapters=390
 compilation: enabled

Compilation events (10 events):
Event: 12.051 Thread 0x0000000017a1a800 nmethod 8259 0x000000000471aed0 code [0x000000000471b360, 0x000000000471c758]
Event: 12.051 Thread 0x0000000017a1a800 8264       2       org.jetbrains.kotlin.resolve.calls.checkers.ReifiedTypeParameterSubstitutionChecker::check (241 bytes)
Event: 12.054 Thread 0x0000000017a1a800 nmethod 8264 0x000000000471dcd0 code [0x000000000471e080, 0x000000000471eee8]
Event: 12.054 Thread 0x0000000017a1a800 8260       2       org.jetbrains.kotlin.resolve.calls.checkers.ResultTypeWithNullableOperatorsChecker::check (502 bytes)
Event: 12.058 Thread 0x0000000017a1a800 nmethod 8260 0x0000000004720010 code [0x0000000004720500, 0x0000000004721788]
Event: 12.058 Thread 0x0000000017a1a800 8261       2       org.jetbrains.kotlin.resolve.calls.checkers.NullableVarargArgumentCallChecker::check (280 bytes)
Event: 12.059 Thread 0x0000000017a1a800 nmethod 8261 0x0000000004722e10 code [0x0000000004723140, 0x0000000004723d38]
Event: 12.059 Thread 0x0000000017a1a800 8274       2       org.jetbrains.kotlin.resolve.jvm.RuntimeAssertionsOnExtensionReceiverCallChecker::checkReceiver (136 bytes)
Event: 12.060 Thread 0x0000000017a1a800 nmethod 8274 0x0000000004724950 code [0x0000000004724b40, 0x0000000004725018]
Event: 12.060 Thread 0x0000000017a1a800 8262       2       org.jetbrains.kotlin.resolve.calls.checkers.NamedFunAsExpressionChecker::check (178 bytes)

GC Heap History (10 events):
Event: 4.950 GC heap before
{Heap before GC invocations=7 (full 1):
 PSYoungGen      total 62464K, used 20135K [0x00000000d5d00000, 0x00000000db200000, 0x0000000100000000)
  eden space 57344K, 26% used [0x00000000d5d00000,0x00000000d6bb1398,0x00000000d9500000)
  from space 5120K, 99% used [0x00000000d9e00000,0x00000000da2f8918,0x00000000da300000)
  to   space 14848K, 0% used [0x00000000da380000,0x00000000da380000,0x00000000db200000)
 ParOldGen       total 69632K, used 21490K [0x0000000081600000, 0x0000000085a00000, 0x00000000d5d00000)
  object space 69632K, 30% used [0x0000000081600000,0x0000000082afcb48,0x0000000085a00000)
 Metaspace       used 34746K, capacity 35332K, committed 35496K, reserved 1081344K
  class space    used 4450K, capacity 4602K, committed 4608K, reserved 1048576K
Event: 4.963 GC heap after
Heap after GC invocations=7 (full 1):
 PSYoungGen      total 72704K, used 8842K [0x00000000d5d00000, 0x00000000dc300000, 0x0000000100000000)
  eden space 57856K, 0% used [0x00000000d5d00000,0x00000000d5d00000,0x00000000d9580000)
  from space 14848K, 59% used [0x00000000da380000,0x00000000dac22938,0x00000000db200000)
  to   space 14336K, 0% used [0x00000000d9580000,0x00000000d9580000,0x00000000da380000)
 ParOldGen       total 69632K, used 21490K [0x0000000081600000, 0x0000000085a00000, 0x00000000d5d00000)
  object space 69632K, 30% used [0x0000000081600000,0x0000000082afcb48,0x0000000085a00000)
 Metaspace       used 34746K, capacity 35332K, committed 35496K, reserved 1081344K
  class space    used 4450K, capacity 4602K, committed 4608K, reserved 1048576K
}
Event: 4.963 GC heap before
{Heap before GC invocations=8 (full 2):
 PSYoungGen      total 72704K, used 8842K [0x00000000d5d00000, 0x00000000dc300000, 0x0000000100000000)
  eden space 57856K, 0% used [0x00000000d5d00000,0x00000000d5d00000,0x00000000d9580000)
  from space 14848K, 59% used [0x00000000da380000,0x00000000dac22938,0x00000000db200000)
  to   space 14336K, 0% used [0x00000000d9580000,0x00000000d9580000,0x00000000da380000)
 ParOldGen       total 69632K, used 21490K [0x0000000081600000, 0x0000000085a00000, 0x00000000d5d00000)
  object space 69632K, 30% used [0x0000000081600000,0x0000000082afcb48,0x0000000085a00000)
 Metaspace       used 34746K, capacity 35332K, committed 35496K, reserved 1081344K
  class space    used 4450K, capacity 4602K, committed 4608K, reserved 1048576K
Event: 5.076 GC heap after
Heap after GC invocations=8 (full 2):
 PSYoungGen      total 72704K, used 0K [0x00000000d5d00000, 0x00000000dc300000, 0x0000000100000000)
  eden space 57856K, 0% used [0x00000000d5d00000,0x00000000d5d00000,0x00000000d9580000)
  from space 14848K, 0% used [0x00000000da380000,0x00000000da380000,0x00000000db200000)
  to   space 14336K, 0% used [0x00000000d9580000,0x00000000d9580000,0x00000000da380000)
 ParOldGen       total 121344K, used 17558K [0x0000000081600000, 0x0000000088c80000, 0x00000000d5d00000)
  object space 121344K, 14% used [0x0000000081600000,0x0000000082725ba0,0x0000000088c80000)
 Metaspace       used 34746K, capacity 35332K, committed 35496K, reserved 1081344K
  class space    used 4450K, capacity 4602K, committed 4608K, reserved 1048576K
}
Event: 6.125 GC heap before
{Heap before GC invocations=9 (full 2):
 PSYoungGen      total 72704K, used 57856K [0x00000000d5d00000, 0x00000000dc300000, 0x0000000100000000)
  eden space 57856K, 100% used [0x00000000d5d00000,0x00000000d9580000,0x00000000d9580000)
  from space 14848K, 0% used [0x00000000da380000,0x00000000da380000,0x00000000db200000)
  to   space 14336K, 0% used [0x00000000d9580000,0x00000000d9580000,0x00000000da380000)
 ParOldGen       total 121344K, used 17558K [0x0000000081600000, 0x0000000088c80000, 0x00000000d5d00000)
  object space 121344K, 14% used [0x0000000081600000,0x0000000082725ba0,0x0000000088c80000)
 Metaspace       used 38962K, capacity 39614K, committed 39936K, reserved 1083392K
  class space    used 4895K, capacity 5075K, committed 5120K, reserved 1048576K
Event: 6.141 GC heap after
Heap after GC invocations=9 (full 2):
 PSYoungGen      total 72192K, used 12110K [0x00000000d5d00000, 0x00000000dc380000, 0x0000000100000000)
  eden space 57856K, 0% used [0x00000000d5d00000,0x00000000d5d00000,0x00000000d9580000)
  from space 14336K, 84% used [0x00000000d9580000,0x00000000da153940,0x00000000da380000)
  to   space 14848K, 0% used [0x00000000db500000,0x00000000db500000,0x00000000dc380000)
 ParOldGen       total 121344K, used 17566K [0x0000000081600000, 0x0000000088c80000, 0x00000000d5d00000)
  object space 121344K, 14% used [0x0000000081600000,0x0000000082727ba0,0x0000000088c80000)
 Metaspace       used 38962K, capacity 39614K, committed 39936K, reserved 1083392K
  class space    used 4895K, capacity 5075K, committed 5120K, reserved 1048576K
}
Event: 7.571 GC heap before
{Heap before GC invocations=10 (full 2):
 PSYoungGen      total 72192K, used 69966K [0x00000000d5d00000, 0x00000000dc380000, 0x0000000100000000)
  eden space 57856K, 100% used [0x00000000d5d00000,0x00000000d9580000,0x00000000d9580000)
  from space 14336K, 84% used [0x00000000d9580000,0x00000000da153940,0x00000000da380000)
  to   space 14848K, 0% used [0x00000000db500000,0x00000000db500000,0x00000000dc380000)
 ParOldGen       total 121344K, used 17566K [0x0000000081600000, 0x0000000088c80000, 0x00000000d5d00000)
  object space 121344K, 14% used [0x0000000081600000,0x0000000082727ba0,0x0000000088c80000)
 Metaspace       used 41168K, capacity 41836K, committed 42112K, reserved 1085440K
  class space    used 5004K, capacity 5186K, committed 5248K, reserved 1048576K
Event: 7.594 GC heap after
Heap after GC invocations=10 (full 2):
 PSYoungGen      total 87040K, used 14823K [0x00000000d5d00000, 0x00000000dc980000, 0x0000000100000000)
  eden space 72192K, 0% used [0x00000000d5d00000,0x00000000d5d00000,0x00000000da380000)
  from space 14848K, 99% used [0x00000000db500000,0x00000000dc379fe0,0x00000000dc380000)
  to   space 17920K, 0% used [0x00000000da380000,0x00000000da380000,0x00000000db500000)
 ParOldGen       total 121344K, used 20833K [0x0000000081600000, 0x0000000088c80000, 0x00000000d5d00000)
  object space 121344K, 17% used [0x0000000081600000,0x0000000082a58660,0x0000000088c80000)
 Metaspace       used 41168K, capacity 41836K, committed 42112K, reserved 1085440K
  class space    used 5004K, capacity 5186K, committed 5248K, reserved 1048576K
}
Event: 9.911 GC heap before
{Heap before GC invocations=11 (full 2):
 PSYoungGen      total 87040K, used 87015K [0x00000000d5d00000, 0x00000000dc980000, 0x0000000100000000)
  eden space 72192K, 100% used [0x00000000d5d00000,0x00000000da380000,0x00000000da380000)
  from space 14848K, 99% used [0x00000000db500000,0x00000000dc379fe0,0x00000000dc380000)
  to   space 17920K, 0% used [0x00000000da380000,0x00000000da380000,0x00000000db500000)
 ParOldGen       total 121344K, used 20833K [0x0000000081600000, 0x0000000088c80000, 0x00000000d5d00000)
  object space 121344K, 17% used [0x0000000081600000,0x0000000082a58660,0x0000000088c80000)
 Metaspace       used 49685K, capacity 50706K, committed 50816K, reserved 1093632K
  class space    used 6155K, capacity 6435K, committed 6528K, reserved 1048576K
Event: 9.947 GC heap after
Heap after GC invocations=11 (full 2):
 PSYoungGen      total 90112K, used 17904K [0x00000000d5d00000, 0x00000000de300000, 0x0000000100000000)
  eden space 72192K, 0% used [0x00000000d5d00000,0x00000000d5d00000,0x00000000da380000)
  from space 17920K, 99% used [0x00000000da380000,0x00000000db4fc1c8,0x00000000db500000)
  to   space 26112K, 0% used [0x00000000dc980000,0x00000000dc980000,0x00000000de300000)
 ParOldGen       total 121344K, used 35859K [0x0000000081600000, 0x0000000088c80000, 0x00000000d5d00000)
  object space 121344K, 29% used [0x0000000081600000,0x0000000083904e50,0x0000000088c80000)
 Metaspace       used 49685K, capacity 50706K, committed 50816K, reserved 1093632K
  class space    used 6155K, capacity 6435K, committed 6528K, reserved 1048576K
}

Deoptimization events (10 events):
Event: 11.169 Thread 0x0000000002da8000 Uncommon trap: reason=class_check action=maybe_recompile pc=0x00000000032acfa0 method=java.util.concurrent.ConcurrentHashMap.putVal(Ljava/lang/Object;Ljava/lang/Object;Z)Ljava/lang/Object; @ 192
Event: 11.169 Thread 0x0000000002da8000 Uncommon trap: reason=class_check action=maybe_recompile pc=0x00000000032acfa0 method=java.util.concurrent.ConcurrentHashMap.putVal(Ljava/lang/Object;Ljava/lang/Object;Z)Ljava/lang/Object; @ 192
Event: 11.169 Thread 0x0000000002da8000 Uncommon trap: reason=class_check action=maybe_recompile pc=0x00000000032acfa0 method=java.util.concurrent.ConcurrentHashMap.putVal(Ljava/lang/Object;Ljava/lang/Object;Z)Ljava/lang/Object; @ 192
Event: 11.236 Thread 0x0000000002da8000 Uncommon trap: reason=unstable_if action=reinterpret pc=0x000000000322f92c method=org.jetbrains.kotlin.types.AbstractClassTypeConstructor.hashCode()I @ 20
Event: 11.272 Thread 0x0000000002da8000 Uncommon trap: reason=class_check action=maybe_recompile pc=0x0000000004238d30 method=org.jetbrains.org.objectweb.asm.ClassReader.readElementValue(Lorg/jetbrains/org/objectweb/asm/AnnotationVisitor;ILjava/lang/String;[C)I @ 556
Event: 11.315 Thread 0x0000000002da8000 Uncommon trap: reason=unstable_if action=reinterpret pc=0x0000000004486084 method=org.jetbrains.kotlin.types.TypeUtils.contains(Lorg/jetbrains/kotlin/types/KotlinType;Lkotlin/jvm/functions/Function1;Ljava/util/HashSet;)Z @ 49
Event: 11.315 Thread 0x0000000002da8000 Uncommon trap: reason=unstable_if action=reinterpret pc=0x000000000448648c method=org.jetbrains.kotlin.types.TypeUtils.contains(Lorg/jetbrains/kotlin/types/KotlinType;Lkotlin/jvm/functions/Function1;Ljava/util/HashSet;)Z @ 255
Event: 11.370 Thread 0x0000000002da8000 Uncommon trap: reason=bimorphic action=maybe_recompile pc=0x00000000030db470 method=kotlin.collections.CollectionsKt___CollectionsKt.toList(Ljava/lang/Iterable;)Ljava/util/List; @ 71
Event: 11.370 Thread 0x0000000002da8000 Uncommon trap: reason=bimorphic action=maybe_recompile pc=0x00000000030db470 method=kotlin.collections.CollectionsKt___CollectionsKt.toList(Ljava/lang/Iterable;)Ljava/util/List; @ 71
Event: 11.536 Thread 0x0000000002da8000 Uncommon trap: reason=null_check action=make_not_entrant pc=0x00000000044cad60 method=org.jetbrains.kotlin.psi.KtPsiUtil.deparenthesizeOnce(Lorg/jetbrains/kotlin/psi/KtExpression;Z)Lorg/jetbrains/kotlin/psi/KtExpression; @ 1

Classes redefined (0 events):
No events

Internal exceptions (10 events):
Event: 9.058 Thread 0x0000000002da8000 Exception <a 'java/lang/NoSuchMethodError': java.lang.Object.lambda$static$0(I)[Lorg/jetbrains/kotlin/com/intellij/psi/PsiField;> (0x00000000d924fa58) thrown at [D:\src\AOSP-openjdk-cygwin\jdk8u\hotspot\src\share\vm\interpreter\linkResolver.cpp, line 620]
Event: 9.093 Thread 0x0000000002da8000 Exception <a 'java/lang/NoSuchMethodError': java.lang.Object.lambda$static$0(I)[Lorg/jetbrains/kotlin/com/intellij/psi/PsiJavaCodeReferenceElement;> (0x00000000d9307ce0) thrown at [D:\src\AOSP-openjdk-cygwin\jdk8u\hotspot\src\share\vm\interpreter\linkReso
Event: 9.443 Thread 0x0000000002da8000 Exception <a 'java/lang/IncompatibleClassChangeError': Found class java.lang.Object, but interface was expected> (0x00000000d990fe20) thrown at [D:\src\AOSP-openjdk-cygwin\jdk8u\hotspot\src\share\vm\interpreter\linkResolver.cpp, line 653]
Event: 9.964 Thread 0x0000000002da8000 Implicit null exception at 0x0000000003149496 to 0x0000000003149831
Event: 10.040 Thread 0x0000000002da8000 Implicit null exception at 0x00000000030a8216 to 0x00000000030a85b1
Event: 10.644 Thread 0x0000000002da8000 Exception <a 'java/lang/NoSuchMethodError': java.lang.Object.lambda$static$0(I)[Lorg/jetbrains/kotlin/com/intellij/psi/PsiParameter;> (0x00000000d6d89280) thrown at [D:\src\AOSP-openjdk-cygwin\jdk8u\hotspot\src\share\vm\interpreter\linkResolver.cpp, line 
Event: 10.686 Thread 0x0000000002da8000 Exception <a 'java/lang/NoSuchMethodError': java.lang.Object.lambda$static$0(I)[Lorg/jetbrains/kotlin/com/intellij/psi/PsiImportStatementBase;> (0x00000000d6eb49f8) thrown at [D:\src\AOSP-openjdk-cygwin\jdk8u\hotspot\src\share\vm\interpreter\linkResolver.
Event: 10.757 Thread 0x0000000002da8000 Exception <a 'java/lang/NoSuchMethodError': java.lang.Object.lambda$static$0(I)[Lorg/jetbrains/kotlin/com/intellij/psi/PsiNameValuePair;> (0x00000000d707f668) thrown at [D:\src\AOSP-openjdk-cygwin\jdk8u\hotspot\src\share\vm\interpreter\linkResolver.cpp, l
Event: 10.761 Thread 0x0000000002da8000 Exception <a 'java/lang/NoSuchMethodError': java.lang.Object.lambda$static$0(I)[Lorg/jetbrains/kotlin/com/intellij/psi/PsiAnnotationMemberValue;> (0x00000000d709ae58) thrown at [D:\src\AOSP-openjdk-cygwin\jdk8u\hotspot\src\share\vm\interpreter\linkResolve
Event: 11.536 Thread 0x0000000002da8000 Implicit null exception at 0x00000000044cac4c to 0x00000000044cad51

Events (10 events):
Event: 12.034 loading class org/jetbrains/kotlin/resolve/constants/evaluate/OperationsMapGeneratedKt$binaryOperations$382
Event: 12.034 loading class org/jetbrains/kotlin/resolve/constants/evaluate/OperationsMapGeneratedKt$binaryOperations$382 done
Event: 12.034 loading class org/jetbrains/kotlin/resolve/constants/evaluate/OperationsMapGeneratedKt$binaryOperations$383
Event: 12.034 loading class org/jetbrains/kotlin/resolve/constants/evaluate/OperationsMapGeneratedKt$binaryOperations$383 done
Event: 12.034 loading class org/jetbrains/kotlin/resolve/constants/evaluate/OperationsMapGeneratedKt$binaryOperations$384
Event: 12.034 loading class org/jetbrains/kotlin/resolve/constants/evaluate/OperationsMapGeneratedKt$binaryOperations$384 done
Event: 12.035 loading class org/jetbrains/kotlin/resolve/constants/evaluate/OperationsMapGeneratedKt$binaryOperations$385
Event: 12.035 loading class org/jetbrains/kotlin/resolve/constants/evaluate/OperationsMapGeneratedKt$binaryOperations$385 done
Event: 12.035 loading class org/jetbrains/kotlin/resolve/constants/evaluate/OperationsMapGeneratedKt$binaryOperations$386
Event: 12.035 loading class org/jetbrains/kotlin/resolve/constants/evaluate/OperationsMapGeneratedKt$binaryOperations$386 done


Dynamic libraries:
0x00007ff78b320000 - 0x00007ff78b351000 	C:\Program Files\Android\Android Studio\jre\jre\bin\java.exe
0x00007ff9d67c0000 - 0x00007ff9d69ad000 	C:\Windows\SYSTEM32\ntdll.dll
0x00007ff9d3a50000 - 0x00007ff9d3b03000 	C:\Windows\System32\KERNEL32.DLL
0x00007ff9d29d0000 - 0x00007ff9d2c63000 	C:\Windows\System32\KERNELBASE.dll
0x00007ff9d4660000 - 0x00007ff9d4703000 	C:\Windows\System32\ADVAPI32.dll
0x00007ff9d3b70000 - 0x00007ff9d3c0e000 	C:\Windows\System32\msvcrt.dll
0x00007ff9d5150000 - 0x00007ff9d51ee000 	C:\Windows\System32\sechost.dll
0x00007ff9d3d50000 - 0x00007ff9d3e72000 	C:\Windows\System32\RPCRT4.dll
0x00007ff9d4cb0000 - 0x00007ff9d4e47000 	C:\Windows\System32\USER32.dll
0x00007ff9d2cf0000 - 0x00007ff9d2d10000 	C:\Windows\System32\win32u.dll
0x00007ff9d3a10000 - 0x00007ff9d3a39000 	C:\Windows\System32\GDI32.dll
0x00007ff9d3870000 - 0x00007ff9d3a09000 	C:\Windows\System32\gdi32full.dll
0x00007ff9d34c0000 - 0x00007ff9d3560000 	C:\Windows\System32\msvcp_win.dll
0x00007ff9d3740000 - 0x00007ff9d383a000 	C:\Windows\System32\ucrtbase.dll
0x00007ff9c31f0000 - 0x00007ff9c3469000 	C:\Windows\WinSxS\amd64_microsoft.windows.common-controls_6595b64144ccf1df_6.0.17763.719_none_05b84458071c8757\COMCTL32.dll
0x00007ff9d3e80000 - 0x00007ff9d41ac000 	C:\Windows\System32\combase.dll
0x00007ff9d2c70000 - 0x00007ff9d2cee000 	C:\Windows\System32\bcryptPrimitives.dll
0x00007ff9d4630000 - 0x00007ff9d465e000 	C:\Windows\System32\IMM32.DLL
0x00000000504b0000 - 0x0000000050582000 	C:\Program Files\Android\Android Studio\jre\jre\bin\msvcr100.dll
0x0000000077560000 - 0x0000000077da6000 	C:\Program Files\Android\Android Studio\jre\jre\bin\server\jvm.dll
0x00007ff9d3d40000 - 0x00007ff9d3d48000 	C:\Windows\System32\PSAPI.DLL
0x00007ff9cc5f0000 - 0x00007ff9cc614000 	C:\Windows\SYSTEM32\WINMM.dll
0x00007ff9ce310000 - 0x00007ff9ce31a000 	C:\Windows\SYSTEM32\VERSION.dll
0x00007ff9ce930000 - 0x00007ff9ce939000 	C:\Windows\SYSTEM32\WSOCK32.dll
0x00007ff9d4fb0000 - 0x00007ff9d501d000 	C:\Windows\System32\WS2_32.dll
0x00007ff9cc5c0000 - 0x00007ff9cc5ed000 	C:\Windows\SYSTEM32\WINMMBASE.dll
0x00007ff9d28b0000 - 0x00007ff9d28fa000 	C:\Windows\System32\cfgmgr32.dll
0x00007ff9ce920000 - 0x00007ff9ce92f000 	C:\Program Files\Android\Android Studio\jre\jre\bin\verify.dll
0x00007ff9c3120000 - 0x00007ff9c3149000 	C:\Program Files\Android\Android Studio\jre\jre\bin\java.dll
0x00007ff9c3100000 - 0x00007ff9c3116000 	C:\Program Files\Android\Android Studio\jre\jre\bin\zip.dll
0x00007ff9d51f0000 - 0x00007ff9d66e2000 	C:\Windows\System32\SHELL32.dll
0x00007ff9d3c10000 - 0x00007ff9d3cb8000 	C:\Windows\System32\shcore.dll
0x00007ff9d2d70000 - 0x00007ff9d34ba000 	C:\Windows\System32\windows.storage.dll
0x00007ff9d2800000 - 0x00007ff9d2824000 	C:\Windows\System32\profapi.dll
0x00007ff9d2850000 - 0x00007ff9d28ad000 	C:\Windows\System32\powrprof.dll
0x00007ff9d3b10000 - 0x00007ff9d3b62000 	C:\Windows\System32\shlwapi.dll
0x00007ff9d27e0000 - 0x00007ff9d27f1000 	C:\Windows\System32\kernel.appcore.dll
0x00007ff9d29b0000 - 0x00007ff9d29c7000 	C:\Windows\System32\cryptsp.dll
0x00007ff9c30e0000 - 0x00007ff9c30fa000 	C:\Program Files\Android\Android Studio\jre\jre\bin\net.dll
0x00007ff9d2050000 - 0x00007ff9d20b7000 	C:\Windows\system32\mswsock.dll
0x00007ff9c29c0000 - 0x00007ff9c29d1000 	C:\Program Files\Android\Android Studio\jre\jre\bin\nio.dll

VM Arguments:
java_command: org.jetbrains.kotlin.cli.jvm.K2JVMCompiler -Xallow-no-source-files -classpath C:\Users\nk\.gradle\caches\transforms-2\files-2.1\98923c7d68e7eec2b006808b7a54884c\jetified-realm-android-library-5.13.0\jars\classes.jar;C:\Users\nk\.gradle\caches\transforms-2\files-2.1\23d0848912ccb023ae397f5bea908c13\realm-android-kotlin-extensions-5.13.0\jars\classes.jar;C:\Users\nk\.gradle\caches\modules-2\files-2.1\io.realm\realm-annotations\5.13.0\342d27c8a523ce5857bc0b0113d66c82a04580e2\realm-annotations-5.13.0.jar;C:\Users\nk\.gradle\caches\modules-2\files-2.1\com.google.code.findbugs\jsr305\3.0.2\25ea2e8b0c338a877313bd4672d3fe056ea78f0d\jsr305-3.0.2.jar;C:\Users\nk\.gradle\caches\transforms-2\files-2.1\0131e87749bdd1c56610bae7bc36c6ee\relinker-1.3.0\jars\classes.jar;C:\Users\nk\.gradle\caches\modules-2\files-2.1\org.jetbrains.kotlin\kotlin-stdlib-jdk7\1.3.50\50ad05ea1c2595fb31b800e76db464d08d599af3\kotlin-stdlib-jdk7-1.3.50.jar;C:\Users\nk\.gradle\caches\modules-2\files-2.1\org.jetbrains.kotlin\kotlin-android-extensions-runtime\1.3.50\bec16087637a7cafe54894e73d38037977cb30d2\kotlin-android-extensions-runtime-1.3.50.jar;C:\Users\nk\.gradle\caches\modules-2\files-2.1\com.squareup.okhttp3\okhttp\4.0.1\4e606430c80c69b744d19c6ca1b269b68e297040\okhttp-4.0.1.jar;C:\Users\nk\.gradle\caches\modules-2\files-2.1\org.jetbrains.kotlin\kotlin-stdlib\1.3.50\b529d1738c7e98bbfa36a4134039528f2ce78ebf\kotlin-stdlib-1.3.50.jar;C:\Users\nk\.gradle\caches\modules-2\files-2.1\org.jetbrains.kotlin\kotlin-stdlib-common\1.3.50\3d9cd3e1bc7b92e95f43d45be3bfbcf38e36ab87\kotlin-stdlib-common-1.3.50.jar;C:\Users\nk\.gradle\caches\modules-2\files-2.1\org.jetbrains\annotations\13.0\919f0dfe192fb4e063e7dacadee7f8bb9a2672a9\annotations-13.0.jar;C:\Users\nk\.gradle\caches\transforms-2\files-2.1\772da408239a4e18ff2d6464f9766067\preference-1.1.0\jars\classes.jar;C:\Users\nk\.gradle\caches\transforms-2\files-2.1\c2bc06e7a6a1b7ecfff548c498fa49bb\material-1.0.0\jars\classes.jar;C:\Users\nk\.gradle\cache
java_class_path (initial): C:\Users\nk\.gradle\caches\modules-2\files-2.1\org.jetbrains.kotlin\kotlin-compiler-embeddable\1.3.50\1251c1768e5769b06c2487d6f6cf8acf6efb8960\kotlin-compiler-embeddable-1.3.50.jar;C:\Users\nk\.gradle\caches\modules-2\files-2.1\org.jetbrains.kotlin\kotlin-reflect\1.3.50\b499f22fd7c3e9c2e5b6c4005221fa47fc7f9a7a\kotlin-reflect-1.3.50.jar;C:\Users\nk\.gradle\caches\modules-2\files-2.1\org.jetbrains.kotlin\kotlin-stdlib\1.3.50\b529d1738c7e98bbfa36a4134039528f2ce78ebf\kotlin-stdlib-1.3.50.jar;C:\Users\nk\.gradle\caches\modules-2\files-2.1\org.jetbrains.kotlin\kotlin-script-runtime\1.3.50\59492b8dfb92522ba0ddb5dd1c4d0ef0a4fca1af\kotlin-script-runtime-1.3.50.jar;C:\Users\nk\.gradle\caches\modules-2\files-2.1\org.jetbrains.kotlin\kotlin-daemon-embeddable\1.3.50\5cb93bb33f4c6f833ead0beca4c831668e00cf52\kotlin-daemon-embeddable-1.3.50.jar;C:\Users\nk\.gradle\caches\modules-2\files-2.1\org.jetbrains.intellij.deps\trove4j\1.0.20181211\216c2e14b070f334479d800987affe4054cd563f\trove4j-1.0.20181211.jar;C:\Users\nk\.gradle\caches\modules-2\files-2.1\org.jetbrains.kotlin\kotlin-stdlib-common\1.3.50\3d9cd3e1bc7b92e95f43d45be3bfbcf38e36ab87\kotlin-stdlib-common-1.3.50.jar;C:\Users\nk\.gradle\caches\modules-2\files-2.1\org.jetbrains\annotations\13.0\919f0dfe192fb4e063e7dacadee7f8bb9a2672a9\annotations-13.0.jar;C:\Program Files\Android\Android Studio\jre\lib\tools.jar
Launcher Type: SUN_STANDARD

Environment Variables:
JAVA_HOME=C:\Program Files\Java\jdk1.8.0_221
CLASSPATH=C:\mpj-v0_44\lib\mpj.jar
PATH=C:\Program Files (x86)\Common Files\Oracle\Java\javapath;C:\Program Files (x86)\Intel\iCLS Client\;C:\Program Files\Intel\iCLS Client\;C:\Windows\system32;C:\Windows;C:\Windows\System32\Wbem;C:\Windows\System32\WindowsPowerShell\v1.0\;C:\Program Files (x86)\NVIDIA Corporation\PhysX\Common;C:\Program Files (x86)\Intel\Intel(R) Management Engine Components\DAL;C:\Program Files\Intel\Intel(R) Management Engine Components\DAL;C:\Program Files (x86)\Intel\Intel(R) Management Engine Components\IPT;C:\Program Files\Intel\Intel(R) Management Engine Components\IPT;C:\Program Files\Git\cmd;C:\Program Files\Java\jdk1.8.0_221\bin;C:\Users\nk\AppData\Local\Programs\Python\Python37\Scripts\;C:\Users\nk\AppData\Local\Programs\Python\Python37\;C:\Users\nk\AppData\Local\Microsoft\WindowsApps;C:\Users\nk\AppData\Local\GitHubDesktop\bin;C:\Users\nk\AppData\Local\atom\bin;C:\mpj-v0_44\bin;C:\Program Files\mingw-w64\x86_64-8.1.0-posix-seh-rt_v6-rev0\mingw64\bin;C:\Program Files\swipl\bin;C:\Program Files\JetBrains\IntelliJ IDEA Community Edition 2019.2.2\bin;;C:\Program Files\JetBrains\PyCharm Community Edition 2019.2.3\bin;;C:\Users\nk\AppData\Local\Programs\Microsoft VS Code\bin
USERNAME=nk
OS=Windows_NT
PROCESSOR_IDENTIFIER=Intel64 Family 6 Model 78 Stepping 3, GenuineIntel



---------------  S Y S T E M  ---------------

OS: Windows 10.0 , 64 bit Build 17763 (10.0.17763.475)

CPU:total 4 (initial active 4) (2 cores per cpu, 2 threads per core) family 6 model 78 stepping 3, cmov, cx8, fxsr, mmx, sse, sse2, sse3, ssse3, sse4.1, sse4.2, popcnt, avx, avx2, aes, clmul, erms, 3dnowpref, lzcnt, ht, tsc, tscinvbit, bmi1, bmi2, adx

Memory: 4k page, physical 8292352k(1285384k free), swap 8292352k(5612k free)

vm_info: OpenJDK 64-Bit Server VM (25.202-b03) for windows-amd64 JRE (1.8.0_202-release-1483-b03), built by "builder" with MS VC++ 10.0 (VS2010)

time: Fri Oct 11 17:39:04 2019
timezone: RTZ 2 (зима)
elapsed time: 12 seconds (0d 0h 0m 12s)

