#
# There is insufficient memory for the Java Runtime Environment to continue.
# Native memory allocation (malloc) failed to allocate 1123376 bytes for Chunk::new
# Possible reasons:
#   The system is out of physical RAM or swap space
#   The process is running with CompressedOops enabled, and the Java Heap may be blocking the growth of the native heap
# Possible solutions:
#   Reduce memory load on the system
#   Increase physical memory or swap space
#   Check if swap backing store is full
#   Decrease Java heap size (-Xmx/-Xms)
#   Decrease number of Java threads
#   Decrease Java thread stack sizes (-Xss)
#   Set larger code cache with -XX:ReservedCodeCacheSize=
#   JVM is running with Unscaled Compressed Oops mode in which the Java heap is
#     placed in the first 4GB address space. The Java Heap base address is the
#     maximum limit for the native heap growth. Please use -XX:HeapBaseMinAddress
#     to set the Java Heap base and to place the Java Heap above 4GB virtual address.
# This output file may be truncated or incomplete.
#
#  Out of Memory Error (allocation.cpp:389), pid=1300, tid=0x0000000000000598
#
# JRE version: OpenJDK Runtime Environment (8.0_202-b03) (build 1.8.0_202-release-1483-b03)
# Java VM: OpenJDK 64-Bit Server VM (25.202-b03 mixed mode windows-amd64 compressed oops)
# Failed to write core dump. Minidumps are not enabled by default on client versions of Windows
#

---------------  T H R E A D  ---------------

Current thread (0x0000000017790000):  JavaThread "C2 CompilerThread1" daemon [_thread_in_native, id=1432, stack(0x0000000018ef0000,0x0000000018ff0000)]

Stack: [0x0000000018ef0000,0x0000000018ff0000]
[error occurred during error reporting (printing stack bounds), id 0xc0000005]

Native frames: (J=compiled Java code, j=interpreted, Vv=VM code, C=native code)


Current CompileTask:
C2:  21142 9229       4       org.jetbrains.kotlin.load.kotlin.TypeSignatureMappingKt::mapType (890 bytes)


---------------  P R O C E S S  ---------------

Java Threads: ( => current thread )
  0x0000000019128800 JavaThread "Service Thread" daemon [_thread_blocked, id=6520, stack(0x00000000194f0000,0x00000000195f0000)]
  0x00000000177a0000 JavaThread "C1 CompilerThread2" daemon [_thread_in_native, id=4408, stack(0x0000000018ff0000,0x00000000190f0000)]
=>0x0000000017790000 JavaThread "C2 CompilerThread1" daemon [_thread_in_native, id=1432, stack(0x0000000018ef0000,0x0000000018ff0000)]
  0x000000001778c000 JavaThread "C2 CompilerThread0" daemon [_thread_in_native, id=4780, stack(0x0000000018df0000,0x0000000018ef0000)]
  0x000000001778b000 JavaThread "Attach Listener" daemon [_thread_blocked, id=3636, stack(0x0000000018cf0000,0x0000000018df0000)]
  0x0000000017788800 JavaThread "Signal Dispatcher" daemon [_thread_blocked, id=2220, stack(0x0000000018bf0000,0x0000000018cf0000)]
  0x0000000002c1b000 JavaThread "Finalizer" daemon [_thread_blocked, id=2624, stack(0x00000000189f0000,0x0000000018af0000)]
  0x0000000017769000 JavaThread "Reference Handler" daemon [_thread_blocked, id=512, stack(0x00000000188f0000,0x00000000189f0000)]
  0x0000000002b26000 JavaThread "main" [_thread_in_Java, id=1436, stack(0x0000000002920000,0x0000000002a20000)]

Other Threads:
  0x0000000017746800 VMThread [stack: 0x00000000187f0000,0x00000000188f0000] [id=2356]
  0x00000000177dd000 WatcherThread [stack: 0x00000000195f0000,0x00000000196f0000] [id=4768]

VM state:not at safepoint (normal execution)

VM Mutex/Monitor currently owned by a thread: None

heap address: 0x0000000081600000, size: 2026 MB, Compressed Oops mode: 32-bit
Narrow klass base: 0x0000000000000000, Narrow klass shift: 3
Compressed class space size: 1073741824 Address: 0x0000000100000000

Heap:
 PSYoungGen      total 107008K, used 19532K [0x00000000d5d00000, 0x00000000df200000, 0x0000000100000000)
  eden space 80384K, 24% used [0x00000000d5d00000,0x00000000d70132e0,0x00000000dab80000)
  from space 26624K, 0% used [0x00000000dca80000,0x00000000dca80000,0x00000000de480000)
  to   space 31744K, 0% used [0x00000000dab80000,0x00000000dab80000,0x00000000dca80000)
 ParOldGen       total 205312K, used 55550K [0x0000000081600000, 0x000000008de80000, 0x00000000d5d00000)
  object space 205312K, 27% used [0x0000000081600000,0x0000000084c3fb68,0x000000008de80000)
 Metaspace       used 60107K, capacity 61300K, committed 61568K, reserved 1103872K
  class space    used 7195K, capacity 7552K, committed 7552K, reserved 1048576K

Card table byte_map: [0x0000000011fe0000,0x00000000123e0000] byte_map_base: 0x0000000011bd5000

Marking Bits: (ParMarkBitMap*) 0x00000000777f9f30
 Begin Bits: [0x0000000012a90000, 0x0000000014a38000)
 End Bits:   [0x0000000014a38000, 0x00000000169e0000)

Polling page: 0x0000000000b60000

CodeCache: size=245760Kb used=28212Kb max_used=28212Kb free=217548Kb
 bounds [0x0000000002c20000, 0x00000000047d0000, 0x0000000011c20000]
 total_blobs=8787 nmethods=8272 adapters=427
 compilation: enabled

Compilation events (10 events):
Event: 21.131 Thread 0x00000000177a0000 9354       3       org.jetbrains.kotlin.builtins.FunctionTypesKt$isSuspendFunctionTypeOrSubtype$1::invoke (12 bytes)
Event: 21.132 Thread 0x00000000177a0000 nmethod 9354 0x00000000047c4a50 code [0x00000000047c4c00, 0x00000000047c50f8]
Event: 21.132 Thread 0x00000000177a0000 9355       3       org.jetbrains.kotlin.types.WrappedType::getArguments (8 bytes)
Event: 21.132 Thread 0x00000000177a0000 nmethod 9355 0x00000000047c5290 code [0x00000000047c5400, 0x00000000047c56d8]
Event: 21.133 Thread 0x00000000177a0000 9356       3       org.jetbrains.kotlin.resolve.MemberComparator$NameAndTypeMemberComparator::compareInternal (65 bytes)
Event: 21.134 Thread 0x00000000177a0000 nmethod 9356 0x00000000047c57d0 code [0x00000000047c5a60, 0x00000000047c6828]
Event: 21.135 Thread 0x00000000177a0000 9357       3       org.jetbrains.kotlin.resolve.MemberComparator::compare (13 bytes)
Event: 21.135 Thread 0x00000000177a0000 nmethod 9357 0x00000000047c6fd0 code [0x00000000047c7140, 0x00000000047c74e8]
Event: 21.135 Thread 0x00000000177a0000 9358       3       org.jetbrains.kotlin.resolve.MemberComparator$NameAndTypeMemberComparator::access$000 (6 bytes)
Event: 21.135 Thread 0x00000000177a0000 nmethod 9358 0x00000000047c75d0 code [0x00000000047c7740, 0x00000000047c78a8]

GC Heap History (10 events):
Event: 7.415 GC heap before
{Heap before GC invocations=9 (full 2):
 PSYoungGen      total 76288K, used 60928K [0x00000000d5d00000, 0x00000000dca80000, 0x0000000100000000)
  eden space 60928K, 100% used [0x00000000d5d00000,0x00000000d9880000,0x00000000d9880000)
  from space 15360K, 0% used [0x00000000da700000,0x00000000da700000,0x00000000db600000)
  to   space 14848K, 0% used [0x00000000d9880000,0x00000000d9880000,0x00000000da700000)
 ParOldGen       total 120832K, used 15981K [0x0000000081600000, 0x0000000088c00000, 0x00000000d5d00000)
  object space 120832K, 13% used [0x0000000081600000,0x000000008259b5d0,0x0000000088c00000)
 Metaspace       used 39272K, capacity 39950K, committed 40192K, reserved 1085440K
  class space    used 4919K, capacity 5105K, committed 5120K, reserved 1048576K
Event: 7.441 GC heap after
Heap after GC invocations=9 (full 2):
 PSYoungGen      total 75776K, used 13205K [0x00000000d5d00000, 0x00000000dc780000, 0x0000000100000000)
  eden space 60928K, 0% used [0x00000000d5d00000,0x00000000d5d00000,0x00000000d9880000)
  from space 14848K, 88% used [0x00000000d9880000,0x00000000da565578,0x00000000da700000)
  to   space 15872K, 0% used [0x00000000db800000,0x00000000db800000,0x00000000dc780000)
 ParOldGen       total 120832K, used 15989K [0x0000000081600000, 0x0000000088c00000, 0x00000000d5d00000)
  object space 120832K, 13% used [0x0000000081600000,0x000000008259d5d0,0x0000000088c00000)
 Metaspace       used 39272K, capacity 39950K, committed 40192K, reserved 1085440K
  class space    used 4919K, capacity 5105K, committed 5120K, reserved 1048576K
}
Event: 9.446 GC heap before
{Heap before GC invocations=10 (full 2):
 PSYoungGen      total 75776K, used 74133K [0x00000000d5d00000, 0x00000000dc780000, 0x0000000100000000)
  eden space 60928K, 100% used [0x00000000d5d00000,0x00000000d9880000,0x00000000d9880000)
  from space 14848K, 88% used [0x00000000d9880000,0x00000000da565578,0x00000000da700000)
  to   space 15872K, 0% used [0x00000000db800000,0x00000000db800000,0x00000000dc780000)
 ParOldGen       total 120832K, used 15989K [0x0000000081600000, 0x0000000088c00000, 0x00000000d5d00000)
  object space 120832K, 13% used [0x0000000081600000,0x000000008259d5d0,0x0000000088c00000)
 Metaspace       used 44795K, capacity 45568K, committed 45824K, reserved 1089536K
  class space    used 5574K, capacity 5810K, committed 5888K, reserved 1048576K
Event: 9.471 GC heap after
Heap after GC invocations=10 (full 2):
 PSYoungGen      total 89600K, used 15857K [0x00000000d5d00000, 0x00000000dce00000, 0x0000000100000000)
  eden space 73728K, 0% used [0x00000000d5d00000,0x00000000d5d00000,0x00000000da500000)
  from space 15872K, 99% used [0x00000000db800000,0x00000000dc77c618,0x00000000dc780000)
  to   space 19456K, 0% used [0x00000000da500000,0x00000000da500000,0x00000000db800000)
 ParOldGen       total 120832K, used 19156K [0x0000000081600000, 0x0000000088c00000, 0x00000000d5d00000)
  object space 120832K, 15% used [0x0000000081600000,0x00000000828b5028,0x0000000088c00000)
 Metaspace       used 44795K, capacity 45568K, committed 45824K, reserved 1089536K
  class space    used 5574K, capacity 5810K, committed 5888K, reserved 1048576K
}
Event: 12.620 GC heap before
{Heap before GC invocations=11 (full 2):
 PSYoungGen      total 89600K, used 89585K [0x00000000d5d00000, 0x00000000dce00000, 0x0000000100000000)
  eden space 73728K, 100% used [0x00000000d5d00000,0x00000000da500000,0x00000000da500000)
  from space 15872K, 99% used [0x00000000db800000,0x00000000dc77c618,0x00000000dc780000)
  to   space 19456K, 0% used [0x00000000da500000,0x00000000da500000,0x00000000db800000)
 ParOldGen       total 120832K, used 19156K [0x0000000081600000, 0x0000000088c00000, 0x00000000d5d00000)
  object space 120832K, 15% used [0x0000000081600000,0x00000000828b5028,0x0000000088c00000)
 Metaspace       used 51345K, capacity 52306K, committed 52608K, reserved 1095680K
  class space    used 6412K, capacity 6681K, committed 6784K, reserved 1048576K
Event: 12.660 GC heap after
Heap after GC invocations=11 (full 2):
 PSYoungGen      total 93184K, used 19431K [0x00000000d5d00000, 0x00000000de480000, 0x0000000100000000)
  eden space 73728K, 0% used [0x00000000d5d00000,0x00000000d5d00000,0x00000000da500000)
  from space 19456K, 99% used [0x00000000da500000,0x00000000db7f9c90,0x00000000db800000)
  to   space 26624K, 0% used [0x00000000dca80000,0x00000000dca80000,0x00000000de480000)
 ParOldGen       total 120832K, used 32002K [0x0000000081600000, 0x0000000088c00000, 0x00000000d5d00000)
  object space 120832K, 26% used [0x0000000081600000,0x0000000083540b40,0x0000000088c00000)
 Metaspace       used 51345K, capacity 52306K, committed 52608K, reserved 1095680K
  class space    used 6412K, capacity 6681K, committed 6784K, reserved 1048576K
}
Event: 17.633 GC heap before
{Heap before GC invocations=12 (full 2):
 PSYoungGen      total 93184K, used 87198K [0x00000000d5d00000, 0x00000000de480000, 0x0000000100000000)
  eden space 73728K, 91% used [0x00000000d5d00000,0x00000000d9f2dba8,0x00000000da500000)
  from space 19456K, 99% used [0x00000000da500000,0x00000000db7f9c90,0x00000000db800000)
  to   space 26624K, 0% used [0x00000000dca80000,0x00000000dca80000,0x00000000de480000)
 ParOldGen       total 120832K, used 32002K [0x0000000081600000, 0x0000000088c00000, 0x00000000d5d00000)
  object space 120832K, 26% used [0x0000000081600000,0x0000000083540b40,0x0000000088c00000)
 Metaspace       used 57986K, capacity 58994K, committed 59096K, reserved 1101824K
  class space    used 7017K, capacity 7291K, committed 7296K, reserved 1048576K
Event: 17.855 GC heap after
Heap after GC invocations=12 (full 2):
 PSYoungGen      total 107008K, used 26617K [0x00000000d5d00000, 0x00000000df200000, 0x0000000100000000)
  eden space 80384K, 0% used [0x00000000d5d00000,0x00000000d5d00000,0x00000000dab80000)
  from space 26624K, 99% used [0x00000000dca80000,0x00000000de47e748,0x00000000de480000)
  to   space 31744K, 0% used [0x00000000dab80000,0x00000000dab80000,0x00000000dca80000)
 ParOldGen       total 120832K, used 35447K [0x0000000081600000, 0x0000000088c00000, 0x00000000d5d00000)
  object space 120832K, 29% used [0x0000000081600000,0x000000008389dc20,0x0000000088c00000)
 Metaspace       used 57986K, capacity 58994K, committed 59096K, reserved 1101824K
  class space    used 7017K, capacity 7291K, committed 7296K, reserved 1048576K
}
Event: 17.855 GC heap before
{Heap before GC invocations=13 (full 3):
 PSYoungGen      total 107008K, used 26617K [0x00000000d5d00000, 0x00000000df200000, 0x0000000100000000)
  eden space 80384K, 0% used [0x00000000d5d00000,0x00000000d5d00000,0x00000000dab80000)
  from space 26624K, 99% used [0x00000000dca80000,0x00000000de47e748,0x00000000de480000)
  to   space 31744K, 0% used [0x00000000dab80000,0x00000000dab80000,0x00000000dca80000)
 ParOldGen       total 120832K, used 35447K [0x0000000081600000, 0x0000000088c00000, 0x00000000d5d00000)
  object space 120832K, 29% used [0x0000000081600000,0x000000008389dc20,0x0000000088c00000)
 Metaspace       used 57986K, capacity 58994K, committed 59096K, reserved 1101824K
  class space    used 7017K, capacity 7291K, committed 7296K, reserved 1048576K
Event: 19.499 GC heap after
Heap after GC invocations=13 (full 3):
 PSYoungGen      total 107008K, used 0K [0x00000000d5d00000, 0x00000000df200000, 0x0000000100000000)
  eden space 80384K, 0% used [0x00000000d5d00000,0x00000000d5d00000,0x00000000dab80000)
  from space 26624K, 0% used [0x00000000dca80000,0x00000000dca80000,0x00000000de480000)
  to   space 31744K, 0% used [0x00000000dab80000,0x00000000dab80000,0x00000000dca80000)
 ParOldGen       total 205312K, used 55550K [0x0000000081600000, 0x000000008de80000, 0x00000000d5d00000)
  object space 205312K, 27% used [0x0000000081600000,0x0000000084c3fb68,0x000000008de80000)
 Metaspace       used 57986K, capacity 58994K, committed 59096K, reserved 1101824K
  class space    used 7017K, capacity 7291K, committed 7296K, reserved 1048576K
}

Deoptimization events (10 events):
Event: 20.661 Thread 0x0000000002b26000 Uncommon trap: reason=bimorphic action=maybe_recompile pc=0x0000000004727978 method=org.jetbrains.org.objectweb.asm.tree.analysis.Frame.execute(Lorg/jetbrains/org/objectweb/asm/tree/AbstractInsnNode;Lorg/jetbrains/org/objectweb/asm/tree/analysis/Interpret
Event: 20.661 Thread 0x0000000002b26000 Uncommon trap: reason=bimorphic action=maybe_recompile pc=0x0000000004727bd0 method=org.jetbrains.org.objectweb.asm.tree.analysis.Frame.execute(Lorg/jetbrains/org/objectweb/asm/tree/AbstractInsnNode;Lorg/jetbrains/org/objectweb/asm/tree/analysis/Interpret
Event: 20.829 Thread 0x0000000002b26000 Uncommon trap: reason=class_check action=maybe_recompile pc=0x000000000420bcb4 method=org.jetbrains.org.objectweb.asm.ClassReader.accept(Lorg/jetbrains/org/objectweb/asm/ClassVisitor;[Lorg/jetbrains/org/objectweb/asm/Attribute;I)V @ 628
Event: 20.855 Thread 0x0000000002b26000 Uncommon trap: reason=bimorphic action=maybe_recompile pc=0x000000000476d268 method=org.jetbrains.org.objectweb.asm.tree.analysis.Frame.execute(Lorg/jetbrains/org/objectweb/asm/tree/AbstractInsnNode;Lorg/jetbrains/org/objectweb/asm/tree/analysis/Interpret
Event: 20.856 Thread 0x0000000002b26000 Uncommon trap: reason=class_check action=maybe_recompile pc=0x000000000476d298 method=org.jetbrains.org.objectweb.asm.tree.analysis.Frame.execute(Lorg/jetbrains/org/objectweb/asm/tree/AbstractInsnNode;Lorg/jetbrains/org/objectweb/asm/tree/analysis/Interpr
Event: 20.856 Thread 0x0000000002b26000 Uncommon trap: reason=bimorphic action=maybe_recompile pc=0x000000000476d268 method=org.jetbrains.org.objectweb.asm.tree.analysis.Frame.execute(Lorg/jetbrains/org/objectweb/asm/tree/AbstractInsnNode;Lorg/jetbrains/org/objectweb/asm/tree/analysis/Interpret
Event: 21.072 Thread 0x0000000002b26000 Uncommon trap: reason=class_check action=maybe_recompile pc=0x0000000003542c44 method=org.jetbrains.kotlin.resolve.OverridingUtil.collectOverriddenDeclarations(Lorg/jetbrains/kotlin/descriptors/CallableMemberDescriptor;Ljava/util/Set;)V @ 47
Event: 21.072 Thread 0x0000000002b26000 Uncommon trap: reason=class_check action=maybe_recompile pc=0x0000000003542c44 method=org.jetbrains.kotlin.resolve.OverridingUtil.collectOverriddenDeclarations(Lorg/jetbrains/kotlin/descriptors/CallableMemberDescriptor;Ljava/util/Set;)V @ 47
Event: 21.072 Thread 0x0000000002b26000 Uncommon trap: reason=class_check action=maybe_recompile pc=0x0000000003542c44 method=org.jetbrains.kotlin.resolve.OverridingUtil.collectOverriddenDeclarations(Lorg/jetbrains/kotlin/descriptors/CallableMemberDescriptor;Ljava/util/Set;)V @ 47
Event: 21.074 Thread 0x0000000002b26000 Uncommon trap: reason=class_check action=maybe_recompile pc=0x0000000003542c44 method=org.jetbrains.kotlin.resolve.OverridingUtil.collectOverriddenDeclarations(Lorg/jetbrains/kotlin/descriptors/CallableMemberDescriptor;Ljava/util/Set;)V @ 47

Classes redefined (0 events):
No events

Internal exceptions (10 events):
Event: 12.730 Thread 0x0000000002b26000 Implicit null exception at 0x0000000002edbe56 to 0x0000000002edc1f1
Event: 12.777 Thread 0x0000000002b26000 Implicit null exception at 0x0000000002e2a359 to 0x0000000002e2a725
Event: 13.864 Thread 0x0000000002b26000 Implicit null exception at 0x0000000004363e10 to 0x0000000004363e3d
Event: 14.772 Thread 0x0000000002b26000 Implicit null exception at 0x0000000002e67fd5 to 0x0000000002e681c1
Event: 14.780 Thread 0x0000000002b26000 Implicit null exception at 0x000000000320504c to 0x00000000032050a6
Event: 15.887 Thread 0x0000000002b26000 Implicit null exception at 0x0000000003c1d654 to 0x0000000003c1d82c
Event: 16.047 Thread 0x0000000002b26000 Exception <a 'java/lang/NoSuchMethodError': java.lang.Object.lambda$static$0(Ljava/lang/Throwable;Ljava/lang/String;)V> (0x00000000d91fe768) thrown at [D:\src\AOSP-openjdk-cygwin\jdk8u\hotspot\src\share\vm\interpreter\linkResolver.cpp, line 620]
Event: 16.954 Thread 0x0000000002b26000 Exception <a 'java/lang/NoSuchMethodError': java.lang.Object.lambda$static$0(Lorg/jetbrains/kotlin/descriptors/ValueParameterDescriptor;Lorg/jetbrains/kotlin/codegen/ExpressionCodegen;)Lorg/jetbrains/kotlin/codegen/StackValue;> (0x00000000d9bc3578) thrown
Event: 20.081 Thread 0x0000000002b26000 Exception <a 'java/lang/NoSuchMethodError': java.lang.Object.lambda$static$0(Ljava/lang/String;)Z> (0x00000000d61e1900) thrown at [D:\src\AOSP-openjdk-cygwin\jdk8u\hotspot\src\share\vm\interpreter\linkResolver.cpp, line 620]
Event: 20.081 Thread 0x0000000002b26000 Exception <a 'java/lang/NoSuchMethodError': java.lang.Object.lambda$static$1(Ljava/lang/String;)Z> (0x00000000d61e41b0) thrown at [D:\src\AOSP-openjdk-cygwin\jdk8u\hotspot\src\share\vm\interpreter\linkResolver.cpp, line 620]

Events (10 events):
Event: 21.122 loading class org/jetbrains/kotlin/android/synthetic/codegen/CacheMechanism$Companion$WhenMappings
Event: 21.122 loading class org/jetbrains/kotlin/android/synthetic/codegen/CacheMechanism$Companion$WhenMappings done
Event: 21.122 loading class org/jetbrains/kotlin/android/synthetic/codegen/HashMapCacheMechanism
Event: 21.122 loading class org/jetbrains/kotlin/android/synthetic/codegen/HashMapCacheMechanism done
Event: 21.122 loading class org/jetbrains/kotlin/android/synthetic/codegen/AbstractAndroidExtensionsExpressionCodegenExtension$generateCachedFindViewByIdFunction$1
Event: 21.122 loading class org/jetbrains/kotlin/android/synthetic/codegen/AbstractAndroidExtensionsExpressionCodegenExtension$generateCachedFindViewByIdFunction$1 done
Event: 21.123 loading class org/jetbrains/kotlin/android/synthetic/codegen/AbstractAndroidExtensionsExpressionCodegenExtension$WhenMappings
Event: 21.123 loading class org/jetbrains/kotlin/android/synthetic/codegen/AbstractAndroidExtensionsExpressionCodegenExtension$WhenMappings done
Event: 21.123 loading class org/jetbrains/kotlin/android/synthetic/codegen/AbstractAndroidExtensionsExpressionCodegenExtension$generateCachedFindViewByIdFunction$2
Event: 21.123 loading class org/jetbrains/kotlin/android/synthetic/codegen/AbstractAndroidExtensionsExpressionCodegenExtension$generateCachedFindViewByIdFunction$2 done


Dynamic libraries:
0x00007ff6207b0000 - 0x00007ff6207e1000 	C:\Program Files\Android\Android Studio\jre\jre\bin\java.exe
0x00007ffd6dc60000 - 0x00007ffd6de4d000 	C:\Windows\SYSTEM32\ntdll.dll
0x00007ffd6dba0000 - 0x00007ffd6dc53000 	C:\Windows\System32\KERNEL32.DLL
0x00007ffd69e50000 - 0x00007ffd6a0e3000 	C:\Windows\System32\KERNELBASE.dll
0x00007ffd6d5c0000 - 0x00007ffd6d663000 	C:\Windows\System32\ADVAPI32.dll
0x00007ffd6b670000 - 0x00007ffd6b70e000 	C:\Windows\System32\msvcrt.dll
0x00007ffd6d680000 - 0x00007ffd6d71e000 	C:\Windows\System32\sechost.dll
0x00007ffd6aeb0000 - 0x00007ffd6afd2000 	C:\Windows\System32\RPCRT4.dll
0x00007ffd6ce50000 - 0x00007ffd6cfe7000 	C:\Windows\System32\USER32.dll
0x00007ffd6ace0000 - 0x00007ffd6ad00000 	C:\Windows\System32\win32u.dll
0x00007ffd6d190000 - 0x00007ffd6d1b9000 	C:\Windows\System32\GDI32.dll
0x00007ffd6a8e0000 - 0x00007ffd6aa79000 	C:\Windows\System32\gdi32full.dll
0x00007ffd6a840000 - 0x00007ffd6a8e0000 	C:\Windows\System32\msvcp_win.dll
0x00007ffd6ad00000 - 0x00007ffd6adfa000 	C:\Windows\System32\ucrtbase.dll
0x00007ffd59ef0000 - 0x00007ffd5a169000 	C:\Windows\WinSxS\amd64_microsoft.windows.common-controls_6595b64144ccf1df_6.0.17763.719_none_05b84458071c8757\COMCTL32.dll
0x00007ffd6b2e0000 - 0x00007ffd6b60c000 	C:\Windows\System32\combase.dll
0x00007ffd6aa80000 - 0x00007ffd6aafe000 	C:\Windows\System32\bcryptPrimitives.dll
0x00007ffd6ce20000 - 0x00007ffd6ce4e000 	C:\Windows\System32\IMM32.DLL
0x0000000077e40000 - 0x0000000077f12000 	C:\Program Files\Android\Android Studio\jre\jre\bin\msvcr100.dll
0x0000000077030000 - 0x0000000077876000 	C:\Program Files\Android\Android Studio\jre\jre\bin\server\jvm.dll
0x00007ffd6cc10000 - 0x00007ffd6cc18000 	C:\Windows\System32\PSAPI.DLL
0x00007ffd64f90000 - 0x00007ffd64f9a000 	C:\Windows\SYSTEM32\VERSION.dll
0x00007ffd65bc0000 - 0x00007ffd65bc9000 	C:\Windows\SYSTEM32\WSOCK32.dll
0x00007ffd64fe0000 - 0x00007ffd65004000 	C:\Windows\SYSTEM32\WINMM.dll
0x00007ffd6cff0000 - 0x00007ffd6d05d000 	C:\Windows\System32\WS2_32.dll
0x00007ffd64fb0000 - 0x00007ffd64fdd000 	C:\Windows\SYSTEM32\WINMMBASE.dll
0x00007ffd6ae60000 - 0x00007ffd6aeaa000 	C:\Windows\System32\cfgmgr32.dll
0x00007ffd65940000 - 0x00007ffd6594f000 	C:\Program Files\Android\Android Studio\jre\jre\bin\verify.dll
0x00007ffd65910000 - 0x00007ffd65939000 	C:\Program Files\Android\Android Studio\jre\jre\bin\java.dll
0x00007ffd5c4f0000 - 0x00007ffd5c506000 	C:\Program Files\Android\Android Studio\jre\jre\bin\zip.dll
0x00007ffd6b710000 - 0x00007ffd6cc02000 	C:\Windows\System32\SHELL32.dll
0x00007ffd6d060000 - 0x00007ffd6d108000 	C:\Windows\System32\shcore.dll
0x00007ffd6a0f0000 - 0x00007ffd6a83a000 	C:\Windows\System32\windows.storage.dll
0x00007ffd69d20000 - 0x00007ffd69d44000 	C:\Windows\System32\profapi.dll
0x00007ffd69ca0000 - 0x00007ffd69cfd000 	C:\Windows\System32\powrprof.dll
0x00007ffd6d1c0000 - 0x00007ffd6d212000 	C:\Windows\System32\shlwapi.dll
0x00007ffd69c80000 - 0x00007ffd69c91000 	C:\Windows\System32\kernel.appcore.dll
0x00007ffd69e30000 - 0x00007ffd69e47000 	C:\Windows\System32\cryptsp.dll
0x00007ffd583f0000 - 0x00007ffd5840a000 	C:\Program Files\Android\Android Studio\jre\jre\bin\net.dll
0x00007ffd694f0000 - 0x00007ffd69557000 	C:\Windows\system32\mswsock.dll
0x00007ffd57160000 - 0x00007ffd57171000 	C:\Program Files\Android\Android Studio\jre\jre\bin\nio.dll

VM Arguments:
java_command: org.jetbrains.kotlin.cli.jvm.K2JVMCompiler -Xallow-no-source-files -classpath C:\Users\nk\.gradle\caches\transforms-2\files-2.1\29b6c195b22b784f4fa37622c6bc1ae0\jetified-realm-android-library-5.13.0\jars\classes.jar;C:\Users\nk\.gradle\caches\transforms-2\files-2.1\aea7cf0568a5909e240934671a4821c7\realm-android-kotlin-extensions-5.13.0\jars\classes.jar;C:\Users\nk\.gradle\caches\modules-2\files-2.1\io.realm\realm-annotations\5.13.0\342d27c8a523ce5857bc0b0113d66c82a04580e2\realm-annotations-5.13.0.jar;C:\Users\nk\.gradle\caches\modules-2\files-2.1\com.google.code.findbugs\jsr305\3.0.2\25ea2e8b0c338a877313bd4672d3fe056ea78f0d\jsr305-3.0.2.jar;C:\Users\nk\.gradle\caches\transforms-2\files-2.1\f61ca5aa7b858d91c2fd152c30385e08\relinker-1.3.0\jars\classes.jar;C:\Users\nk\.gradle\caches\modules-2\files-2.1\org.jetbrains.kotlin\kotlin-stdlib-jdk7\1.3.41\a1f331124ba069a09e964ad2640c36f140f2c758\kotlin-stdlib-jdk7-1.3.41.jar;C:\Users\nk\.gradle\caches\modules-2\files-2.1\org.jetbrains.kotlin\kotlin-android-extensions-runtime\1.3.41\8d3d500e42bd74c17fa9586db8ca85c336979d02\kotlin-android-extensions-runtime-1.3.41.jar;C:\Users\nk\.gradle\caches\modules-2\files-2.1\com.squareup.okhttp3\okhttp\4.0.1\4e606430c80c69b744d19c6ca1b269b68e297040\okhttp-4.0.1.jar;C:\Users\nk\.gradle\caches\modules-2\files-2.1\org.jetbrains.kotlin\kotlin-stdlib\1.3.41\e24bd38de28a326cce8b1f0d61e809e9a92dad6a\kotlin-stdlib-1.3.41.jar;C:\Users\nk\.gradle\caches\modules-2\files-2.1\org.jetbrains.kotlin\kotlin-stdlib-common\1.3.41\2ecf4aa059427d7186312fd1736afedf7972e7f7\kotlin-stdlib-common-1.3.41.jar;C:\Users\nk\.gradle\caches\modules-2\files-2.1\org.jetbrains\annotations\13.0\919f0dfe192fb4e063e7dacadee7f8bb9a2672a9\annotations-13.0.jar;C:\Users\nk\.gradle\caches\transforms-2\files-2.1\a18d01e8bea5ea08ce626335c00ba5da\preference-1.1.0-rc01\jars\classes.jar;C:\Users\nk\.gradle\caches\transforms-2\files-2.1\4b8d5ba720a50d73beaaac551f1e8526\appcompat-1.1.0-rc01\jars\classes.jar;C:\Users\nk\.g
java_class_path (initial): C:\Users\nk\.gradle\caches\modules-2\files-2.1\org.jetbrains.kotlin\kotlin-compiler-embeddable\1.3.41\6b1d4385d65894e07a0d14a5949f5417a408f0b7\kotlin-compiler-embeddable-1.3.41.jar;C:\Users\nk\.gradle\caches\modules-2\files-2.1\org.jetbrains.kotlin\kotlin-reflect\1.3.41\8fb58b8954661de666e321478bf4178c18ce8018\kotlin-reflect-1.3.41.jar;C:\Users\nk\.gradle\caches\modules-2\files-2.1\org.jetbrains.kotlin\kotlin-stdlib\1.3.41\e24bd38de28a326cce8b1f0d61e809e9a92dad6a\kotlin-stdlib-1.3.41.jar;C:\Users\nk\.gradle\caches\modules-2\files-2.1\org.jetbrains.kotlin\kotlin-script-runtime\1.3.41\bcc3380041bbba171119c22d7024961b60da69e0\kotlin-script-runtime-1.3.41.jar;C:\Users\nk\.gradle\caches\modules-2\files-2.1\org.jetbrains.intellij.deps\trove4j\1.0.20181211\216c2e14b070f334479d800987affe4054cd563f\trove4j-1.0.20181211.jar;C:\Users\nk\.gradle\caches\modules-2\files-2.1\org.jetbrains.kotlin\kotlin-stdlib-common\1.3.41\2ecf4aa059427d7186312fd1736afedf7972e7f7\kotlin-stdlib-common-1.3.41.jar;C:\Users\nk\.gradle\caches\modules-2\files-2.1\org.jetbrains\annotations\13.0\919f0dfe192fb4e063e7dacadee7f8bb9a2672a9\annotations-13.0.jar;C:\Program Files\Android\Android Studio\jre\lib\tools.jar
Launcher Type: SUN_STANDARD

Environment Variables:
PATH=C:\Program Files (x86)\Intel\iCLS Client\;C:\Program Files\Intel\iCLS Client\;C:\Windows\system32;C:\Windows;C:\Windows\System32\Wbem;C:\Windows\System32\WindowsPowerShell\v1.0\;C:\Program Files (x86)\NVIDIA Corporation\PhysX\Common;C:\Program Files (x86)\Intel\Intel(R) Management Engine Components\DAL;C:\Program Files\Intel\Intel(R) Management Engine Components\DAL;C:\Program Files (x86)\Intel\Intel(R) Management Engine Components\IPT;C:\Program Files\Intel\Intel(R) Management Engine Components\IPT;C:\Program Files\Git\cmd;C:\Users\nk\AppData\Local\Programs\Python\Python37\Scripts\;C:\Users\nk\AppData\Local\Programs\Python\Python37\;C:\Users\nk\AppData\Local\Microsoft\WindowsApps;C:\Users\nk\AppData\Local\GitHubDesktop\bin;C:\Users\nk\AppData\Local\atom\bin
USERNAME=nk
OS=Windows_NT
PROCESSOR_IDENTIFIER=Intel64 Family 6 Model 78 Stepping 3, GenuineIntel



---------------  S Y S T E M  ---------------

OS: Windows 10.0 , 64 bit Build 17763 (10.0.17763.475)

CPU:total 4 (initial active 4) (2 cores per cpu, 2 threads per core) family 6 model 78 stepping 3, cmov, cx8, fxsr, mmx, sse, sse2, sse3, ssse3, sse4.1, sse4.2, popcnt, avx, avx2, aes, clmul, erms, 3dnowpref, lzcnt, ht, tsc, tscinvbit, bmi1, bmi2, adx

Memory: 4k page, physical 8292352k(1149820k free), swap 8292352k(6144k free)

vm_info: OpenJDK 64-Bit Server VM (25.202-b03) for windows-amd64 JRE (1.8.0_202-release-1483-b03), built by "builder" with MS VC++ 10.0 (VS2010)

time: Mon Sep 02 11:38:15 2019
timezone: RTZ 2 (зима)
elapsed time: 21 seconds (0d 0h 0m 21s)

