#
# There is insufficient memory for the Java Runtime Environment to continue.
# Native memory allocation (malloc) failed to allocate 1951168 bytes for Chunk::new
# Possible reasons:
#   The system is out of physical RAM or swap space
#   The process is running with CompressedOops enabled, and the Java Heap may be blocking the growth of the native heap
# Possible solutions:
#   Reduce memory load on the system
#   Increase physical memory or swap space
#   Check if swap backing store is full
#   Decrease Java heap size (-Xmx/-Xms)
#   Decrease number of Java threads
#   Decrease Java thread stack sizes (-Xss)
#   Set larger code cache with -XX:ReservedCodeCacheSize=
#   JVM is running with Unscaled Compressed Oops mode in which the Java heap is
#     placed in the first 4GB address space. The Java Heap base address is the
#     maximum limit for the native heap growth. Please use -XX:HeapBaseMinAddress
#     to set the Java Heap base and to place the Java Heap above 4GB virtual address.
# This output file may be truncated or incomplete.
#
#  Out of Memory Error (allocation.cpp:389), pid=2512, tid=0x0000000000001a64
#
# JRE version: OpenJDK Runtime Environment (8.0_202-b03) (build 1.8.0_202-release-1483-b03)
# Java VM: OpenJDK 64-Bit Server VM (25.202-b03 mixed mode windows-amd64 compressed oops)
# Failed to write core dump. Minidumps are not enabled by default on client versions of Windows
#

---------------  T H R E A D  ---------------

Current thread (0x0000000015ffb000):  JavaThread "C2 CompilerThread1" daemon [_thread_in_native, id=6756, stack(0x0000000017750000,0x0000000017850000)]

Stack: [0x0000000017750000,0x0000000017850000]
[error occurred during error reporting (printing stack bounds), id 0xc0000005]

Native frames: (J=compiled Java code, j=interpreted, Vv=VM code, C=native code)


Current CompileTask:
C2:  20610 5256   !   4       java.net.URLClassLoader$1::run (63 bytes)


---------------  P R O C E S S  ---------------

Java Threads: ( => current thread )
  0x000000001ef51000 JavaThread "Memory manager" [_thread_blocked, id=6176, stack(0x0000000021640000,0x0000000021740000)]
  0x000000001ef55800 JavaThread "Cache worker for Build Output Cleanup Cache (C:\Users\nk\Desktop\Schedule\.gradle\buildOutputCleanup)" [_thread_blocked, id=3700, stack(0x0000000020d40000,0x0000000020e40000)]
  0x000000001ef4c800 JavaThread "Build operations Thread 4" [_thread_blocked, id=2900, stack(0x00000000203f0000,0x00000000204f0000)]
  0x000000001ef4e800 JavaThread "Build operations Thread 3" [_thread_blocked, id=1880, stack(0x00000000202f0000,0x00000000203f0000)]
  0x000000001ef4e000 JavaThread "Build operations Thread 2" [_thread_blocked, id=3272, stack(0x00000000201f0000,0x00000000202f0000)]
  0x000000001ef4d000 JavaThread "Build operations" [_thread_blocked, id=2608, stack(0x00000000200f0000,0x00000000201f0000)]
  0x000000001ef53000 JavaThread "Cache worker for execution history cache (C:\Users\nk\.gradle\caches\5.4.1\executionHistory)" [_thread_blocked, id=3296, stack(0x000000001fff0000,0x00000000200f0000)]
  0x000000001ef52800 JavaThread "Cache worker for cache directory md-rule (C:\Users\nk\.gradle\caches\5.4.1\md-rule)" [_thread_blocked, id=2556, stack(0x000000001fef0000,0x000000001fff0000)]
  0x000000001ef51800 JavaThread "Cache worker for cache directory md-supplier (C:\Users\nk\.gradle\caches\5.4.1\md-supplier)" [_thread_blocked, id=3580, stack(0x000000001fdf0000,0x000000001fef0000)]
  0x00000000180a9800 JavaThread "Cache worker for file hash cache (C:\Users\nk\Desktop\Schedule\.gradle\5.4.1\fileHashes)" [_thread_blocked, id=6388, stack(0x000000001e120000,0x000000001e220000)]
  0x00000000180a7800 JavaThread "Cache worker for journal cache (C:\Users\nk\.gradle\caches\journal-1)" [_thread_blocked, id=3380, stack(0x000000001adb0000,0x000000001aeb0000)]
  0x00000000180a6800 JavaThread "File lock request listener" [_thread_in_native, id=6068, stack(0x000000001aab0000,0x000000001abb0000)]
  0x00000000180ab000 JavaThread "Cache worker for file hash cache (C:\Users\nk\.gradle\caches\5.4.1\fileHashes)" [_thread_blocked, id=1664, stack(0x000000001a9b0000,0x000000001aab0000)]
  0x0000000017cf2000 JavaThread "Thread-9" [_thread_blocked, id=2248, stack(0x000000001a8b0000,0x000000001a9b0000)]
  0x0000000017cf1000 JavaThread "Stdin handler" [_thread_blocked, id=4816, stack(0x000000001a7b0000,0x000000001a8b0000)]
  0x0000000017cf0000 JavaThread "Asynchronous log dispatcher for DefaultDaemonConnection: socket connection from /127.0.0.1:3887 to /127.0.0.1:3888" [_thread_blocked, id=4784, stack(0x000000001a6b0000,0x000000001a7b0000)]
  0x0000000017d01000 JavaThread "Daemon worker" [_thread_in_Java, id=2292, stack(0x000000001a5b0000,0x000000001a6b0000)]
  0x0000000017d00800 JavaThread "Cancel handler" [_thread_blocked, id=5912, stack(0x000000001a4b0000,0x000000001a5b0000)]
  0x0000000018579000 JavaThread "Handler for socket connection from /127.0.0.1:3887 to /127.0.0.1:3888" [_thread_in_native, id=844, stack(0x000000001a1b0000,0x000000001a2b0000)]
  0x0000000018574000 JavaThread "Daemon" [_thread_blocked, id=4696, stack(0x000000001a0b0000,0x000000001a1b0000)]
  0x0000000017a21000 JavaThread "Daemon periodic checks" [_thread_blocked, id=1044, stack(0x0000000019fb0000,0x000000001a0b0000)]
  0x00000000180f4800 JavaThread "Incoming local TCP Connector on port 3887" [_thread_in_native, id=4868, stack(0x0000000019d60000,0x0000000019e60000)]
  0x0000000019229000 JavaThread "Daemon health stats" [_thread_blocked, id=6772, stack(0x0000000019720000,0x0000000019820000)]
  0x000000001604d000 JavaThread "Service Thread" daemon [_thread_blocked, id=3368, stack(0x0000000017d50000,0x0000000017e50000)]
  0x0000000015ffe000 JavaThread "C1 CompilerThread2" daemon [_thread_in_vm, id=1632, stack(0x0000000017850000,0x0000000017950000)]
=>0x0000000015ffb000 JavaThread "C2 CompilerThread1" daemon [_thread_in_native, id=6756, stack(0x0000000017750000,0x0000000017850000)]
  0x0000000015ff4000 JavaThread "C2 CompilerThread0" daemon [_thread_in_native, id=6980, stack(0x0000000017650000,0x0000000017750000)]
  0x0000000015ff1800 JavaThread "Attach Listener" daemon [_thread_blocked, id=6976, stack(0x0000000017550000,0x0000000017650000)]
  0x0000000015ff7800 JavaThread "Signal Dispatcher" daemon [_thread_blocked, id=2552, stack(0x0000000017450000,0x0000000017550000)]
  0x0000000002675800 JavaThread "Finalizer" daemon [_thread_blocked, id=312, stack(0x0000000017250000,0x0000000017350000)]
  0x0000000015fd9000 JavaThread "Reference Handler" daemon [_thread_blocked, id=1444, stack(0x0000000017150000,0x0000000017250000)]
  0x000000000242e000 JavaThread "main" [_thread_blocked, id=1300, stack(0x0000000002480000,0x0000000002580000)]

Other Threads:
  0x0000000015fb6000 VMThread [stack: 0x0000000017050000,0x0000000017150000] [id=3624]
  0x000000001604e000 WatcherThread [stack: 0x0000000017e50000,0x0000000017f50000] [id=3232]

VM state:not at safepoint (normal execution)

VM Mutex/Monitor currently owned by a thread:  ([mutex/lock_event])
[0x00000000025817d0] Compile_lock - owner thread: 0x0000000015ffe000

heap address: 0x00000000a0000000, size: 1536 MB, Compressed Oops mode: 32-bit
Narrow klass base: 0x0000000000000000, Narrow klass shift: 3
Compressed class space size: 1073741824 Address: 0x0000000100000000

Heap:
 PSYoungGen      total 158208K, used 48359K [0x00000000e0000000, 0x00000000ecb00000, 0x0000000100000000)
  eden space 144384K, 23% used [0x00000000e0000000,0x00000000e21be130,0x00000000e8d00000)
  from space 13824K, 99% used [0x00000000e8d00000,0x00000000e9a7bc50,0x00000000e9a80000)
  to   space 17920K, 0% used [0x00000000eb980000,0x00000000eb980000,0x00000000ecb00000)
 ParOldGen       total 90624K, used 26424K [0x00000000a0000000, 0x00000000a5880000, 0x00000000e0000000)
  object space 90624K, 29% used [0x00000000a0000000,0x00000000a19ce180,0x00000000a5880000)
 Metaspace       used 57133K, capacity 58688K, committed 58880K, reserved 1099776K
  class space    used 7724K, capacity 8110K, committed 8192K, reserved 1048576K

Card table byte_map: [0x0000000011a40000,0x0000000011d50000] byte_map_base: 0x0000000011540000

Marking Bits: (ParMarkBitMap*) 0x0000000066309f30
 Begin Bits: [0x0000000012350000, 0x0000000013b50000)
 End Bits:   [0x0000000013b50000, 0x0000000015350000)

Polling page: 0x0000000000710000

CodeCache: size=245760Kb used=15635Kb max_used=16208Kb free=230124Kb
 bounds [0x0000000002680000, 0x0000000003670000, 0x0000000011680000]
 total_blobs=5446 nmethods=4664 adapters=694
 compilation: enabled

Compilation events (10 events):
Event: 20.600 Thread 0x0000000015ffe000 5277       3       java.util.concurrent.locks.AbstractQueuedSynchronizer::acquire (27 bytes)
Event: 20.601 Thread 0x0000000015ffe000 nmethod 5277 0x0000000002c30010 code [0x0000000002c301c0, 0x0000000002c30678]
Event: 20.605 Thread 0x0000000015ffe000 5278       3       java.lang.reflect.Field::getAnnotation (23 bytes)
Event: 20.606 Thread 0x0000000015ffe000 nmethod 5278 0x0000000002c22c90 code [0x0000000002c22e60, 0x0000000002c23608]
Event: 20.606 Thread 0x0000000015ffe000 5279       3       java.lang.reflect.AccessibleObject::getAnnotations (5 bytes)
Event: 20.607 Thread 0x0000000015ffe000 nmethod 5279 0x0000000002c22890 code [0x0000000002c22a00, 0x0000000002c22c08]
Event: 20.607 Thread 0x0000000015ffe000 5280   !   3       com.sun.xml.bind.v2.model.annotation.LocatableAnnotation::create (108 bytes)
Event: 20.609 Thread 0x0000000015ffe000 nmethod 5280 0x0000000002dfd150 code [0x0000000002dfd440, 0x0000000002dfed08]
Event: 20.609 Thread 0x0000000015ffe000 5281       3       java.util.Collections$EmptyMap::entrySet (4 bytes)
Event: 20.609 Thread 0x0000000015ffe000 nmethod 5281 0x00000000027823d0 code [0x0000000002782540, 0x00000000027826f0]

GC Heap History (10 events):
Event: 11.406 GC heap before
{Heap before GC invocations=9 (full 1):
 PSYoungGen      total 76800K, used 74657K [0x00000000e0000000, 0x00000000e7d80000, 0x0000000100000000)
  eden space 66560K, 100% used [0x00000000e0000000,0x00000000e4100000,0x00000000e4100000)
  from space 10240K, 79% used [0x00000000e4100000,0x00000000e48e8508,0x00000000e4b00000)
  to   space 10752K, 0% used [0x00000000e7300000,0x00000000e7300000,0x00000000e7d80000)
 ParOldGen       total 61440K, used 10754K [0x00000000a0000000, 0x00000000a3c00000, 0x00000000e0000000)
  object space 61440K, 17% used [0x00000000a0000000,0x00000000a0a80aa8,0x00000000a3c00000)
 Metaspace       used 32266K, capacity 32930K, committed 33152K, reserved 1077248K
  class space    used 4448K, capacity 4624K, committed 4736K, reserved 1048576K
Event: 11.481 GC heap after
Heap after GC invocations=9 (full 1):
 PSYoungGen      total 117248K, used 9010K [0x00000000e0000000, 0x00000000e8280000, 0x0000000100000000)
  eden space 106496K, 0% used [0x00000000e0000000,0x00000000e0000000,0x00000000e6800000)
  from space 10752K, 83% used [0x00000000e7300000,0x00000000e7bcc908,0x00000000e7d80000)
  to   space 11264K, 0% used [0x00000000e6800000,0x00000000e6800000,0x00000000e7300000)
 ParOldGen       total 61440K, used 10754K [0x00000000a0000000, 0x00000000a3c00000, 0x00000000e0000000)
  object space 61440K, 17% used [0x00000000a0000000,0x00000000a0a80aa8,0x00000000a3c00000)
 Metaspace       used 32266K, capacity 32930K, committed 33152K, reserved 1077248K
  class space    used 4448K, capacity 4624K, committed 4736K, reserved 1048576K
}
Event: 12.998 GC heap before
{Heap before GC invocations=10 (full 1):
 PSYoungGen      total 117248K, used 58874K [0x00000000e0000000, 0x00000000e8280000, 0x0000000100000000)
  eden space 106496K, 46% used [0x00000000e0000000,0x00000000e30b1f98,0x00000000e6800000)
  from space 10752K, 83% used [0x00000000e7300000,0x00000000e7bcc908,0x00000000e7d80000)
  to   space 11264K, 0% used [0x00000000e6800000,0x00000000e6800000,0x00000000e7300000)
 ParOldGen       total 61440K, used 10754K [0x00000000a0000000, 0x00000000a3c00000, 0x00000000e0000000)
  object space 61440K, 17% used [0x00000000a0000000,0x00000000a0a80aa8,0x00000000a3c00000)
 Metaspace       used 34673K, capacity 35384K, committed 35456K, reserved 1079296K
  class space    used 4768K, capacity 4953K, committed 4992K, reserved 1048576K
Event: 13.024 GC heap after
Heap after GC invocations=10 (full 1):
 PSYoungGen      total 117760K, used 10322K [0x00000000e0000000, 0x00000000ea800000, 0x0000000100000000)
  eden space 106496K, 0% used [0x00000000e0000000,0x00000000e0000000,0x00000000e6800000)
  from space 11264K, 91% used [0x00000000e6800000,0x00000000e7214868,0x00000000e7300000)
  to   space 11776K, 0% used [0x00000000e9c80000,0x00000000e9c80000,0x00000000ea800000)
 ParOldGen       total 61440K, used 10762K [0x00000000a0000000, 0x00000000a3c00000, 0x00000000e0000000)
  object space 61440K, 17% used [0x00000000a0000000,0x00000000a0a82aa8,0x00000000a3c00000)
 Metaspace       used 34673K, capacity 35384K, committed 35456K, reserved 1079296K
  class space    used 4768K, capacity 4953K, committed 4992K, reserved 1048576K
}
Event: 13.024 GC heap before
{Heap before GC invocations=11 (full 2):
 PSYoungGen      total 117760K, used 10322K [0x00000000e0000000, 0x00000000ea800000, 0x0000000100000000)
  eden space 106496K, 0% used [0x00000000e0000000,0x00000000e0000000,0x00000000e6800000)
  from space 11264K, 91% used [0x00000000e6800000,0x00000000e7214868,0x00000000e7300000)
  to   space 11776K, 0% used [0x00000000e9c80000,0x00000000e9c80000,0x00000000ea800000)
 ParOldGen       total 61440K, used 10762K [0x00000000a0000000, 0x00000000a3c00000, 0x00000000e0000000)
  object space 61440K, 17% used [0x00000000a0000000,0x00000000a0a82aa8,0x00000000a3c00000)
 Metaspace       used 34673K, capacity 35384K, committed 35456K, reserved 1079296K
  class space    used 4768K, capacity 4953K, committed 4992K, reserved 1048576K
Event: 13.196 GC heap after
Heap after GC invocations=11 (full 2):
 PSYoungGen      total 117760K, used 0K [0x00000000e0000000, 0x00000000ea800000, 0x0000000100000000)
  eden space 106496K, 0% used [0x00000000e0000000,0x00000000e0000000,0x00000000e6800000)
  from space 11264K, 0% used [0x00000000e6800000,0x00000000e6800000,0x00000000e7300000)
  to   space 11776K, 0% used [0x00000000e9c80000,0x00000000e9c80000,0x00000000ea800000)
 ParOldGen       total 90624K, used 17156K [0x00000000a0000000, 0x00000000a5880000, 0x00000000e0000000)
  object space 90624K, 18% used [0x00000000a0000000,0x00000000a10c10c0,0x00000000a5880000)
 Metaspace       used 34667K, capacity 35360K, committed 35456K, reserved 1079296K
  class space    used 4766K, capacity 4949K, committed 4992K, reserved 1048576K
}
Event: 15.887 GC heap before
{Heap before GC invocations=12 (full 2):
 PSYoungGen      total 117760K, used 106496K [0x00000000e0000000, 0x00000000ea800000, 0x0000000100000000)
  eden space 106496K, 100% used [0x00000000e0000000,0x00000000e6800000,0x00000000e6800000)
  from space 11264K, 0% used [0x00000000e6800000,0x00000000e6800000,0x00000000e7300000)
  to   space 11776K, 0% used [0x00000000e9c80000,0x00000000e9c80000,0x00000000ea800000)
 ParOldGen       total 90624K, used 17156K [0x00000000a0000000, 0x00000000a5880000, 0x00000000e0000000)
  object space 90624K, 18% used [0x00000000a0000000,0x00000000a10c10c0,0x00000000a5880000)
 Metaspace       used 45366K, capacity 46282K, committed 46592K, reserved 1089536K
  class space    used 6092K, capacity 6345K, committed 6400K, reserved 1048576K
Event: 15.913 GC heap after
Heap after GC invocations=12 (full 2):
 PSYoungGen      total 147456K, used 11764K [0x00000000e0000000, 0x00000000ea800000, 0x0000000100000000)
  eden space 135680K, 0% used [0x00000000e0000000,0x00000000e0000000,0x00000000e8480000)
  from space 11776K, 99% used [0x00000000e9c80000,0x00000000ea7fd3c0,0x00000000ea800000)
  to   space 13824K, 0% used [0x00000000e8d00000,0x00000000e8d00000,0x00000000e9a80000)
 ParOldGen       total 90624K, used 19323K [0x00000000a0000000, 0x00000000a5880000, 0x00000000e0000000)
  object space 90624K, 21% used [0x00000000a0000000,0x00000000a12def50,0x00000000a5880000)
 Metaspace       used 45366K, capacity 46282K, committed 46592K, reserved 1089536K
  class space    used 6092K, capacity 6345K, committed 6400K, reserved 1048576K
}
Event: 19.496 GC heap before
{Heap before GC invocations=13 (full 2):
 PSYoungGen      total 147456K, used 147444K [0x00000000e0000000, 0x00000000ea800000, 0x0000000100000000)
  eden space 135680K, 100% used [0x00000000e0000000,0x00000000e8480000,0x00000000e8480000)
  from space 11776K, 99% used [0x00000000e9c80000,0x00000000ea7fd3c0,0x00000000ea800000)
  to   space 13824K, 0% used [0x00000000e8d00000,0x00000000e8d00000,0x00000000e9a80000)
 ParOldGen       total 90624K, used 19323K [0x00000000a0000000, 0x00000000a5880000, 0x00000000e0000000)
  object space 90624K, 21% used [0x00000000a0000000,0x00000000a12def50,0x00000000a5880000)
 Metaspace       used 54112K, capacity 55656K, committed 55936K, reserved 1097728K
  class space    used 7311K, capacity 7722K, committed 7808K, reserved 1048576K
Event: 19.552 GC heap after
Heap after GC invocations=13 (full 2):
 PSYoungGen      total 158208K, used 13807K [0x00000000e0000000, 0x00000000ecb00000, 0x0000000100000000)
  eden space 144384K, 0% used [0x00000000e0000000,0x00000000e0000000,0x00000000e8d00000)
  from space 13824K, 99% used [0x00000000e8d00000,0x00000000e9a7bc50,0x00000000e9a80000)
  to   space 17920K, 0% used [0x00000000eb980000,0x00000000eb980000,0x00000000ecb00000)
 ParOldGen       total 90624K, used 26424K [0x00000000a0000000, 0x00000000a5880000, 0x00000000e0000000)
  object space 90624K, 29% used [0x00000000a0000000,0x00000000a19ce180,0x00000000a5880000)
 Metaspace       used 54112K, capacity 55656K, committed 55936K, reserved 1097728K
  class space    used 7311K, capacity 7722K, committed 7808K, reserved 1048576K
}

Deoptimization events (10 events):
Event: 19.287 Thread 0x0000000017d01000 Uncommon trap: reason=bimorphic action=maybe_recompile pc=0x0000000002b766dc method=java.util.regex.Pattern$Slice.match(Ljava/util/regex/Matcher;ILjava/lang/CharSequence;)Z @ 75
Event: 19.296 Thread 0x0000000017d01000 Uncommon trap: reason=bimorphic action=maybe_recompile pc=0x0000000002b766dc method=java.util.regex.Pattern$Slice.match(Ljava/util/regex/Matcher;ILjava/lang/CharSequence;)Z @ 75
Event: 19.318 Thread 0x0000000017d01000 Uncommon trap: reason=bimorphic action=maybe_recompile pc=0x0000000002b766dc method=java.util.regex.Pattern$Slice.match(Ljava/util/regex/Matcher;ILjava/lang/CharSequence;)Z @ 75
Event: 19.325 Thread 0x0000000017d01000 Uncommon trap: reason=bimorphic action=maybe_recompile pc=0x0000000002b6fe84 method=java.util.regex.Pattern$Slice.match(Ljava/util/regex/Matcher;ILjava/lang/CharSequence;)Z @ 75
Event: 19.783 Thread 0x0000000017d01000 Uncommon trap: reason=unstable_if action=reinterpret pc=0x00000000028c7a40 method=com.sun.org.apache.xerces.internal.util.SymbolTable.addSymbol([CII)Ljava/lang/String; @ 38
Event: 19.911 Thread 0x0000000017d01000 Uncommon trap: reason=unstable_if action=reinterpret pc=0x00000000029490a4 method=com.sun.org.apache.xerces.internal.util.SymbolTable.addSymbol([CII)Ljava/lang/String; @ 38
Event: 20.016 Thread 0x0000000017d01000 Uncommon trap: reason=bimorphic action=maybe_recompile pc=0x00000000027a2140 method=java.util.regex.Pattern$5.isSatisfiedBy(I)Z @ 16
Event: 20.016 Thread 0x0000000017d01000 Uncommon trap: reason=bimorphic action=maybe_recompile pc=0x00000000027a2140 method=java.util.regex.Pattern$5.isSatisfiedBy(I)Z @ 16
Event: 20.016 Thread 0x0000000017d01000 Uncommon trap: reason=bimorphic action=maybe_recompile pc=0x00000000027a2140 method=java.util.regex.Pattern$5.isSatisfiedBy(I)Z @ 16
Event: 20.016 Thread 0x0000000017d01000 Uncommon trap: reason=bimorphic action=maybe_recompile pc=0x00000000027a2140 method=java.util.regex.Pattern$5.isSatisfiedBy(I)Z @ 16

Classes redefined (0 events):
No events

Internal exceptions (10 events):
Event: 17.481 Thread 0x0000000017d01000 Exception <a 'java/lang/NoSuchMethodError': java.lang.Object.lambda$thenComparing$36697e65$1(Ljava/util/Comparator;Ljava/lang/Object;Ljava/lang/Object;)I> (0x00000000e3e27098) thrown at [D:\src\AOSP-openjdk-cygwin\jdk8u\hotspot\src\share\vm\interpreter\li
Event: 17.484 Thread 0x0000000017d01000 Exception <a 'java/lang/NoSuchMethodError': java.lang.Object.lambda$comparing$ea9a8b3a$1(Ljava/util/Comparator;Ljava/util/function/Function;Ljava/lang/Object;Ljava/lang/Object;)I> (0x00000000e3e34b48) thrown at [D:\src\AOSP-openjdk-cygwin\jdk8u\hotspot\sr
Event: 18.877 Thread 0x0000000017d01000 Exception <a 'java/lang/ClassNotFoundException': com/android/build/gradle/internal/api/ApkVariantOutputImpl_DecoratedBeanInfo> (0x00000000e72e5350) thrown at [D:\src\AOSP-openjdk-cygwin\jdk8u\hotspot\src\share\vm\classfile\systemDictionary.cpp, line 210]
Event: 18.878 Thread 0x0000000017d01000 Exception <a 'java/lang/ClassNotFoundException': com/android/build/gradle/internal/api/ApkVariantOutputImplBeanInfo> (0x00000000e73028f8) thrown at [D:\src\AOSP-openjdk-cygwin\jdk8u\hotspot\src\share\vm\classfile\systemDictionary.cpp, line 210]
Event: 18.878 Thread 0x0000000017d01000 Exception <a 'java/lang/ClassNotFoundException': com/android/build/gradle/internal/api/BaseVariantOutputImplBeanInfo> (0x00000000e73210f0) thrown at [D:\src\AOSP-openjdk-cygwin\jdk8u\hotspot\src\share\vm\classfile\systemDictionary.cpp, line 210]
Event: 18.879 Thread 0x0000000017d01000 Exception <a 'java/lang/ClassNotFoundException': com/android/build/gradle/internal/api/BaseVariantOutputImplCustomizer> (0x00000000e733fe60) thrown at [D:\src\AOSP-openjdk-cygwin\jdk8u\hotspot\src\share\vm\classfile\systemDictionary.cpp, line 210]
Event: 18.881 Thread 0x0000000017d01000 Exception <a 'java/lang/ClassNotFoundException': com/android/build/gradle/internal/api/ApkVariantOutputImplCustomizer> (0x00000000e73791e8) thrown at [D:\src\AOSP-openjdk-cygwin\jdk8u\hotspot\src\share\vm\classfile\systemDictionary.cpp, line 210]
Event: 18.882 Thread 0x0000000017d01000 Exception <a 'java/lang/ClassNotFoundException': com/android/build/gradle/internal/api/ApkVariantOutputImpl_DecoratedCustomizer> (0x00000000e73ad3f0) thrown at [D:\src\AOSP-openjdk-cygwin\jdk8u\hotspot\src\share\vm\classfile\systemDictionary.cpp, line 210
Event: 20.184 Thread 0x0000000017d01000 Exception <a 'java/lang/ClassNotFoundException': com/sun/org/glassfish/hk2/osgiresourcelocator/ServiceLoader> (0x00000000e0e2c360) thrown at [D:\src\AOSP-openjdk-cygwin\jdk8u\hotspot\src\share\vm\classfile\systemDictionary.cpp, line 210]
Event: 20.311 Thread 0x0000000017d01000 Exception <a 'java/lang/NullPointerException'> (0x00000000e1425fc8) thrown at [D:\src\AOSP-openjdk-cygwin\jdk8u\hotspot\src\share\vm\interpreter\linkResolver.cpp, line 1287]

Events (10 events):
Event: 20.581 loading class com/sun/xml/bind/v2/runtime/reflect/Utils$1
Event: 20.581 loading class com/sun/xml/bind/v2/runtime/reflect/Utils$1 done
Event: 20.582 loading class javax/xml/bind/annotation/adapters/CollapsedStringAdapter
Event: 20.583 loading class javax/xml/bind/annotation/adapters/CollapsedStringAdapter done
Event: 20.583 loading class javax/xml/bind/annotation/XmlSchemaType$DEFAULT
Event: 20.584 loading class javax/xml/bind/annotation/XmlSchemaType$DEFAULT done
Event: 20.586 loading class com/android/repository/io/FileOp
Event: 20.586 loading class com/android/repository/io/FileOp done
Event: 20.603 loading class com/android/repository/api/RepositorySource
Event: 20.603 loading class com/android/repository/api/RepositorySource done


Dynamic libraries:
0x00007ff718da0000 - 0x00007ff718dd1000 	C:\Program Files\Android\Android Studio\jre\bin\java.exe
0x00007ffcd83e0000 - 0x00007ffcd85cd000 	C:\Windows\SYSTEM32\ntdll.dll
0x00007ffcd77e0000 - 0x00007ffcd7893000 	C:\Windows\System32\KERNEL32.DLL
0x00007ffcd4ed0000 - 0x00007ffcd5163000 	C:\Windows\System32\KERNELBASE.dll
0x00007ffcd5910000 - 0x00007ffcd59b3000 	C:\Windows\System32\ADVAPI32.dll
0x00007ffcd7730000 - 0x00007ffcd77ce000 	C:\Windows\System32\msvcrt.dll
0x00007ffcd5800000 - 0x00007ffcd589e000 	C:\Windows\System32\sechost.dll
0x00007ffcd79e0000 - 0x00007ffcd7b02000 	C:\Windows\System32\RPCRT4.dll
0x00007ffcd5660000 - 0x00007ffcd57f7000 	C:\Windows\System32\USER32.dll
0x00007ffcd5170000 - 0x00007ffcd5190000 	C:\Windows\System32\win32u.dll
0x00007ffcd78a0000 - 0x00007ffcd78c9000 	C:\Windows\System32\GDI32.dll
0x00007ffcd45e0000 - 0x00007ffcd4779000 	C:\Windows\System32\gdi32full.dll
0x00007ffcd4520000 - 0x00007ffcd45c0000 	C:\Windows\System32\msvcp_win.dll
0x00007ffcd54d0000 - 0x00007ffcd55ca000 	C:\Windows\System32\ucrtbase.dll
0x00007ffcc4d30000 - 0x00007ffcc4fa9000 	C:\Windows\WinSxS\amd64_microsoft.windows.common-controls_6595b64144ccf1df_6.0.17763.719_none_05b84458071c8757\COMCTL32.dll
0x00007ffcd5a60000 - 0x00007ffcd5d8c000 	C:\Windows\System32\combase.dll
0x00007ffcd5190000 - 0x00007ffcd520e000 	C:\Windows\System32\bcryptPrimitives.dll
0x00007ffcd5630000 - 0x00007ffcd565e000 	C:\Windows\System32\IMM32.DLL
0x0000000065300000 - 0x00000000653d2000 	C:\Program Files\Android\Android Studio\jre\jre\bin\msvcr100.dll
0x0000000065b40000 - 0x0000000066386000 	C:\Program Files\Android\Android Studio\jre\jre\bin\server\jvm.dll
0x00007ffcd77d0000 - 0x00007ffcd77d8000 	C:\Windows\System32\PSAPI.DLL
0x00007ffcc8290000 - 0x00007ffcc8299000 	C:\Windows\SYSTEM32\WSOCK32.dll
0x00007ffcd7310000 - 0x00007ffcd737d000 	C:\Windows\System32\WS2_32.dll
0x00007ffcd0020000 - 0x00007ffcd0044000 	C:\Windows\SYSTEM32\WINMM.dll
0x00007ffcd0120000 - 0x00007ffcd012a000 	C:\Windows\SYSTEM32\VERSION.dll
0x00007ffccfff0000 - 0x00007ffcd001d000 	C:\Windows\SYSTEM32\WINMMBASE.dll
0x00007ffcd44d0000 - 0x00007ffcd451a000 	C:\Windows\System32\cfgmgr32.dll
0x00007ffcc3980000 - 0x00007ffcc398f000 	C:\Program Files\Android\Android Studio\jre\jre\bin\verify.dll
0x00007ffcc32f0000 - 0x00007ffcc3319000 	C:\Program Files\Android\Android Studio\jre\jre\bin\java.dll
0x00007ffcc34a0000 - 0x00007ffcc34b6000 	C:\Program Files\Android\Android Studio\jre\jre\bin\zip.dll
0x00007ffcd5d90000 - 0x00007ffcd7282000 	C:\Windows\System32\SHELL32.dll
0x00007ffcd8320000 - 0x00007ffcd83c8000 	C:\Windows\System32\shcore.dll
0x00007ffcd4780000 - 0x00007ffcd4eca000 	C:\Windows\System32\windows.storage.dll
0x00007ffcd4480000 - 0x00007ffcd44a4000 	C:\Windows\System32\profapi.dll
0x00007ffcd4420000 - 0x00007ffcd447d000 	C:\Windows\System32\powrprof.dll
0x00007ffcd58b0000 - 0x00007ffcd5902000 	C:\Windows\System32\shlwapi.dll
0x00007ffcd4400000 - 0x00007ffcd4411000 	C:\Windows\System32\kernel.appcore.dll
0x00007ffcd45c0000 - 0x00007ffcd45d7000 	C:\Windows\System32\cryptsp.dll
0x00007ffcc32d0000 - 0x00007ffcc32ea000 	C:\Program Files\Android\Android Studio\jre\jre\bin\net.dll
0x00007ffcd3c70000 - 0x00007ffcd3cd7000 	C:\Windows\system32\mswsock.dll
0x00007ffcc32b0000 - 0x00007ffcc32c1000 	C:\Program Files\Android\Android Studio\jre\jre\bin\nio.dll
0x00007ffcd0ab0000 - 0x00007ffcd0ad6000 	C:\Users\nk\.gradle\native\29\windows-amd64\native-platform.dll
0x00007ffcc3970000 - 0x00007ffcc397d000 	C:\Program Files\Android\Android Studio\jre\jre\bin\management.dll
0x00007ffcd37f0000 - 0x00007ffcd3823000 	C:\Windows\system32\rsaenh.dll
0x00007ffcd5210000 - 0x00007ffcd5236000 	C:\Windows\System32\bcrypt.dll
0x00007ffcd4330000 - 0x00007ffcd4358000 	C:\Windows\SYSTEM32\USERENV.dll
0x00007ffcd3e40000 - 0x00007ffcd3e4c000 	C:\Windows\SYSTEM32\CRYPTBASE.dll
0x00007ffcd3990000 - 0x00007ffcd39cd000 	C:\Windows\SYSTEM32\IPHLPAPI.DLL
0x00007ffcd58a0000 - 0x00007ffcd58a8000 	C:\Windows\System32\NSI.dll
0x00007ffccbfe0000 - 0x00007ffccbff6000 	C:\Windows\SYSTEM32\dhcpcsvc6.DLL
0x00007ffccb880000 - 0x00007ffccb89c000 	C:\Windows\SYSTEM32\dhcpcsvc.DLL
0x00007ffcd39d0000 - 0x00007ffcd3a96000 	C:\Windows\SYSTEM32\DNSAPI.dll

VM Arguments:
jvm_args: -Xmx1536m -Dfile.encoding=windows-1251 -Duser.country=RU -Duser.language=ru -Duser.variant 
java_command: org.gradle.launcher.daemon.bootstrap.GradleDaemon 5.4.1
java_class_path (initial): C:\Users\nk\.gradle\wrapper\dists\gradle-5.4.1-all\3221gyojl5jsh0helicew7rwx\gradle-5.4.1\lib\gradle-launcher-5.4.1.jar
Launcher Type: SUN_STANDARD

Environment Variables:
JAVA_HOME=C:\Program Files\Java\jdk1.8.0_221
CLASSPATH=C:\mpj-v0_44\lib\mpj.jar
PATH=C:\Program Files (x86)\Common Files\Oracle\Java\javapath;C:\Program Files (x86)\Intel\iCLS Client\;C:\Program Files\Intel\iCLS Client\;C:\Windows\system32;C:\Windows;C:\Windows\System32\Wbem;C:\Windows\System32\WindowsPowerShell\v1.0\;C:\Program Files (x86)\NVIDIA Corporation\PhysX\Common;C:\Program Files (x86)\Intel\Intel(R) Management Engine Components\DAL;C:\Program Files\Intel\Intel(R) Management Engine Components\DAL;C:\Program Files (x86)\Intel\Intel(R) Management Engine Components\IPT;C:\Program Files\Intel\Intel(R) Management Engine Components\IPT;C:\Program Files\Git\cmd;C:\Program Files\Java\jdk1.8.0_221\bin;C:\Users\nk\AppData\Local\Programs\Python\Python37\Scripts\;C:\Users\nk\AppData\Local\Programs\Python\Python37\;C:\Users\nk\AppData\Local\Microsoft\WindowsApps;C:\Users\nk\AppData\Local\GitHubDesktop\bin;C:\Users\nk\AppData\Local\atom\bin;C:\mpj-v0_44\bin;C:\Program Files\mingw-w64\x86_64-8.1.0-posix-seh-rt_v6-rev0\mingw64\bin;C:\Program Files\swipl\bin;C:\Program Files\JetBrains\IntelliJ IDEA Community Edition 2019.2.2\bin;;C:\Program Files\JetBrains\PyCharm Community Edition 2019.2.3\bin;;C:\Users\nk\AppData\Local\Programs\Microsoft VS Code\bin
USERNAME=nk
OS=Windows_NT
PROCESSOR_IDENTIFIER=Intel64 Family 6 Model 78 Stepping 3, GenuineIntel



---------------  S Y S T E M  ---------------

OS: Windows 10.0 , 64 bit Build 17763 (10.0.17763.475)

CPU:total 4 (initial active 4) (2 cores per cpu, 2 threads per core) family 6 model 78 stepping 3, cmov, cx8, fxsr, mmx, sse, sse2, sse3, ssse3, sse4.1, sse4.2, popcnt, avx, avx2, aes, clmul, erms, 3dnowpref, lzcnt, ht, tsc, tscinvbit, bmi1, bmi2, adx

Memory: 4k page, physical 8292352k(1257568k free), swap 8292352k(6596k free)

vm_info: OpenJDK 64-Bit Server VM (25.202-b03) for windows-amd64 JRE (1.8.0_202-release-1483-b03), built by "builder" with MS VC++ 10.0 (VS2010)

time: Thu Oct 31 16:27:06 2019
timezone: RTZ 2 (зима)
elapsed time: 20 seconds (0d 0h 0m 20s)

