#
# There is insufficient memory for the Java Runtime Environment to continue.
# Native memory allocation (malloc) failed to allocate 32784 bytes for Chunk::new
# Possible reasons:
#   The system is out of physical RAM or swap space
#   The process is running with CompressedOops enabled, and the Java Heap may be blocking the growth of the native heap
# Possible solutions:
#   Reduce memory load on the system
#   Increase physical memory or swap space
#   Check if swap backing store is full
#   Decrease Java heap size (-Xmx/-Xms)
#   Decrease number of Java threads
#   Decrease Java thread stack sizes (-Xss)
#   Set larger code cache with -XX:ReservedCodeCacheSize=
#   JVM is running with Unscaled Compressed Oops mode in which the Java heap is
#     placed in the first 4GB address space. The Java Heap base address is the
#     maximum limit for the native heap growth. Please use -XX:HeapBaseMinAddress
#     to set the Java Heap base and to place the Java Heap above 4GB virtual address.
# This output file may be truncated or incomplete.
#
#  Out of Memory Error (allocation.cpp:389), pid=896, tid=0x00000000000012e4
#
# JRE version: OpenJDK Runtime Environment (8.0_202-b03) (build 1.8.0_202-release-1483-b03)
# Java VM: OpenJDK 64-Bit Server VM (25.202-b03 mixed mode windows-amd64 compressed oops)
# Failed to write core dump. Minidumps are not enabled by default on client versions of Windows
#

---------------  T H R E A D  ---------------

Current thread (0x0000000016087000):  JavaThread "C2 CompilerThread0" daemon [_thread_in_native, id=4836, stack(0x00000000177d0000,0x00000000178d0000)]

Stack: [0x00000000177d0000,0x00000000178d0000]
[error occurred during error reporting (printing stack bounds), id 0xc0000005]

Native frames: (J=compiled Java code, j=interpreted, Vv=VM code, C=native code)


Current CompileTask:
C2: 156903 10508       4       java.lang.Class::getMethod0 (40 bytes)


---------------  P R O C E S S  ---------------

Java Threads: ( => current thread )
  0x000000001c2e2800 JavaThread "Cache worker for file hash cache (C:\Users\nk\Desktop\Schedule\.gradle\5.4.1\fileHashes)" [_thread_blocked, id=1184, stack(0x0000000027190000,0x0000000027290000)]
  0x000000001c2e0000 JavaThread "Thread-71" [_thread_blocked, id=7344, stack(0x0000000027090000,0x0000000027190000)]
  0x000000001c2e5800 JavaThread "Stdin handler" [_thread_blocked, id=2632, stack(0x0000000026f90000,0x0000000027090000)]
  0x000000001c2e4000 JavaThread "Asynchronous log dispatcher for DefaultDaemonConnection: socket connection from /127.0.0.1:3231 to /127.0.0.1:3272" [_thread_blocked, id=3808, stack(0x0000000026e90000,0x0000000026f90000)]
  0x000000001c2e3000 JavaThread "Cancel handler" [_thread_blocked, id=1216, stack(0x0000000026d90000,0x0000000026e90000)]
  0x000000001c2e6000 JavaThread "Handler for socket connection from /127.0.0.1:3231 to /127.0.0.1:3272" [_thread_in_native, id=772, stack(0x0000000026c90000,0x0000000026d90000)]
  0x000000001c598800 JavaThread "Cache worker for file content cache (C:\Users\nk\.gradle\caches\5.4.1\fileContent)" [_thread_blocked, id=4320, stack(0x0000000024a50000,0x0000000024b50000)]
  0x000000001c592000 JavaThread "Memory manager" [_thread_blocked, id=5064, stack(0x0000000022c90000,0x0000000022d90000)]
  0x000000001c58f000 JavaThread "Cache worker for execution history cache (C:\Users\nk\.gradle\caches\5.4.1\executionHistory)" [_thread_blocked, id=1532, stack(0x0000000020060000,0x0000000020160000)]
  0x0000000018cb8000 JavaThread "Cache worker for journal cache (C:\Users\nk\.gradle\caches\journal-1)" [_thread_blocked, id=1732, stack(0x000000001ad30000,0x000000001ae30000)]
  0x0000000018cb7000 JavaThread "File lock request listener" [_thread_in_native, id=7584, stack(0x000000001ac30000,0x000000001ad30000)]
  0x0000000018cb8800 JavaThread "Cache worker for file hash cache (C:\Users\nk\.gradle\caches\5.4.1\fileHashes)" [_thread_blocked, id=2684, stack(0x000000001ab30000,0x000000001ac30000)]
  0x00000000187cd000 JavaThread "Daemon worker" [_thread_in_vm, id=5024, stack(0x000000001a730000,0x000000001a830000)]
  0x0000000018288800 JavaThread "Daemon" [_thread_blocked, id=6180, stack(0x000000001a230000,0x000000001a330000)]
  0x00000000181cb000 JavaThread "Daemon periodic checks" [_thread_blocked, id=4080, stack(0x000000001a130000,0x000000001a230000)]
  0x00000000181ce800 JavaThread "Incoming local TCP Connector on port 3231" [_thread_in_native, id=4520, stack(0x0000000019ee0000,0x0000000019fe0000)]
  0x000000001915f800 JavaThread "Daemon health stats" [_thread_blocked, id=7924, stack(0x00000000198a0000,0x00000000199a0000)]
  0x0000000017afc800 JavaThread "Service Thread" daemon [_thread_blocked, id=4996, stack(0x0000000017ed0000,0x0000000017fd0000)]
  0x00000000160af800 JavaThread "C1 CompilerThread2" daemon [_thread_blocked, id=4776, stack(0x00000000179d0000,0x0000000017ad0000)]
  0x000000001608b800 JavaThread "C2 CompilerThread1" daemon [_thread_in_native, id=4448, stack(0x00000000178d0000,0x00000000179d0000)]
=>0x0000000016087000 JavaThread "C2 CompilerThread0" daemon [_thread_in_native, id=4836, stack(0x00000000177d0000,0x00000000178d0000)]
  0x0000000016085800 JavaThread "Attach Listener" daemon [_thread_blocked, id=8116, stack(0x00000000176d0000,0x00000000177d0000)]
  0x0000000016084000 JavaThread "Signal Dispatcher" daemon [_thread_blocked, id=924, stack(0x00000000175d0000,0x00000000176d0000)]
  0x000000000270c000 JavaThread "Finalizer" daemon [_thread_blocked, id=5932, stack(0x00000000172d0000,0x00000000173d0000)]
  0x0000000016069000 JavaThread "Reference Handler" daemon [_thread_blocked, id=7368, stack(0x00000000171d0000,0x00000000172d0000)]
  0x000000000250d800 JavaThread "main" [_thread_blocked, id=2812, stack(0x0000000002510000,0x0000000002610000)]

Other Threads:
  0x0000000016046000 VMThread [stack: 0x00000000170d0000,0x00000000171d0000] [id=6728]
  0x0000000017b0d000 WatcherThread [stack: 0x0000000017fd0000,0x00000000180d0000] [id=6888]

VM state:not at safepoint (normal execution)

VM Mutex/Monitor currently owned by a thread: None

heap address: 0x00000000a0000000, size: 1536 MB, Compressed Oops mode: 32-bit
Narrow klass base: 0x0000000000000000, Narrow klass shift: 3
Compressed class space size: 1073741824 Address: 0x0000000100000000

Heap:
 PSYoungGen      total 242688K, used 91843K [0x00000000e0000000, 0x00000000f0780000, 0x0000000100000000)
  eden space 222208K, 32% used [0x00000000e0000000,0x00000000e462ba68,0x00000000ed900000)
  from space 20480K, 97% used [0x00000000ef380000,0x00000000f0705350,0x00000000f0780000)
  to   space 23552K, 0% used [0x00000000ed980000,0x00000000ed980000,0x00000000ef080000)
 ParOldGen       total 123392K, used 31536K [0x00000000a0000000, 0x00000000a7880000, 0x00000000e0000000)
  object space 123392K, 25% used [0x00000000a0000000,0x00000000a1ecc268,0x00000000a7880000)
 Metaspace       used 70936K, capacity 73298K, committed 73432K, reserved 1112064K
  class space    used 9302K, capacity 9847K, committed 9944K, reserved 1048576K

Card table byte_map: [0x0000000011ad0000,0x0000000011de0000] byte_map_base: 0x00000000115d0000

Marking Bits: (ParMarkBitMap*) 0x0000000065e59f30
 Begin Bits: [0x00000000123e0000, 0x0000000013be0000)
 End Bits:   [0x0000000013be0000, 0x00000000153e0000)

Polling page: 0x00000000003f0000

CodeCache: size=245760Kb used=29527Kb max_used=29553Kb free=216232Kb
 bounds [0x0000000002710000, 0x0000000004420000, 0x0000000011710000]
 total_blobs=9971 nmethods=9152 adapters=730
 compilation: enabled

Compilation events (10 events):
Event: 156.875 Thread 0x00000000160af800 nmethod 10504 0x00000000028d5c90 code [0x00000000028d5e00, 0x00000000028d6168]
Event: 156.877 Thread 0x000000001608b800 10505       4       java.util.Collections::addAll (43 bytes)
Event: 156.879 Thread 0x000000001608b800 nmethod 10505 0x00000000028a4710 code [0x00000000028a4860, 0x00000000028a4938]
Event: 156.881 Thread 0x00000000160af800 10506       1       java.security.Provider$Service::getProvider (5 bytes)
Event: 156.881 Thread 0x00000000160af800 nmethod 10506 0x0000000002bfa590 code [0x0000000002bfa6e0, 0x0000000002bfa7f0]
Event: 156.893 Thread 0x000000001608b800 10507       4       java.lang.Class::privateGetMethodRecursive (130 bytes)
Event: 156.895 Thread 0x0000000016087000 nmethod 10502 0x000000000440c550 code [0x000000000440c6c0, 0x000000000440ce58]
Event: 156.896 Thread 0x0000000016087000 10508       4       java.lang.Class::getMethod0 (40 bytes)
Event: 156.900 Thread 0x00000000160af800 10509       3       com.google.common.base.Equivalence::equals (4 bytes)
Event: 156.900 Thread 0x00000000160af800 nmethod 10509 0x000000000299c090 code [0x000000000299c1e0, 0x000000000299c310]

GC Heap History (10 events):
Event: 19.673 GC heap before
{Heap before GC invocations=13 (full 2):
 PSYoungGen      total 158720K, used 158719K [0x00000000e0000000, 0x00000000ead80000, 0x0000000100000000)
  eden space 146944K, 100% used [0x00000000e0000000,0x00000000e8f80000,0x00000000e8f80000)
  from space 11776K, 99% used [0x00000000ea200000,0x00000000ead7ff80,0x00000000ead80000)
  to   space 14336K, 0% used [0x00000000e9180000,0x00000000e9180000,0x00000000e9f80000)
 ParOldGen       total 82432K, used 20377K [0x00000000a0000000, 0x00000000a5080000, 0x00000000e0000000)
  object space 82432K, 24% used [0x00000000a0000000,0x00000000a13e6488,0x00000000a5080000)
 Metaspace       used 55679K, capacity 57258K, committed 57560K, reserved 1099776K
  class space    used 7481K, capacity 7849K, committed 7896K, reserved 1048576K
Event: 19.703 GC heap after
Heap after GC invocations=13 (full 2):
 PSYoungGen      total 163328K, used 14314K [0x00000000e0000000, 0x00000000edf00000, 0x0000000100000000)
  eden space 148992K, 0% used [0x00000000e0000000,0x00000000e0000000,0x00000000e9180000)
  from space 14336K, 99% used [0x00000000e9180000,0x00000000e9f7aa58,0x00000000e9f80000)
  to   space 18944K, 0% used [0x00000000ecc80000,0x00000000ecc80000,0x00000000edf00000)
 ParOldGen       total 82432K, used 28492K [0x00000000a0000000, 0x00000000a5080000, 0x00000000e0000000)
  object space 82432K, 34% used [0x00000000a0000000,0x00000000a1bd3040,0x00000000a5080000)
 Metaspace       used 55679K, capacity 57258K, committed 57560K, reserved 1099776K
  class space    used 7481K, capacity 7849K, committed 7896K, reserved 1048576K
}
Event: 20.297 GC heap before
{Heap before GC invocations=14 (full 2):
 PSYoungGen      total 163328K, used 42915K [0x00000000e0000000, 0x00000000edf00000, 0x0000000100000000)
  eden space 148992K, 19% used [0x00000000e0000000,0x00000000e1bee430,0x00000000e9180000)
  from space 14336K, 99% used [0x00000000e9180000,0x00000000e9f7aa58,0x00000000e9f80000)
  to   space 18944K, 0% used [0x00000000ecc80000,0x00000000ecc80000,0x00000000edf00000)
 ParOldGen       total 82432K, used 28492K [0x00000000a0000000, 0x00000000a5080000, 0x00000000e0000000)
  object space 82432K, 34% used [0x00000000a0000000,0x00000000a1bd3040,0x00000000a5080000)
 Metaspace       used 57502K, capacity 58994K, committed 59028K, reserved 1099776K
  class space    used 7755K, capacity 8143K, committed 8152K, reserved 1048576K
Event: 20.317 GC heap after
Heap after GC invocations=14 (full 2):
 PSYoungGen      total 209408K, used 2480K [0x00000000e0000000, 0x00000000ee680000, 0x0000000100000000)
  eden space 190464K, 0% used [0x00000000e0000000,0x00000000e0000000,0x00000000eba00000)
  from space 18944K, 13% used [0x00000000ecc80000,0x00000000eceec3f8,0x00000000edf00000)
  to   space 18944K, 0% used [0x00000000eba00000,0x00000000eba00000,0x00000000ecc80000)
 ParOldGen       total 82432K, used 36662K [0x00000000a0000000, 0x00000000a5080000, 0x00000000e0000000)
  object space 82432K, 44% used [0x00000000a0000000,0x00000000a23cd8a0,0x00000000a5080000)
 Metaspace       used 57502K, capacity 58994K, committed 59028K, reserved 1099776K
  class space    used 7755K, capacity 8143K, committed 8152K, reserved 1048576K
}
Event: 20.317 GC heap before
{Heap before GC invocations=15 (full 3):
 PSYoungGen      total 209408K, used 2480K [0x00000000e0000000, 0x00000000ee680000, 0x0000000100000000)
  eden space 190464K, 0% used [0x00000000e0000000,0x00000000e0000000,0x00000000eba00000)
  from space 18944K, 13% used [0x00000000ecc80000,0x00000000eceec3f8,0x00000000edf00000)
  to   space 18944K, 0% used [0x00000000eba00000,0x00000000eba00000,0x00000000ecc80000)
 ParOldGen       total 82432K, used 36662K [0x00000000a0000000, 0x00000000a5080000, 0x00000000e0000000)
  object space 82432K, 44% used [0x00000000a0000000,0x00000000a23cd8a0,0x00000000a5080000)
 Metaspace       used 57502K, capacity 58994K, committed 59028K, reserved 1099776K
  class space    used 7755K, capacity 8143K, committed 8152K, reserved 1048576K
Event: 20.809 GC heap after
Heap after GC invocations=15 (full 3):
 PSYoungGen      total 209408K, used 0K [0x00000000e0000000, 0x00000000ee680000, 0x0000000100000000)
  eden space 190464K, 0% used [0x00000000e0000000,0x00000000e0000000,0x00000000eba00000)
  from space 18944K, 0% used [0x00000000ecc80000,0x00000000ecc80000,0x00000000edf00000)
  to   space 18944K, 0% used [0x00000000eba00000,0x00000000eba00000,0x00000000ecc80000)
 ParOldGen       total 123392K, used 31520K [0x00000000a0000000, 0x00000000a7880000, 0x00000000e0000000)
  object space 123392K, 25% used [0x00000000a0000000,0x00000000a1ec8268,0x00000000a7880000)
 Metaspace       used 57502K, capacity 58994K, committed 59028K, reserved 1099776K
  class space    used 7755K, capacity 8143K, committed 8152K, reserved 1048576K
}
Event: 61.009 GC heap before
{Heap before GC invocations=16 (full 3):
 PSYoungGen      total 209408K, used 190464K [0x00000000e0000000, 0x00000000ee680000, 0x0000000100000000)
  eden space 190464K, 100% used [0x00000000e0000000,0x00000000eba00000,0x00000000eba00000)
  from space 18944K, 0% used [0x00000000ecc80000,0x00000000ecc80000,0x00000000edf00000)
  to   space 18944K, 0% used [0x00000000eba00000,0x00000000eba00000,0x00000000ecc80000)
 ParOldGen       total 123392K, used 31520K [0x00000000a0000000, 0x00000000a7880000, 0x00000000e0000000)
  object space 123392K, 25% used [0x00000000a0000000,0x00000000a1ec8268,0x00000000a7880000)
 Metaspace       used 65791K, capacity 67886K, committed 68056K, reserved 1107968K
  class space    used 8610K, capacity 9067K, committed 9176K, reserved 1048576K
Event: 61.060 GC heap after
Heap after GC invocations=16 (full 3):
 PSYoungGen      total 209408K, used 15908K [0x00000000e0000000, 0x00000000f0800000, 0x0000000100000000)
  eden space 190464K, 0% used [0x00000000e0000000,0x00000000e0000000,0x00000000eba00000)
  from space 18944K, 83% used [0x00000000eba00000,0x00000000ec989078,0x00000000ecc80000)
  to   space 20992K, 0% used [0x00000000ef380000,0x00000000ef380000,0x00000000f0800000)
 ParOldGen       total 123392K, used 31528K [0x00000000a0000000, 0x00000000a7880000, 0x00000000e0000000)
  object space 123392K, 25% used [0x00000000a0000000,0x00000000a1eca268,0x00000000a7880000)
 Metaspace       used 65791K, capacity 67886K, committed 68056K, reserved 1107968K
  class space    used 8610K, capacity 9067K, committed 9176K, reserved 1048576K
}
Event: 100.067 GC heap before
{Heap before GC invocations=17 (full 3):
 PSYoungGen      total 209408K, used 206372K [0x00000000e0000000, 0x00000000f0800000, 0x0000000100000000)
  eden space 190464K, 100% used [0x00000000e0000000,0x00000000eba00000,0x00000000eba00000)
  from space 18944K, 83% used [0x00000000eba00000,0x00000000ec989078,0x00000000ecc80000)
  to   space 20992K, 0% used [0x00000000ef380000,0x00000000ef380000,0x00000000f0800000)
 ParOldGen       total 123392K, used 31528K [0x00000000a0000000, 0x00000000a7880000, 0x00000000e0000000)
  object space 123392K, 25% used [0x00000000a0000000,0x00000000a1eca268,0x00000000a7880000)
 Metaspace       used 70666K, capacity 73106K, committed 73432K, reserved 1112064K
  class space    used 9297K, capacity 9839K, committed 9944K, reserved 1048576K
Event: 100.118 GC heap after
Heap after GC invocations=17 (full 3):
 PSYoungGen      total 242688K, used 19988K [0x00000000e0000000, 0x00000000f0780000, 0x0000000100000000)
  eden space 222208K, 0% used [0x00000000e0000000,0x00000000e0000000,0x00000000ed900000)
  from space 20480K, 97% used [0x00000000ef380000,0x00000000f0705350,0x00000000f0780000)
  to   space 23552K, 0% used [0x00000000ed980000,0x00000000ed980000,0x00000000ef080000)
 ParOldGen       total 123392K, used 31536K [0x00000000a0000000, 0x00000000a7880000, 0x00000000e0000000)
  object space 123392K, 25% used [0x00000000a0000000,0x00000000a1ecc268,0x00000000a7880000)
 Metaspace       used 70666K, capacity 73106K, committed 73432K, reserved 1112064K
  class space    used 9297K, capacity 9839K, committed 9944K, reserved 1048576K
}

Deoptimization events (10 events):
Event: 98.827 Thread 0x00000000187cd000 Uncommon trap: reason=array_check action=maybe_recompile pc=0x0000000003c33f50 method=com.google.common.collect.ImmutableSet.construct(I[Ljava/lang/Object;)Lcom/google/common/collect/ImmutableSet; @ 122
Event: 98.850 Thread 0x00000000187cd000 Uncommon trap: reason=null_check action=make_not_entrant pc=0x0000000002cc33d0 method=org.gradle.tooling.internal.provider.runner.SubtreeFilteringBuildOperationListener.started(Lorg/gradle/internal/operations/BuildOperationDescriptor;Lorg/gradle/internal/
Event: 99.354 Thread 0x00000000187cd000 Uncommon trap: reason=bimorphic action=maybe_recompile pc=0x00000000033524ec method=org.codehaus.groovy.util.SingleKeyHashMap.get(Ljava/lang/Object;)Ljava/lang/Object; @ 43
Event: 99.976 Thread 0x00000000187cd000 Uncommon trap: reason=unstable_if action=reinterpret pc=0x0000000003f0b568 method=org.gradle.api.internal.attributes.DefaultImmutableAttributes.equals(Ljava/lang/Object;)Z @ 43
Event: 100.181 Thread 0x00000000187cd000 Uncommon trap: reason=unstable_if action=reinterpret pc=0x0000000003a75284 method=com.google.common.collect.MapMakerInternalMap$Segment.drainKeyReferenceQueue(Ljava/lang/ref/ReferenceQueue;)V @ 8
Event: 100.387 Thread 0x000000001c597000 Uncommon trap: reason=unstable_if action=reinterpret pc=0x0000000003005210 method=java.util.concurrent.ConcurrentLinkedQueue.offer(Ljava/lang/Object;)Z @ 40
Event: 101.257 Thread 0x000000001c599800 Uncommon trap: reason=unstable_if action=reinterpret pc=0x0000000003977954 method=org.gradle.internal.time.MonotonicClock.advance(J)J @ 25
Event: 102.673 Thread 0x00000000187cd000 Uncommon trap: reason=null_check action=make_not_entrant pc=0x0000000003247694 method=java.lang.ThreadLocal$ThreadLocalMap.getEntryAfterMiss(Ljava/lang/ThreadLocal;ILjava/lang/ThreadLocal$ThreadLocalMap$Entry;)Ljava/lang/ThreadLocal$ThreadLocalMap$Entry; 
Event: 102.675 Thread 0x00000000187cd000 Uncommon trap: reason=null_check action=make_not_entrant pc=0x000000000320d48c method=java.lang.ThreadLocal$ThreadLocalMap.getEntryAfterMiss(Ljava/lang/ThreadLocal;ILjava/lang/ThreadLocal$ThreadLocalMap$Entry;)Ljava/lang/ThreadLocal$ThreadLocalMap$Entry; 
Event: 103.318 Thread 0x000000001c58d800 Uncommon trap: reason=unstable_if action=reinterpret pc=0x000000000317ced0 method=com.esotericsoftware.kryo.io.Input.require(I)I @ 180

Classes redefined (0 events):
No events

Internal exceptions (10 events):
Event: 67.250 Thread 0x000000001c58b000 Exception <a 'java/lang/NoSuchMethodError': <clinit>> (0x00000000e7f80ba8) thrown at [D:\src\AOSP-openjdk-cygwin\jdk8u\hotspot\src\share\vm\prims\jni.cpp, line 1614]
Event: 67.275 Thread 0x000000001c58b000 Exception <a 'java/lang/NoSuchMethodError': <clinit>> (0x00000000e7f8e130) thrown at [D:\src\AOSP-openjdk-cygwin\jdk8u\hotspot\src\share\vm\prims\jni.cpp, line 1614]
Event: 67.296 Thread 0x00000000187cd000 Exception <a 'sun/nio/fs/WindowsException'> (0x00000000e8c0e100) thrown at [D:\src\AOSP-openjdk-cygwin\jdk8u\hotspot\src\share\vm\prims\jni.cpp, line 710]
Event: 67.532 Thread 0x0000000018288800 Exception <a 'java/lang/NoSuchMethodError': <clinit>> (0x00000000e94623c8) thrown at [D:\src\AOSP-openjdk-cygwin\jdk8u\hotspot\src\share\vm\prims\jni.cpp, line 1614]
Event: 67.535 Thread 0x0000000018288800 Exception <a 'java/lang/NoSuchMethodError': <clinit>> (0x00000000e946d960) thrown at [D:\src\AOSP-openjdk-cygwin\jdk8u\hotspot\src\share\vm\prims\jni.cpp, line 1614]
Event: 98.850 Thread 0x00000000187cd000 Implicit null exception at 0x0000000002cc28c7 to 0x0000000002cc33ad
Event: 102.667 Thread 0x000000001c599800 Exception <a 'java/lang/reflect/InvocationTargetException'> (0x00000000e3c685b8) thrown at [D:\src\AOSP-openjdk-cygwin\jdk8u\hotspot\src\share\vm\runtime\reflection.cpp, line 1092]
Event: 102.673 Thread 0x00000000187cd000 Implicit null exception at 0x0000000003247374 to 0x0000000003247675
Event: 102.675 Thread 0x00000000187cd000 Implicit null exception at 0x000000000320d3bf to 0x000000000320d469
Event: 102.677 Thread 0x00000000187cd000 Exception <a 'sun/nio/fs/WindowsException'> (0x00000000e2e85868) thrown at [D:\src\AOSP-openjdk-cygwin\jdk8u\hotspot\src\share\vm\prims\jni.cpp, line 710]

Events (10 events):
Event: 156.866 Executing VM operation: RevokeBias
Event: 156.866 Executing VM operation: RevokeBias done
Event: 156.866 Executing VM operation: RevokeBias
Event: 156.866 Executing VM operation: RevokeBias done
Event: 156.869 Thread 0x00000000160af800 flushing nmethod 0x00000000028a4550
Event: 156.870 Thread 0x00000000160af800 flushing nmethod 0x00000000028d5710
Event: 156.874 Thread 0x00000000160af800 flushing nmethod 0x000000000299c050
Event: 156.876 Thread 0x00000000160af800 flushing nmethod 0x0000000002b50c10
Event: 156.879 Thread 0x000000001608b800 flushing nmethod 0x0000000002bfa590
Event: 156.900 Thread 0x00000000160af800 flushing nmethod 0x000000000316b350


Dynamic libraries:
0x00007ff6aedd0000 - 0x00007ff6aee01000 	C:\Program Files\Android\Android Studio\jre\bin\java.exe
0x00007ff9b19b0000 - 0x00007ff9b1b9d000 	C:\Windows\SYSTEM32\ntdll.dll
0x00007ff9b18f0000 - 0x00007ff9b19a3000 	C:\Windows\System32\KERNEL32.DLL
0x00007ff9ae770000 - 0x00007ff9aea03000 	C:\Windows\System32\KERNELBASE.dll
0x00007ff9b17c0000 - 0x00007ff9b1863000 	C:\Windows\System32\ADVAPI32.dll
0x00007ff9af720000 - 0x00007ff9af7be000 	C:\Windows\System32\msvcrt.dll
0x00007ff9af9d0000 - 0x00007ff9afa6e000 	C:\Windows\System32\sechost.dll
0x00007ff9af7e0000 - 0x00007ff9af902000 	C:\Windows\System32\RPCRT4.dll
0x00007ff9af580000 - 0x00007ff9af717000 	C:\Windows\System32\USER32.dll
0x00007ff9aebe0000 - 0x00007ff9aec00000 	C:\Windows\System32\win32u.dll
0x00007ff9af910000 - 0x00007ff9af939000 	C:\Windows\System32\GDI32.dll
0x00007ff9aea10000 - 0x00007ff9aeba9000 	C:\Windows\System32\gdi32full.dll
0x00007ff9ae6d0000 - 0x00007ff9ae770000 	C:\Windows\System32\msvcp_win.dll
0x00007ff9ae500000 - 0x00007ff9ae5fa000 	C:\Windows\System32\ucrtbase.dll
0x00007ff99cee0000 - 0x00007ff99d159000 	C:\Windows\WinSxS\amd64_microsoft.windows.common-controls_6595b64144ccf1df_6.0.17763.719_none_05b84458071c8757\COMCTL32.dll
0x00007ff9af250000 - 0x00007ff9af57c000 	C:\Windows\System32\combase.dll
0x00007ff9ae480000 - 0x00007ff9ae4fe000 	C:\Windows\System32\bcryptPrimitives.dll
0x00007ff9b14b0000 - 0x00007ff9b14de000 	C:\Windows\System32\IMM32.DLL
0x00000000654d0000 - 0x00000000655a2000 	C:\Program Files\Android\Android Studio\jre\jre\bin\msvcr100.dll
0x0000000065690000 - 0x0000000065ed6000 	C:\Program Files\Android\Android Studio\jre\jre\bin\server\jvm.dll
0x00007ff9aeee0000 - 0x00007ff9aeee8000 	C:\Windows\System32\PSAPI.DLL
0x00007ff9a90c0000 - 0x00007ff9a90c9000 	C:\Windows\SYSTEM32\WSOCK32.dll
0x00007ff9b16f0000 - 0x00007ff9b175d000 	C:\Windows\System32\WS2_32.dll
0x00007ff9a8260000 - 0x00007ff9a8284000 	C:\Windows\SYSTEM32\WINMM.dll
0x00007ff9a90d0000 - 0x00007ff9a90da000 	C:\Windows\SYSTEM32\VERSION.dll
0x00007ff9a8210000 - 0x00007ff9a823d000 	C:\Windows\SYSTEM32\WINMMBASE.dll
0x00007ff9adaa0000 - 0x00007ff9adaea000 	C:\Windows\System32\cfgmgr32.dll
0x00007ff9a90b0000 - 0x00007ff9a90bf000 	C:\Program Files\Android\Android Studio\jre\jre\bin\verify.dll
0x00007ff99f140000 - 0x00007ff99f169000 	C:\Program Files\Android\Android Studio\jre\jre\bin\java.dll
0x00007ff99f120000 - 0x00007ff99f136000 	C:\Program Files\Android\Android Studio\jre\jre\bin\zip.dll
0x00007ff9afa70000 - 0x00007ff9b0f62000 	C:\Windows\System32\SHELL32.dll
0x00007ff9af140000 - 0x00007ff9af1e8000 	C:\Windows\System32\shcore.dll
0x00007ff9adaf0000 - 0x00007ff9ae23a000 	C:\Windows\System32\windows.storage.dll
0x00007ff9ada50000 - 0x00007ff9ada74000 	C:\Windows\System32\profapi.dll
0x00007ff9ad9f0000 - 0x00007ff9ada4d000 	C:\Windows\System32\powrprof.dll
0x00007ff9b0f70000 - 0x00007ff9b0fc2000 	C:\Windows\System32\shlwapi.dll
0x00007ff9ad9d0000 - 0x00007ff9ad9e1000 	C:\Windows\System32\kernel.appcore.dll
0x00007ff9ae600000 - 0x00007ff9ae617000 	C:\Windows\System32\cryptsp.dll
0x00007ff99f100000 - 0x00007ff99f11a000 	C:\Program Files\Android\Android Studio\jre\jre\bin\net.dll
0x00007ff9ad240000 - 0x00007ff9ad2a7000 	C:\Windows\system32\mswsock.dll
0x00007ff99f070000 - 0x00007ff99f081000 	C:\Program Files\Android\Android Studio\jre\jre\bin\nio.dll
0x00007ff99f1e0000 - 0x00007ff99f206000 	C:\Users\nk\.gradle\native\29\windows-amd64\native-platform.dll
0x00007ff9a8dc0000 - 0x00007ff9a8dcd000 	C:\Program Files\Android\Android Studio\jre\jre\bin\management.dll
0x00007ff9acdc0000 - 0x00007ff9acdf3000 	C:\Windows\system32\rsaenh.dll
0x00007ff9aebb0000 - 0x00007ff9aebd6000 	C:\Windows\System32\bcrypt.dll
0x00007ff9ad900000 - 0x00007ff9ad928000 	C:\Windows\SYSTEM32\USERENV.dll
0x00007ff9ad410000 - 0x00007ff9ad41c000 	C:\Windows\SYSTEM32\CRYPTBASE.dll
0x00007ff9acf60000 - 0x00007ff9acf9d000 	C:\Windows\SYSTEM32\IPHLPAPI.DLL
0x00007ff9aefc0000 - 0x00007ff9aefc8000 	C:\Windows\System32\NSI.dll
0x00007ff9a5b50000 - 0x00007ff9a5b66000 	C:\Windows\SYSTEM32\dhcpcsvc6.DLL
0x00007ff9a68c0000 - 0x00007ff9a68dc000 	C:\Windows\SYSTEM32\dhcpcsvc.DLL
0x00007ff9acfa0000 - 0x00007ff9ad066000 	C:\Windows\SYSTEM32\DNSAPI.dll
0x00007ff99f0e0000 - 0x00007ff99f0fe000 	C:\Temp\native-platform4797299524002428218dir\native-platform.dll

VM Arguments:
jvm_args: -Xmx1536m -Dfile.encoding=windows-1251 -Duser.country=RU -Duser.language=ru -Duser.variant 
java_command: org.gradle.launcher.daemon.bootstrap.GradleDaemon 5.4.1
java_class_path (initial): C:\Users\nk\.gradle\wrapper\dists\gradle-5.4.1-all\3221gyojl5jsh0helicew7rwx\gradle-5.4.1\lib\gradle-launcher-5.4.1.jar
Launcher Type: SUN_STANDARD

Environment Variables:
JAVA_HOME=C:\Program Files\Java\jdk1.8.0_221
CLASSPATH=C:\Program Files\Java\jdk1.8.0_221\Java
PATH=C:\Program Files (x86)\Common Files\Oracle\Java\javapath;C:\Program Files (x86)\Intel\iCLS Client\;C:\Program Files\Intel\iCLS Client\;C:\Windows\system32;C:\Windows;C:\Windows\System32\Wbem;C:\Windows\System32\WindowsPowerShell\v1.0\;C:\Program Files (x86)\NVIDIA Corporation\PhysX\Common;C:\Program Files (x86)\Intel\Intel(R) Management Engine Components\DAL;C:\Program Files\Intel\Intel(R) Management Engine Components\DAL;C:\Program Files (x86)\Intel\Intel(R) Management Engine Components\IPT;C:\Program Files\Intel\Intel(R) Management Engine Components\IPT;C:\Program Files\Git\cmd;C:\Program Files\Java\jdk1.8.0_221\bin;C:\Users\nk\AppData\Local\Programs\Python\Python37\Scripts\;C:\Users\nk\AppData\Local\Programs\Python\Python37\;C:\Users\nk\AppData\Local\Microsoft\WindowsApps;C:\Users\nk\AppData\Local\GitHubDesktop\bin;C:\Users\nk\AppData\Local\atom\bin
USERNAME=nk
OS=Windows_NT
PROCESSOR_IDENTIFIER=Intel64 Family 6 Model 78 Stepping 3, GenuineIntel



---------------  S Y S T E M  ---------------

OS: Windows 10.0 , 64 bit Build 17763 (10.0.17763.475)

CPU:total 4 (initial active 4) (2 cores per cpu, 2 threads per core) family 6 model 78 stepping 3, cmov, cx8, fxsr, mmx, sse, sse2, sse3, ssse3, sse4.1, sse4.2, popcnt, avx, avx2, aes, clmul, erms, 3dnowpref, lzcnt, ht, tsc, tscinvbit, bmi1, bmi2, adx

Memory: 4k page, physical 8292352k(1034772k free), swap 8292352k(19608k free)

vm_info: OpenJDK 64-Bit Server VM (25.202-b03) for windows-amd64 JRE (1.8.0_202-release-1483-b03), built by "builder" with MS VC++ 10.0 (VS2010)

time: Thu Sep 05 00:41:15 2019
timezone: RTZ 2 (зима)
elapsed time: 156 seconds (0d 0h 2m 36s)

