#
# There is insufficient memory for the Java Runtime Environment to continue.
# Native memory allocation (malloc) failed to allocate 105136 bytes for Chunk::new
# Possible reasons:
#   The system is out of physical RAM or swap space
#   The process is running with CompressedOops enabled, and the Java Heap may be blocking the growth of the native heap
# Possible solutions:
#   Reduce memory load on the system
#   Increase physical memory or swap space
#   Check if swap backing store is full
#   Decrease Java heap size (-Xmx/-Xms)
#   Decrease number of Java threads
#   Decrease Java thread stack sizes (-Xss)
#   Set larger code cache with -XX:ReservedCodeCacheSize=
#   JVM is running with Unscaled Compressed Oops mode in which the Java heap is
#     placed in the first 4GB address space. The Java Heap base address is the
#     maximum limit for the native heap growth. Please use -XX:HeapBaseMinAddress
#     to set the Java Heap base and to place the Java Heap above 4GB virtual address.
# This output file may be truncated or incomplete.
#
#  Out of Memory Error (allocation.cpp:389), pid=1624, tid=0x0000000000001be4
#
# JRE version: OpenJDK Runtime Environment (8.0_202-b03) (build 1.8.0_202-release-1483-b03)
# Java VM: OpenJDK 64-Bit Server VM (25.202-b03 mixed mode windows-amd64 compressed oops)
# Failed to write core dump. Minidumps are not enabled by default on client versions of Windows
#

---------------  T H R E A D  ---------------

Current thread (0x0000000016d2a000):  JavaThread "C2 CompilerThread1" daemon [_thread_in_native, id=7140, stack(0x0000000018450000,0x0000000018550000)]

Stack: [0x0000000018450000,0x0000000018550000]
[error occurred during error reporting (printing stack bounds), id 0xc0000005]

Native frames: (J=compiled Java code, j=interpreted, Vv=VM code, C=native code)


Current CompileTask:
C2: 211116 21844   !   4       java.io.ObjectOutputStream::writeObject0 (619 bytes)


---------------  P R O C E S S  ---------------

Java Threads: ( => current thread )
  0x0000000023fb6000 JavaThread "WorkerExecutor Queue Thread 4" [_thread_blocked, id=4360, stack(0x000000002be10000,0x000000002bf10000)]
  0x0000000023fb0800 JavaThread "WorkerExecutor Queue Thread 3" [_thread_blocked, id=1344, stack(0x000000002b710000,0x000000002b810000)]
  0x0000000023fa8800 JavaThread "WorkerExecutor Queue Thread 2" [_thread_in_native, id=4284, stack(0x000000002b610000,0x000000002b710000)]
  0x000000002008d000 JavaThread "WorkerExecutor Queue" [_thread_blocked, id=7804, stack(0x00000000273a0000,0x00000000274a0000)]
  0x0000000020093800 JavaThread "RMI TCP Connection(idle)" daemon [_thread_blocked, id=7696, stack(0x00000000272a0000,0x00000000273a0000)]
  0x000000002008b800 JavaThread "RMI TCP Connection(idle)" daemon [_thread_blocked, id=2208, stack(0x00000000270a0000,0x00000000271a0000)]
  0x0000000020092000 JavaThread "RMI Reaper" [_thread_blocked, id=6420, stack(0x0000000026fa0000,0x00000000270a0000)]
  0x000000002008a800 JavaThread "RMI TCP Accept-0" daemon [_thread_in_native, id=7580, stack(0x0000000026ea0000,0x0000000026fa0000)]
  0x0000000020090000 JavaThread "GC Daemon" daemon [_thread_blocked, id=7704, stack(0x0000000026da0000,0x0000000026ea0000)]
  0x0000000020091800 JavaThread "RMI Scheduler(0)" daemon [_thread_blocked, id=7640, stack(0x0000000026ba0000,0x0000000026ca0000)]
  0x000000002008a000 JavaThread "Cache worker for execution history cache (C:\Users\nk\Desktop\Schedule\.gradle\5.4.1\executionHistory)" [_thread_blocked, id=4032, stack(0x00000000269a0000,0x0000000026aa0000)]
  0x000000002008d800 JavaThread "Execution worker for ':' Thread 3" [_thread_blocked, id=4760, stack(0x00000000268a0000,0x00000000269a0000)]
  0x000000002008e800 JavaThread "Execution worker for ':' Thread 2" [_thread_in_native, id=400, stack(0x00000000267a0000,0x00000000268a0000)]
  0x0000000018d42800 JavaThread "Execution worker for ':'" [_thread_blocked, id=5136, stack(0x00000000266a0000,0x00000000267a0000)]
  0x000000002014c000 JavaThread "Cache worker for file content cache (C:\Users\nk\Desktop\Schedule\.gradle\5.4.1\fileContent)" [_thread_blocked, id=7356, stack(0x00000000265a0000,0x00000000266a0000)]
  0x000000002014b000 JavaThread "Cache worker for file content cache (C:\Users\nk\.gradle\caches\5.4.1\fileContent)" [_thread_blocked, id=4676, stack(0x00000000264a0000,0x00000000265a0000)]
  0x000000002014c800 JavaThread "Cache worker for Build Output Cleanup Cache (C:\Users\nk\Desktop\Schedule\.gradle\buildOutputCleanup)" [_thread_blocked, id=6124, stack(0x00000000263a0000,0x00000000264a0000)]
  0x0000000020144800 JavaThread "Build operations Thread 4" [_thread_blocked, id=7252, stack(0x00000000262a0000,0x00000000263a0000)]
  0x000000002014a800 JavaThread "Build operations Thread 3" [_thread_blocked, id=7220, stack(0x00000000261a0000,0x00000000262a0000)]
  0x0000000020149000 JavaThread "Build operations Thread 2" [_thread_blocked, id=3300, stack(0x00000000260a0000,0x00000000261a0000)]
  0x0000000020146000 JavaThread "Build operations" [_thread_blocked, id=7624, stack(0x0000000025fa0000,0x00000000260a0000)]
  0x0000000020148000 JavaThread "Cache worker for cache directory md-rule (C:\Users\nk\.gradle\caches\5.4.1\md-rule)" [_thread_blocked, id=7608, stack(0x0000000025ea0000,0x0000000025fa0000)]
  0x0000000020147800 JavaThread "Cache worker for cache directory md-supplier (C:\Users\nk\.gradle\caches\5.4.1\md-supplier)" [_thread_blocked, id=7484, stack(0x0000000025da0000,0x0000000025ea0000)]
  0x0000000020149800 JavaThread "Cache worker for file hash cache (C:\Users\nk\Desktop\Schedule\.gradle\5.4.1\fileHashes)" [_thread_blocked, id=816, stack(0x0000000025ca0000,0x0000000025da0000)]
  0x0000000020146800 JavaThread "Thread-32" [_thread_blocked, id=2456, stack(0x0000000025ba0000,0x0000000025ca0000)]
  0x0000000020140000 JavaThread "Asynchronous log dispatcher for DefaultDaemonConnection: socket connection from /127.0.0.1:6426 to /127.0.0.1:6451" [_thread_blocked, id=7636, stack(0x00000000259a0000,0x0000000025aa0000)]
  0x000000002013e800 JavaThread "Daemon worker Thread 2" [_thread_blocked, id=7904, stack(0x00000000258a0000,0x00000000259a0000)]
  0x0000000020143800 JavaThread "Cancel handler" [_thread_blocked, id=7692, stack(0x00000000257a0000,0x00000000258a0000)]
  0x0000000020143000 JavaThread "Handler for socket connection from /127.0.0.1:6426 to /127.0.0.1:6451" [_thread_in_native, id=7628, stack(0x00000000256a0000,0x00000000257a0000)]
  0x0000000020142000 JavaThread "Daemon Thread 2" [_thread_blocked, id=7880, stack(0x00000000255a0000,0x00000000256a0000)]
  0x0000000020140800 JavaThread "Memory manager" [_thread_blocked, id=4732, stack(0x0000000022b40000,0x0000000022c40000)]
  0x000000002013d800 JavaThread "Cache worker for execution history cache (C:\Users\nk\.gradle\caches\5.4.1\executionHistory)" [_thread_blocked, id=2164, stack(0x0000000021d40000,0x0000000021e40000)]
  0x0000000018d41800 JavaThread "Cache worker for journal cache (C:\Users\nk\.gradle\caches\journal-1)" [_thread_blocked, id=3556, stack(0x000000001b8b0000,0x000000001b9b0000)]
  0x0000000018d46000 JavaThread "File lock request listener" [_thread_in_native, id=2792, stack(0x000000001b7b0000,0x000000001b8b0000)]
  0x00000000187b4000 JavaThread "Cache worker for file hash cache (C:\Users\nk\.gradle\caches\5.4.1\fileHashes)" [_thread_blocked, id=4980, stack(0x000000001b6b0000,0x000000001b7b0000)]
  0x000000001882e000 JavaThread "Daemon periodic checks" [_thread_blocked, id=6824, stack(0x000000001acb0000,0x000000001adb0000)]
  0x00000000185ec000 JavaThread "Incoming local TCP Connector on port 6426" [_thread_in_native, id=1004, stack(0x000000001aa60000,0x000000001ab60000)]
  0x0000000019940800 JavaThread "Daemon health stats" [_thread_blocked, id=5576, stack(0x000000001a420000,0x000000001a520000)]
  0x0000000018560800 JavaThread "Service Thread" daemon [_thread_blocked, id=4664, stack(0x0000000018a50000,0x0000000018b50000)]
  0x0000000018553000 JavaThread "C1 CompilerThread2" daemon [_thread_blocked, id=1820, stack(0x0000000018950000,0x0000000018a50000)]
=>0x0000000016d2a000 JavaThread "C2 CompilerThread1" daemon [_thread_in_native, id=7140, stack(0x0000000018450000,0x0000000018550000)]
  0x000000000335a000 JavaThread "C2 CompilerThread0" daemon [_thread_in_native, id=4208, stack(0x0000000018350000,0x0000000018450000)]
  0x0000000016cd7800 JavaThread "Attach Listener" daemon [_thread_blocked, id=1180, stack(0x0000000018250000,0x0000000018350000)]
  0x0000000016cd6800 JavaThread "Signal Dispatcher" daemon [_thread_blocked, id=5900, stack(0x0000000018150000,0x0000000018250000)]
  0x0000000003356800 JavaThread "Finalizer" daemon [_thread_blocked, id=6732, stack(0x0000000017f50000,0x0000000018050000)]
  0x0000000016cb9000 JavaThread "Reference Handler" daemon [_thread_blocked, id=7144, stack(0x0000000017e50000,0x0000000017f50000)]
  0x000000000305e000 JavaThread "main" [_thread_blocked, id=1548, stack(0x0000000003160000,0x0000000003260000)]

Other Threads:
  0x0000000016c96000 VMThread [stack: 0x0000000017d50000,0x0000000017e50000] [id=6172]
  0x0000000018561800 WatcherThread [stack: 0x0000000018b50000,0x0000000018c50000] [id=1188]

VM state:not at safepoint (normal execution)

VM Mutex/Monitor currently owned by a thread: None

heap address: 0x00000000a0000000, size: 1536 MB, Compressed Oops mode: 32-bit
Narrow klass base: 0x0000000000000000, Narrow klass shift: 3
Compressed class space size: 1073741824 Address: 0x0000000100000000

Heap:
 PSYoungGen      total 367616K, used 122926K [0x00000000e0000000, 0x00000000f9680000, 0x0000000100000000)
  eden space 326144K, 27% used [0x00000000e0000000,0x00000000e58e9368,0x00000000f3e80000)
  from space 41472K, 76% used [0x00000000f6a80000,0x00000000f89a25c0,0x00000000f9300000)
  to   space 45056K, 0% used [0x00000000f3e80000,0x00000000f3e80000,0x00000000f6a80000)
 ParOldGen       total 158720K, used 115018K [0x00000000a0000000, 0x00000000a9b00000, 0x00000000e0000000)
  object space 158720K, 72% used [0x00000000a0000000,0x00000000a7052aa8,0x00000000a9b00000)
 Metaspace       used 140576K, capacity 144673K, committed 144832K, reserved 1175552K
  class space    used 17761K, capacity 18606K, committed 18688K, reserved 1048576K

Card table byte_map: [0x0000000012720000,0x0000000012a30000] byte_map_base: 0x0000000012220000

Marking Bits: (ParMarkBitMap*) 0x000000005ace9f30
 Begin Bits: [0x0000000013030000, 0x0000000014830000)
 End Bits:   [0x0000000014830000, 0x0000000016030000)

Polling page: 0x0000000001340000

CodeCache: size=245760Kb used=62785Kb max_used=62785Kb free=182975Kb
 bounds [0x0000000003360000, 0x0000000007100000, 0x0000000012360000]
 total_blobs=19316 nmethods=18356 adapters=870
 compilation: enabled

Compilation events (10 events):
Event: 211.036 Thread 0x0000000018553000 nmethod 21849 0x00000000070bcc90 code [0x00000000070bcde0, 0x00000000070bced0]
Event: 211.041 Thread 0x0000000018553000 21850       3       org.gradle.internal.service.DefaultServiceRegistry::noLongerMutable (24 bytes)
Event: 211.042 Thread 0x0000000018553000 nmethod 21850 0x00000000070ecf90 code [0x00000000070ed100, 0x00000000070ed430]
Event: 211.059 Thread 0x0000000018553000 21851       1       sun.nio.fs.WindowsFileSystem::getSeparator (3 bytes)
Event: 211.060 Thread 0x0000000018553000 nmethod 21851 0x00000000070eccd0 code [0x00000000070ece20, 0x00000000070ecf30]
Event: 211.060 Thread 0x0000000018553000 21852       3       com.google.common.cache.LongAdder::increment (6 bytes)
Event: 211.060 Thread 0x0000000018553000 nmethod 21852 0x00000000070ec8d0 code [0x00000000070eca40, 0x00000000070ecc48]
Event: 211.060 Thread 0x0000000018553000 21853       3       org.gradle.internal.service.DefaultServiceRegistry::serviceRequested (42 bytes)
Event: 211.062 Thread 0x0000000018553000 nmethod 21853 0x00000000070f6990 code [0x00000000070f6c00, 0x00000000070f7e08]
Event: 211.080 Thread 0x0000000018553000 21854       3       java.nio.channels.Channels::newInputStream (15 bytes)

GC Heap History (10 events):
Event: 178.963 GC heap before
{Heap before GC invocations=20 (full 3):
 PSYoungGen      total 253952K, used 253951K [0x00000000e0000000, 0x00000000f1080000, 0x0000000100000000)
  eden space 239616K, 100% used [0x00000000e0000000,0x00000000eea00000,0x00000000eea00000)
  from space 14336K, 99% used [0x00000000f0280000,0x00000000f107fca0,0x00000000f1080000)
  to   space 18944K, 0% used [0x00000000eeb80000,0x00000000eeb80000,0x00000000efe00000)
 ParOldGen       total 98304K, used 45060K [0x00000000a0000000, 0x00000000a6000000, 0x00000000e0000000)
  object space 98304K, 45% used [0x00000000a0000000,0x00000000a2c01090,0x00000000a6000000)
 Metaspace       used 90494K, capacity 93385K, committed 93656K, reserved 1130496K
  class space    used 11645K, capacity 12279K, committed 12288K, reserved 1048576K
Event: 179.017 GC heap after
Heap after GC invocations=20 (full 3):
 PSYoungGen      total 260096K, used 18933K [0x00000000e0000000, 0x00000000f4c80000, 0x0000000100000000)
  eden space 241152K, 0% used [0x00000000e0000000,0x00000000e0000000,0x00000000eeb80000)
  from space 18944K, 99% used [0x00000000eeb80000,0x00000000efdfd450,0x00000000efe00000)
  to   space 30208K, 0% used [0x00000000f2f00000,0x00000000f2f00000,0x00000000f4c80000)
 ParOldGen       total 98304K, used 67495K [0x00000000a0000000, 0x00000000a6000000, 0x00000000e0000000)
  object space 98304K, 68% used [0x00000000a0000000,0x00000000a41e9ed8,0x00000000a6000000)
 Metaspace       used 90494K, capacity 93385K, committed 93656K, reserved 1130496K
  class space    used 11645K, capacity 12279K, committed 12288K, reserved 1048576K
}
Event: 179.997 GC heap before
{Heap before GC invocations=21 (full 3):
 PSYoungGen      total 260096K, used 45223K [0x00000000e0000000, 0x00000000f4c80000, 0x0000000100000000)
  eden space 241152K, 10% used [0x00000000e0000000,0x00000000e19acb20,0x00000000eeb80000)
  from space 18944K, 99% used [0x00000000eeb80000,0x00000000efdfd450,0x00000000efe00000)
  to   space 30208K, 0% used [0x00000000f2f00000,0x00000000f2f00000,0x00000000f4c80000)
 ParOldGen       total 98304K, used 67495K [0x00000000a0000000, 0x00000000a6000000, 0x00000000e0000000)
  object space 98304K, 68% used [0x00000000a0000000,0x00000000a41e9ed8,0x00000000a6000000)
 Metaspace       used 95391K, capacity 98275K, committed 98496K, reserved 1134592K
  class space    used 12443K, capacity 13051K, committed 13056K, reserved 1048576K
Event: 180.024 GC heap after
Heap after GC invocations=21 (full 3):
 PSYoungGen      total 310784K, used 7006K [0x00000000e0000000, 0x00000000f4c00000, 0x0000000100000000)
  eden space 281088K, 0% used [0x00000000e0000000,0x00000000e0000000,0x00000000f1280000)
  from space 29696K, 23% used [0x00000000f2f00000,0x00000000f35d7848,0x00000000f4c00000)
  to   space 29184K, 0% used [0x00000000f1280000,0x00000000f1280000,0x00000000f2f00000)
 ParOldGen       total 98304K, used 80016K [0x00000000a0000000, 0x00000000a6000000, 0x00000000e0000000)
  object space 98304K, 81% used [0x00000000a0000000,0x00000000a4e24338,0x00000000a6000000)
 Metaspace       used 95391K, capacity 98275K, committed 98496K, reserved 1134592K
  class space    used 12443K, capacity 13051K, committed 13056K, reserved 1048576K
}
Event: 180.024 GC heap before
{Heap before GC invocations=22 (full 4):
 PSYoungGen      total 310784K, used 7006K [0x00000000e0000000, 0x00000000f4c00000, 0x0000000100000000)
  eden space 281088K, 0% used [0x00000000e0000000,0x00000000e0000000,0x00000000f1280000)
  from space 29696K, 23% used [0x00000000f2f00000,0x00000000f35d7848,0x00000000f4c00000)
  to   space 29184K, 0% used [0x00000000f1280000,0x00000000f1280000,0x00000000f2f00000)
 ParOldGen       total 98304K, used 80016K [0x00000000a0000000, 0x00000000a6000000, 0x00000000e0000000)
  object space 98304K, 81% used [0x00000000a0000000,0x00000000a4e24338,0x00000000a6000000)
 Metaspace       used 95391K, capacity 98275K, committed 98496K, reserved 1134592K
  class space    used 12443K, capacity 13051K, committed 13056K, reserved 1048576K
Event: 180.481 GC heap after
Heap after GC invocations=22 (full 4):
 PSYoungGen      total 310784K, used 0K [0x00000000e0000000, 0x00000000f4c00000, 0x0000000100000000)
  eden space 281088K, 0% used [0x00000000e0000000,0x00000000e0000000,0x00000000f1280000)
  from space 29696K, 0% used [0x00000000f2f00000,0x00000000f2f00000,0x00000000f4c00000)
  to   space 29184K, 0% used [0x00000000f1280000,0x00000000f1280000,0x00000000f2f00000)
 ParOldGen       total 158720K, used 66498K [0x00000000a0000000, 0x00000000a9b00000, 0x00000000e0000000)
  object space 158720K, 41% used [0x00000000a0000000,0x00000000a40f0be0,0x00000000a9b00000)
 Metaspace       used 95288K, capacity 97977K, committed 98496K, reserved 1134592K
  class space    used 12411K, capacity 12994K, committed 13056K, reserved 1048576K
}
Event: 195.808 GC heap before
{Heap before GC invocations=23 (full 4):
 PSYoungGen      total 310784K, used 281088K [0x00000000e0000000, 0x00000000f4c00000, 0x0000000100000000)
  eden space 281088K, 100% used [0x00000000e0000000,0x00000000f1280000,0x00000000f1280000)
  from space 29696K, 0% used [0x00000000f2f00000,0x00000000f2f00000,0x00000000f4c00000)
  to   space 29184K, 0% used [0x00000000f1280000,0x00000000f1280000,0x00000000f2f00000)
 ParOldGen       total 158720K, used 66498K [0x00000000a0000000, 0x00000000a9b00000, 0x00000000e0000000)
  object space 158720K, 41% used [0x00000000a0000000,0x00000000a40f0be0,0x00000000a9b00000)
 Metaspace       used 117937K, capacity 121233K, committed 121664K, reserved 1155072K
  class space    used 14988K, capacity 15702K, committed 15744K, reserved 1048576K
Event: 195.940 GC heap after
Heap after GC invocations=23 (full 4):
 PSYoungGen      total 310272K, used 29160K [0x00000000e0000000, 0x00000000f9300000, 0x0000000100000000)
  eden space 281088K, 0% used [0x00000000e0000000,0x00000000e0000000,0x00000000f1280000)
  from space 29184K, 99% used [0x00000000f1280000,0x00000000f2efa038,0x00000000f2f00000)
  to   space 41472K, 0% used [0x00000000f6a80000,0x00000000f6a80000,0x00000000f9300000)
 ParOldGen       total 158720K, used 87168K [0x00000000a0000000, 0x00000000a9b00000, 0x00000000e0000000)
  object space 158720K, 54% used [0x00000000a0000000,0x00000000a5520268,0x00000000a9b00000)
 Metaspace       used 117937K, capacity 121233K, committed 121664K, reserved 1155072K
  class space    used 14988K, capacity 15702K, committed 15744K, reserved 1048576K
}
Event: 207.767 GC heap before
{Heap before GC invocations=24 (full 4):
 PSYoungGen      total 310272K, used 310248K [0x00000000e0000000, 0x00000000f9300000, 0x0000000100000000)
  eden space 281088K, 100% used [0x00000000e0000000,0x00000000f1280000,0x00000000f1280000)
  from space 29184K, 99% used [0x00000000f1280000,0x00000000f2efa038,0x00000000f2f00000)
  to   space 41472K, 0% used [0x00000000f6a80000,0x00000000f6a80000,0x00000000f9300000)
 ParOldGen       total 158720K, used 87168K [0x00000000a0000000, 0x00000000a9b00000, 0x00000000e0000000)
  object space 158720K, 54% used [0x00000000a0000000,0x00000000a5520268,0x00000000a9b00000)
 Metaspace       used 132207K, capacity 135663K, committed 136128K, reserved 1167360K
  class space    used 16564K, capacity 17335K, committed 17408K, reserved 1048576K
Event: 207.890 GC heap after
Heap after GC invocations=24 (full 4):
 PSYoungGen      total 367616K, used 31881K [0x00000000e0000000, 0x00000000f9680000, 0x0000000100000000)
  eden space 326144K, 0% used [0x00000000e0000000,0x00000000e0000000,0x00000000f3e80000)
  from space 41472K, 76% used [0x00000000f6a80000,0x00000000f89a25c0,0x00000000f9300000)
  to   space 45056K, 0% used [0x00000000f3e80000,0x00000000f3e80000,0x00000000f6a80000)
 ParOldGen       total 158720K, used 115018K [0x00000000a0000000, 0x00000000a9b00000, 0x00000000e0000000)
  object space 158720K, 72% used [0x00000000a0000000,0x00000000a7052aa8,0x00000000a9b00000)
 Metaspace       used 132207K, capacity 135663K, committed 136128K, reserved 1167360K
  class space    used 16564K, capacity 17335K, committed 17408K, reserved 1048576K
}

Deoptimization events (10 events):
Event: 210.101 Thread 0x0000000023fa8800 Uncommon trap: reason=class_check action=maybe_recompile pc=0x0000000005cf788c method=java.util.stream.StreamOpFlag.fromCharacteristics(Ljava/util/Spliterator;)I @ 14
Event: 210.212 Thread 0x0000000023fa8800 Uncommon trap: reason=bimorphic action=maybe_recompile pc=0x0000000005672764 method=java.util.AbstractSet.equals(Ljava/lang/Object;)Z @ 28
Event: 210.212 Thread 0x0000000023fa8800 Uncommon trap: reason=bimorphic action=maybe_recompile pc=0x0000000005672764 method=java.util.AbstractSet.equals(Ljava/lang/Object;)Z @ 28
Event: 210.212 Thread 0x0000000023fa8800 Uncommon trap: reason=bimorphic action=maybe_recompile pc=0x0000000005672764 method=java.util.AbstractSet.equals(Ljava/lang/Object;)Z @ 28
Event: 210.213 Thread 0x0000000023fa8800 Uncommon trap: reason=bimorphic action=maybe_recompile pc=0x0000000005672764 method=java.util.AbstractSet.equals(Ljava/lang/Object;)Z @ 28
Event: 210.614 Thread 0x0000000023fa8800 Uncommon trap: reason=unstable_if action=reinterpret pc=0x0000000003ce0ca8 method=java.util.Arrays.equals([Ljava/lang/Object;[Ljava/lang/Object;)Z @ 47
Event: 210.870 Thread 0x000000002013e800 Uncommon trap: reason=unstable_if action=reinterpret pc=0x0000000004b86f78 method=java.io.ObjectStreamClass.writeNonProxy(Ljava/io/ObjectOutputStream;)V @ 53
Event: 210.872 Thread 0x000000002013e800 Uncommon trap: reason=array_check action=maybe_recompile pc=0x00000000070b17b0 method=java.util.TimSort.binarySort([Ljava/lang/Object;IIILjava/util/Comparator;)V @ 183
Event: 210.951 Thread 0x000000002008e800 Uncommon trap: reason=bimorphic action=maybe_recompile pc=0x00000000056d9fac method=java.util.AbstractSet.hashCode()I @ 29
Event: 211.023 Thread 0x0000000020146800 Uncommon trap: reason=unstable_if action=reinterpret pc=0x0000000004eebe20 method=com.esotericsoftware.kryo.io.Output.writeBytes([BII)V @ 61

Classes redefined (0 events):
No events

Internal exceptions (10 events):
Event: 208.684 Thread 0x0000000023faf000 Exception <a 'java/net/UnknownHostException': api.mixpanel.com> (0x00000000e1123240) thrown at [D:\src\AOSP-openjdk-cygwin\jdk8u\hotspot\src\share\vm\prims\jni.cpp, line 736]
Event: 208.931 Thread 0x000000002008d800 Exception <a 'java/lang/NoSuchMethodError': <clinit>> (0x00000000e1a344e8) thrown at [D:\src\AOSP-openjdk-cygwin\jdk8u\hotspot\src\share\vm\prims\jni.cpp, line 1614]
Event: 208.938 Thread 0x000000002008d800 Exception <a 'java/lang/NoSuchMethodError': <clinit>> (0x00000000e1a79dd0) thrown at [D:\src\AOSP-openjdk-cygwin\jdk8u\hotspot\src\share\vm\prims\jni.cpp, line 1614]
Event: 208.958 Thread 0x000000002008d800 Exception <a 'java/lang/NoSuchMethodError': <clinit>> (0x00000000e1a90ab8) thrown at [D:\src\AOSP-openjdk-cygwin\jdk8u\hotspot\src\share\vm\prims\jni.cpp, line 1614]
Event: 208.958 Thread 0x000000002008d800 Exception <a 'java/lang/NoSuchMethodError': <clinit>> (0x00000000e1a94be8) thrown at [D:\src\AOSP-openjdk-cygwin\jdk8u\hotspot\src\share\vm\prims\jni.cpp, line 1614]
Event: 209.014 Thread 0x000000002008d000 Exception <a 'java/lang/NoSuchMethodError': java.lang.Object.lambda$and$0(Ljava/util/function/Predicate;Ljava/lang/Object;)Z> (0x00000000e2214268) thrown at [D:\src\AOSP-openjdk-cygwin\jdk8u\hotspot\src\share\vm\interpreter\linkResolver.cpp, line 620]
Event: 209.021 Thread 0x000000002008d000 Exception <a 'java/lang/NoSuchMethodError': java.lang.Object.lambda$static$0(Ljava/lang/String;)Z> (0x00000000e2296a98) thrown at [D:\src\AOSP-openjdk-cygwin\jdk8u\hotspot\src\share\vm\interpreter\linkResolver.cpp, line 620]
Event: 209.246 Thread 0x0000000023fa8800 Exception <a 'sun/nio/fs/WindowsException'> (0x00000000e274f768) thrown at [D:\src\AOSP-openjdk-cygwin\jdk8u\hotspot\src\share\vm\prims\jni.cpp, line 710]
Event: 210.671 Thread 0x0000000023fa8800 Exception <a 'sun/nio/fs/WindowsException'> (0x00000000e4347fe8) thrown at [D:\src\AOSP-openjdk-cygwin\jdk8u\hotspot\src\share\vm\prims\jni.cpp, line 710]
Event: 210.872 Thread 0x000000002013e800 Exception <a 'java/lang/NoSuchMethodError': <clinit>> (0x00000000e44ec950) thrown at [D:\src\AOSP-openjdk-cygwin\jdk8u\hotspot\src\share\vm\prims\jni.cpp, line 1614]

Events (10 events):
Event: 210.972 loading class com/android/builder/dexing/DexArchives done
Event: 210.973 loading class com/android/builder/dexing/DexArchive
Event: 210.973 loading class com/android/builder/dexing/DexArchive done
Event: 210.974 loading class com/android/builder/dexing/DirDexArchive
Event: 210.974 loading class com/android/builder/dexing/DirDexArchive done
Event: 210.977 loading class com/android/builder/dexing/DexArchiveEntry
Event: 210.977 loading class com/android/builder/dexing/DexArchiveEntry done
Event: 211.023 Thread 0x0000000020146800 Uncommon trap: trap_request=0xffffff65 fr.pc=0x0000000004eebe20
Event: 211.023 Thread 0x0000000020146800 DEOPT PACKING pc=0x0000000004eebe20 sp=0x0000000025c9e230
Event: 211.023 Thread 0x0000000020146800 DEOPT UNPACKING pc=0x00000000033a557b sp=0x0000000025c9e0a8 mode 2


Dynamic libraries:
0x00007ff620470000 - 0x00007ff6204a1000 	C:\Program Files\Android\Android Studio\jre\bin\java.exe
0x00007ffa9a420000 - 0x00007ffa9a60d000 	C:\Windows\SYSTEM32\ntdll.dll
0x00007ffa97670000 - 0x00007ffa97723000 	C:\Windows\System32\KERNEL32.DLL
0x00007ffa96c80000 - 0x00007ffa96f13000 	C:\Windows\System32\KERNELBASE.dll
0x00007ffa99ee0000 - 0x00007ffa99f83000 	C:\Windows\System32\ADVAPI32.dll
0x00007ffa977f0000 - 0x00007ffa9788e000 	C:\Windows\System32\msvcrt.dll
0x00007ffa99c90000 - 0x00007ffa99d2e000 	C:\Windows\System32\sechost.dll
0x00007ffa9a2f0000 - 0x00007ffa9a412000 	C:\Windows\System32\RPCRT4.dll
0x00007ffa98f20000 - 0x00007ffa990b7000 	C:\Windows\System32\USER32.dll
0x00007ffa96ac0000 - 0x00007ffa96ae0000 	C:\Windows\System32\win32u.dll
0x00007ffa9a100000 - 0x00007ffa9a129000 	C:\Windows\System32\GDI32.dll
0x00007ffa96620000 - 0x00007ffa967b9000 	C:\Windows\System32\gdi32full.dll
0x00007ffa96a20000 - 0x00007ffa96ac0000 	C:\Windows\System32\msvcp_win.dll
0x00007ffa96b80000 - 0x00007ffa96c7a000 	C:\Windows\System32\ucrtbase.dll
0x00007ffa844f0000 - 0x00007ffa84769000 	C:\Windows\WinSxS\amd64_microsoft.windows.common-controls_6595b64144ccf1df_6.0.17763.719_none_05b84458071c8757\COMCTL32.dll
0x00007ffa990c0000 - 0x00007ffa993ec000 	C:\Windows\System32\combase.dll
0x00007ffa96ae0000 - 0x00007ffa96b5e000 	C:\Windows\System32\bcryptPrimitives.dll
0x00007ffa97730000 - 0x00007ffa9775e000 	C:\Windows\System32\IMM32.DLL
0x000000005c9e0000 - 0x000000005cab2000 	C:\Program Files\Android\Android Studio\jre\jre\bin\msvcr100.dll
0x000000005a520000 - 0x000000005ad66000 	C:\Program Files\Android\Android Studio\jre\jre\bin\server\jvm.dll
0x00007ffa977e0000 - 0x00007ffa977e8000 	C:\Windows\System32\PSAPI.DLL
0x00007ffa925b0000 - 0x00007ffa925d4000 	C:\Windows\SYSTEM32\WINMM.dll
0x00007ffa932b0000 - 0x00007ffa932b9000 	C:\Windows\SYSTEM32\WSOCK32.dll
0x00007ffa92bf0000 - 0x00007ffa92bfa000 	C:\Windows\SYSTEM32\VERSION.dll
0x00007ffa99870000 - 0x00007ffa998dd000 	C:\Windows\System32\WS2_32.dll
0x00007ffa92580000 - 0x00007ffa925ad000 	C:\Windows\SYSTEM32\WINMMBASE.dll
0x00007ffa969d0000 - 0x00007ffa96a1a000 	C:\Windows\System32\cfgmgr32.dll
0x00007ffa92100000 - 0x00007ffa9210f000 	C:\Program Files\Android\Android Studio\jre\jre\bin\verify.dll
0x00007ffa91de0000 - 0x00007ffa91e09000 	C:\Program Files\Android\Android Studio\jre\jre\bin\java.dll
0x00007ffa91ee0000 - 0x00007ffa91ef6000 	C:\Program Files\Android\Android Studio\jre\jre\bin\zip.dll
0x00007ffa97890000 - 0x00007ffa98d82000 	C:\Windows\System32\SHELL32.dll
0x00007ffa99b30000 - 0x00007ffa99bd8000 	C:\Windows\System32\shcore.dll
0x00007ffa96f20000 - 0x00007ffa9766a000 	C:\Windows\System32\windows.storage.dll
0x00007ffa96460000 - 0x00007ffa96484000 	C:\Windows\System32\profapi.dll
0x00007ffa964b0000 - 0x00007ffa9650d000 	C:\Windows\System32\powrprof.dll
0x00007ffa99960000 - 0x00007ffa999b2000 	C:\Windows\System32\shlwapi.dll
0x00007ffa96440000 - 0x00007ffa96451000 	C:\Windows\System32\kernel.appcore.dll
0x00007ffa96b60000 - 0x00007ffa96b77000 	C:\Windows\System32\cryptsp.dll
0x00007ffa91dc0000 - 0x00007ffa91dda000 	C:\Program Files\Android\Android Studio\jre\jre\bin\net.dll
0x00007ffa95cb0000 - 0x00007ffa95d17000 	C:\Windows\system32\mswsock.dll
0x00007ffa91da0000 - 0x00007ffa91db1000 	C:\Program Files\Android\Android Studio\jre\jre\bin\nio.dll
0x00007ffa8c390000 - 0x00007ffa8c3b6000 	C:\Users\nk\.gradle\native\29\windows-amd64\native-platform.dll
0x00007ffa920f0000 - 0x00007ffa920fd000 	C:\Program Files\Android\Android Studio\jre\jre\bin\management.dll
0x00007ffa95830000 - 0x00007ffa95863000 	C:\Windows\system32\rsaenh.dll
0x00007ffa969a0000 - 0x00007ffa969c6000 	C:\Windows\System32\bcrypt.dll
0x00007ffa96370000 - 0x00007ffa96398000 	C:\Windows\SYSTEM32\USERENV.dll
0x00007ffa95e80000 - 0x00007ffa95e8c000 	C:\Windows\SYSTEM32\CRYPTBASE.dll
0x00007ffa959d0000 - 0x00007ffa95a0d000 	C:\Windows\SYSTEM32\IPHLPAPI.DLL
0x00007ffa99b20000 - 0x00007ffa99b28000 	C:\Windows\System32\NSI.dll
0x00007ffa8e220000 - 0x00007ffa8e236000 	C:\Windows\SYSTEM32\dhcpcsvc6.DLL
0x00007ffa8e4e0000 - 0x00007ffa8e4fc000 	C:\Windows\SYSTEM32\dhcpcsvc.DLL
0x00007ffa95a10000 - 0x00007ffa95ad6000 	C:\Windows\SYSTEM32\DNSAPI.dll
0x00007ffa914d0000 - 0x00007ffa914ee000 	C:\Temp\native-platform6016490643244100384dir\native-platform.dll
0x00007ffa89880000 - 0x00007ffa89a1c000 	C:\Program Files\Android\Android Studio\jre\jre\bin\awt.dll
0x00007ffa99d30000 - 0x00007ffa99df4000 	C:\Windows\System32\OLEAUT32.dll
0x00007ffa94ae0000 - 0x00007ffa94b0e000 	C:\Windows\SYSTEM32\dwmapi.dll
0x00007ffa967c0000 - 0x00007ffa9699b000 	C:\Windows\System32\CRYPT32.dll
0x00007ffa96490000 - 0x00007ffa964a2000 	C:\Windows\System32\MSASN1.dll
0x00007ffa93720000 - 0x00007ffa93cde000 	C:\Windows\SYSTEM32\d2d1.dll
0x00007ffa946b0000 - 0x00007ffa9473c000 	C:\Windows\SYSTEM32\apphelp.dll
0x00007ffa90ac0000 - 0x00007ffa90ae4000 	C:\Program Files\Android\Android Studio\jre\jre\bin\sunec.dll
0x00007ffa91a20000 - 0x00007ffa91a2b000 	C:\Program Files\Android\Android Studio\jre\jre\bin\sunmscapi.dll
0x00007ffa8a220000 - 0x00007ffa8a22a000 	C:\Windows\System32\rasadhlp.dll

VM Arguments:
jvm_args: -Xmx1536m -Dfile.encoding=windows-1251 -Duser.country=RU -Duser.language=ru -Duser.variant 
java_command: org.gradle.launcher.daemon.bootstrap.GradleDaemon 5.4.1
java_class_path (initial): C:\Users\nk\.gradle\wrapper\dists\gradle-5.4.1-all\3221gyojl5jsh0helicew7rwx\gradle-5.4.1\lib\gradle-launcher-5.4.1.jar
Launcher Type: SUN_STANDARD

Environment Variables:
JAVA_HOME=C:\Program Files\Java\jdk1.8.0_221
CLASSPATH=C:\mpj-v0_44\lib\mpj.jar
PATH=C:\Program Files (x86)\Common Files\Oracle\Java\javapath;C:\Program Files (x86)\Intel\iCLS Client\;C:\Program Files\Intel\iCLS Client\;C:\Windows\system32;C:\Windows;C:\Windows\System32\Wbem;C:\Windows\System32\WindowsPowerShell\v1.0\;C:\Program Files (x86)\NVIDIA Corporation\PhysX\Common;C:\Program Files (x86)\Intel\Intel(R) Management Engine Components\DAL;C:\Program Files\Intel\Intel(R) Management Engine Components\DAL;C:\Program Files (x86)\Intel\Intel(R) Management Engine Components\IPT;C:\Program Files\Intel\Intel(R) Management Engine Components\IPT;C:\Program Files\Git\cmd;C:\Program Files\Java\jdk1.8.0_221\bin;C:\Users\nk\AppData\Local\Programs\Python\Python37\Scripts\;C:\Users\nk\AppData\Local\Programs\Python\Python37\;C:\Users\nk\AppData\Local\Microsoft\WindowsApps;C:\Users\nk\AppData\Local\GitHubDesktop\bin;C:\Users\nk\AppData\Local\atom\bin;C:\mpj-v0_44\bin;C:\Program Files\mingw-w64\x86_64-8.1.0-posix-seh-rt_v6-rev0\mingw64\bin;C:\Program Files\swipl\bin;C:\Program Files\JetBrains\IntelliJ IDEA Community Edition 2019.2.2\bin;;C:\Program Files\JetBrains\PyCharm Community Edition 2019.2.3\bin;;C:\Users\nk\AppData\Local\Programs\Microsoft VS Code\bin
USERNAME=nk
OS=Windows_NT
PROCESSOR_IDENTIFIER=Intel64 Family 6 Model 78 Stepping 3, GenuineIntel



---------------  S Y S T E M  ---------------

OS: Windows 10.0 , 64 bit Build 17763 (10.0.17763.475)

CPU:total 4 (initial active 4) (2 cores per cpu, 2 threads per core) family 6 model 78 stepping 3, cmov, cx8, fxsr, mmx, sse, sse2, sse3, ssse3, sse4.1, sse4.2, popcnt, avx, avx2, aes, clmul, erms, 3dnowpref, lzcnt, ht, tsc, tscinvbit, bmi1, bmi2, adx

Memory: 4k page, physical 8292352k(1287576k free), swap 8292352k(500k free)

vm_info: OpenJDK 64-Bit Server VM (25.202-b03) for windows-amd64 JRE (1.8.0_202-release-1483-b03), built by "builder" with MS VC++ 10.0 (VS2010)

time: Thu Oct 31 15:20:46 2019
timezone: RTZ 2 (зима)
elapsed time: 211 seconds (0d 0h 3m 31s)

