#
# There is insufficient memory for the Java Runtime Environment to continue.
# Native memory allocation (malloc) failed to allocate 131088 bytes for Chunk::new
# Possible reasons:
#   The system is out of physical RAM or swap space
#   The process is running with CompressedOops enabled, and the Java Heap may be blocking the growth of the native heap
# Possible solutions:
#   Reduce memory load on the system
#   Increase physical memory or swap space
#   Check if swap backing store is full
#   Decrease Java heap size (-Xmx/-Xms)
#   Decrease number of Java threads
#   Decrease Java thread stack sizes (-Xss)
#   Set larger code cache with -XX:ReservedCodeCacheSize=
#   JVM is running with Unscaled Compressed Oops mode in which the Java heap is
#     placed in the first 4GB address space. The Java Heap base address is the
#     maximum limit for the native heap growth. Please use -XX:HeapBaseMinAddress
#     to set the Java Heap base and to place the Java Heap above 4GB virtual address.
# This output file may be truncated or incomplete.
#
#  Out of Memory Error (allocation.cpp:389), pid=6724, tid=0x000000000000062c
#
# JRE version: OpenJDK Runtime Environment (8.0_202-b03) (build 1.8.0_202-release-1483-b03)
# Java VM: OpenJDK 64-Bit Server VM (25.202-b03 mixed mode windows-amd64 compressed oops)
# Failed to write core dump. Minidumps are not enabled by default on client versions of Windows
#

---------------  T H R E A D  ---------------

Current thread (0x0000000016dab800):  JavaThread "C2 CompilerThread1" daemon [_thread_in_native, id=1580, stack(0x0000000018510000,0x0000000018610000)]

Stack: [0x0000000018510000,0x0000000018610000]
[error occurred during error reporting (printing stack bounds), id 0xc0000005]

Native frames: (J=compiled Java code, j=interpreted, Vv=VM code, C=native code)


Current CompileTask:
C2: 372882 8692       4       java.io.ObjectOutputStream::writeClassDesc (60 bytes)


---------------  P R O C E S S  ---------------

Java Threads: ( => current thread )
  0x000000001d5f9800 JavaThread "Cache worker for execution history cache (C:\Users\nk\Desktop\Schedule\.gradle\5.4.1\executionHistory)" [_thread_blocked, id=4840, stack(0x0000000026e70000,0x0000000026f70000)]
  0x000000001d5f2000 JavaThread "Execution worker for ':' Thread 3" [_thread_in_Java, id=5116, stack(0x0000000026d70000,0x0000000026e70000)]
  0x000000001d5f9000 JavaThread "Execution worker for ':' Thread 2" [_thread_blocked, id=2944, stack(0x0000000026c70000,0x0000000026d70000)]
  0x000000001d5f6000 JavaThread "Execution worker for ':'" [_thread_blocked, id=944, stack(0x0000000026b70000,0x0000000026c70000)]
  0x0000000019670000 JavaThread "Cache worker for file content cache (C:\Users\nk\Desktop\Schedule\.gradle\5.4.1\fileContent)" [_thread_blocked, id=4584, stack(0x0000000026a70000,0x0000000026b70000)]
  0x000000001fb5c800 JavaThread "Cache worker for file content cache (C:\Users\nk\.gradle\caches\5.4.1\fileContent)" [_thread_blocked, id=5264, stack(0x0000000026970000,0x0000000026a70000)]
  0x000000001fb5b000 JavaThread "Cache worker for Build Output Cleanup Cache (C:\Users\nk\Desktop\Schedule\.gradle\buildOutputCleanup)" [_thread_blocked, id=7420, stack(0x0000000026870000,0x0000000026970000)]
  0x000000001fb5a000 JavaThread "Build operations Thread 4" [_thread_blocked, id=1688, stack(0x0000000026770000,0x0000000026870000)]
  0x000000001fb59800 JavaThread "Build operations Thread 3" [_thread_blocked, id=5396, stack(0x0000000026670000,0x0000000026770000)]
  0x000000001fb58800 JavaThread "Build operations Thread 2" [_thread_blocked, id=6324, stack(0x0000000026570000,0x0000000026670000)]
  0x000000001fb5b800 JavaThread "Build operations" [_thread_blocked, id=7036, stack(0x0000000026470000,0x0000000026570000)]
  0x000000001fb50000 JavaThread "Cache worker for cache directory md-rule (C:\Users\nk\.gradle\caches\5.4.1\md-rule)" [_thread_blocked, id=7268, stack(0x0000000026370000,0x0000000026470000)]
  0x000000001fb57000 JavaThread "Cache worker for cache directory md-supplier (C:\Users\nk\.gradle\caches\5.4.1\md-supplier)" [_thread_blocked, id=7148, stack(0x0000000026270000,0x0000000026370000)]
  0x000000001fb55000 JavaThread "Cache worker for file hash cache (C:\Users\nk\Desktop\Schedule\.gradle\5.4.1\fileHashes)" [_thread_blocked, id=7956, stack(0x0000000026170000,0x0000000026270000)]
  0x000000001fb53800 JavaThread "Thread-32" [_thread_blocked, id=5388, stack(0x0000000026070000,0x0000000026170000)]
  0x000000001fb51800 JavaThread "Stdin handler" [_thread_blocked, id=1220, stack(0x0000000025f70000,0x0000000026070000)]
  0x000000001fb56800 JavaThread "Asynchronous log dispatcher for DefaultDaemonConnection: socket connection from /127.0.0.1:3921 to /127.0.0.1:3961" [_thread_blocked, id=4872, stack(0x0000000025e70000,0x0000000025f70000)]
  0x000000001fb4e000 JavaThread "Daemon worker Thread 2" [_thread_blocked, id=1120, stack(0x0000000025d70000,0x0000000025e70000)]
  0x000000001fb54000 JavaThread "Cancel handler" [_thread_blocked, id=5144, stack(0x0000000025c70000,0x0000000025d70000)]
  0x000000001fb4f800 JavaThread "Handler for socket connection from /127.0.0.1:3921 to /127.0.0.1:3961" [_thread_in_native, id=4576, stack(0x0000000025b70000,0x0000000025c70000)]
  0x000000001fb52800 JavaThread "Daemon Thread 2" [_thread_blocked, id=4088, stack(0x0000000025a70000,0x0000000025b70000)]
  0x000000001fb51000 JavaThread "Memory manager" [_thread_blocked, id=7636, stack(0x0000000022640000,0x0000000022740000)]
  0x000000001fb4d000 JavaThread "Cache worker for execution history cache (C:\Users\nk\.gradle\caches\5.4.1\executionHistory)" [_thread_blocked, id=2988, stack(0x0000000020f10000,0x0000000021010000)]
  0x0000000019669000 JavaThread "Cache worker for journal cache (C:\Users\nk\.gradle\caches\journal-1)" [_thread_blocked, id=5188, stack(0x000000001b970000,0x000000001ba70000)]
  0x000000001966e800 JavaThread "File lock request listener" [_thread_in_native, id=6020, stack(0x000000001b870000,0x000000001b970000)]
  0x000000001966b800 JavaThread "Cache worker for file hash cache (C:\Users\nk\.gradle\caches\5.4.1\fileHashes)" [_thread_blocked, id=8188, stack(0x000000001b770000,0x000000001b870000)]
  0x0000000018dc5000 JavaThread "Daemon periodic checks" [_thread_blocked, id=1940, stack(0x000000001ad70000,0x000000001ae70000)]
  0x0000000018d9d800 JavaThread "Incoming local TCP Connector on port 3921" [_thread_in_native, id=5852, stack(0x000000001ab20000,0x000000001ac20000)]
  0x0000000019ed8800 JavaThread "Daemon health stats" [_thread_blocked, id=7516, stack(0x000000001a4e0000,0x000000001a5e0000)]
  0x0000000016dfc000 JavaThread "Service Thread" daemon [_thread_blocked, id=7760, stack(0x0000000018b10000,0x0000000018c10000)]
  0x0000000016dd6000 JavaThread "C1 CompilerThread2" daemon [_thread_blocked, id=2456, stack(0x0000000018610000,0x0000000018710000)]
=>0x0000000016dab800 JavaThread "C2 CompilerThread1" daemon [_thread_in_native, id=1580, stack(0x0000000018510000,0x0000000018610000)]
  0x0000000016da4800 JavaThread "C2 CompilerThread0" daemon [_thread_in_native, id=3752, stack(0x0000000018410000,0x0000000018510000)]
  0x0000000016da2800 JavaThread "Attach Listener" daemon [_thread_blocked, id=5104, stack(0x0000000018310000,0x0000000018410000)]
  0x0000000016da8800 JavaThread "Signal Dispatcher" daemon [_thread_blocked, id=7336, stack(0x0000000018210000,0x0000000018310000)]
  0x000000000333c800 JavaThread "Finalizer" daemon [_thread_blocked, id=7104, stack(0x0000000018010000,0x0000000018110000)]
  0x0000000016d89000 JavaThread "Reference Handler" daemon [_thread_blocked, id=216, stack(0x0000000017f10000,0x0000000018010000)]
  0x000000000342e000 JavaThread "main" [_thread_blocked, id=5352, stack(0x0000000003080000,0x0000000003180000)]

Other Threads:
  0x0000000016d66000 VMThread [stack: 0x0000000017e10000,0x0000000017f10000] [id=4324]
  0x0000000018736800 WatcherThread [stack: 0x0000000018c10000,0x0000000018d10000] [id=2284]

VM state:not at safepoint (normal execution)

VM Mutex/Monitor currently owned by a thread: None

heap address: 0x00000000a0000000, size: 1536 MB, Compressed Oops mode: 32-bit
Narrow klass base: 0x0000000000000000, Narrow klass shift: 3
Compressed class space size: 1073741824 Address: 0x0000000100000000

Heap:
 PSYoungGen      total 222208K, used 76428K [0x00000000e0000000, 0x00000000f1680000, 0x0000000100000000)
  eden space 202240K, 29% used [0x00000000e0000000,0x00000000e39c5388,0x00000000ec580000)
  from space 19968K, 86% used [0x00000000ec580000,0x00000000ed65de60,0x00000000ed900000)
  to   space 19456K, 0% used [0x00000000ed900000,0x00000000ed900000,0x00000000eec00000)
 ParOldGen       total 108544K, used 29826K [0x00000000a0000000, 0x00000000a6a00000, 0x00000000e0000000)
  object space 108544K, 27% used [0x00000000a0000000,0x00000000a1d208c8,0x00000000a6a00000)
 Metaspace       used 66392K, capacity 68482K, committed 68568K, reserved 1107968K
  class space    used 8657K, capacity 9119K, committed 9176K, reserved 1048576K

Card table byte_map: [0x00000000127f0000,0x0000000012b00000] byte_map_base: 0x00000000122f0000

Marking Bits: (ParMarkBitMap*) 0x0000000077d29f30
 Begin Bits: [0x0000000013100000, 0x0000000014900000)
 End Bits:   [0x0000000014900000, 0x0000000016100000)

Polling page: 0x0000000000ff0000

CodeCache: size=245760Kb used=23981Kb max_used=23994Kb free=221778Kb
 bounds [0x0000000003430000, 0x0000000004bc0000, 0x0000000012430000]
 total_blobs=8461 nmethods=7668 adapters=704
 compilation: enabled

Compilation events (10 events):
Event: 372.831 Thread 0x0000000016dd6000 8704       3       org.gradle.internal.operations.DefaultBuildOperationQueue::access$1210 (12 bytes)
Event: 372.831 Thread 0x0000000016dd6000 nmethod 8704 0x0000000004bade50 code [0x0000000004badfa0, 0x0000000004bae0f0]
Event: 372.855 Thread 0x0000000016dd6000 8707   !   3       org.gradle.api.internal.artifacts.ivyservice.ResolvedFilesCollectingVisitor::visitArtifact (38 bytes)
Event: 372.855 Thread 0x0000000016dd6000 nmethod 8707 0x0000000004bb27d0 code [0x0000000004bb2960, 0x0000000004bb2d08]
Event: 372.855 Thread 0x0000000016dd6000 8708       3       org.gradle.api.internal.artifacts.ivyservice.modulecache.dynamicversions.DefaultResolvedModuleVersion::<init> (10 bytes)
Event: 372.856 Thread 0x0000000016dd6000 nmethod 8708 0x0000000004bb2f10 code [0x0000000004bb3060, 0x0000000004bb3230]
Event: 372.859 Thread 0x0000000016da4800 nmethod 8699 0x0000000004bb6e10 code [0x0000000004bb7080, 0x0000000004bb7f10]
Event: 372.859 Thread 0x0000000016da4800 8701       4       java.util.concurrent.locks.ReentrantLock::lockInterruptibly (9 bytes)
Event: 372.877 Thread 0x0000000016da4800 nmethod 8701 0x0000000004bb9250 code [0x0000000004bb9400, 0x0000000004bb9aa0]
Event: 372.877 Thread 0x0000000016da4800 8700       4       org.gradle.tooling.internal.provider.runner.SubtreeFilteringBuildOperationListener::finished (72 bytes)

GC Heap History (10 events):
Event: 22.946 GC heap before
{Heap before GC invocations=12 (full 2):
 PSYoungGen      total 129024K, used 118272K [0x00000000e0000000, 0x00000000ec100000, 0x0000000100000000)
  eden space 118272K, 100% used [0x00000000e0000000,0x00000000e7380000,0x00000000e7380000)
  from space 10752K, 0% used [0x00000000e7380000,0x00000000e7380000,0x00000000e7e00000)
  to   space 11776K, 0% used [0x00000000eb580000,0x00000000eb580000,0x00000000ec100000)
 ParOldGen       total 80384K, used 17725K [0x00000000a0000000, 0x00000000a4e80000, 0x00000000e0000000)
  object space 80384K, 22% used [0x00000000a0000000,0x00000000a114f578,0x00000000a4e80000)
 Metaspace       used 46154K, capacity 47136K, committed 47448K, reserved 1089536K
  class space    used 6155K, capacity 6388K, committed 6488K, reserved 1048576K
Event: 23.011 GC heap after
Heap after GC invocations=12 (full 2):
 PSYoungGen      total 166912K, used 11756K [0x00000000e0000000, 0x00000000ec100000, 0x0000000100000000)
  eden space 155136K, 0% used [0x00000000e0000000,0x00000000e0000000,0x00000000e9780000)
  from space 11776K, 99% used [0x00000000eb580000,0x00000000ec0fb158,0x00000000ec100000)
  to   space 14336K, 0% used [0x00000000ea500000,0x00000000ea500000,0x00000000eb300000)
 ParOldGen       total 80384K, used 21102K [0x00000000a0000000, 0x00000000a4e80000, 0x00000000e0000000)
  object space 80384K, 26% used [0x00000000a0000000,0x00000000a149b848,0x00000000a4e80000)
 Metaspace       used 46154K, capacity 47136K, committed 47448K, reserved 1089536K
  class space    used 6155K, capacity 6388K, committed 6488K, reserved 1048576K
}
Event: 28.158 GC heap before
{Heap before GC invocations=13 (full 2):
 PSYoungGen      total 166912K, used 166892K [0x00000000e0000000, 0x00000000ec100000, 0x0000000100000000)
  eden space 155136K, 100% used [0x00000000e0000000,0x00000000e9780000,0x00000000e9780000)
  from space 11776K, 99% used [0x00000000eb580000,0x00000000ec0fb158,0x00000000ec100000)
  to   space 14336K, 0% used [0x00000000ea500000,0x00000000ea500000,0x00000000eb300000)
 ParOldGen       total 80384K, used 21102K [0x00000000a0000000, 0x00000000a4e80000, 0x00000000e0000000)
  object space 80384K, 26% used [0x00000000a0000000,0x00000000a149b848,0x00000000a4e80000)
 Metaspace       used 57096K, capacity 58580K, committed 58840K, reserved 1099776K
  class space    used 7707K, capacity 8062K, committed 8152K, reserved 1048576K
Event: 28.233 GC heap after
Heap after GC invocations=13 (full 2):
 PSYoungGen      total 183296K, used 14326K [0x00000000e0000000, 0x00000000eec00000, 0x0000000100000000)
  eden space 168960K, 0% used [0x00000000e0000000,0x00000000e0000000,0x00000000ea500000)
  from space 14336K, 99% used [0x00000000ea500000,0x00000000eb2fd8d8,0x00000000eb300000)
  to   space 19456K, 0% used [0x00000000ed900000,0x00000000ed900000,0x00000000eec00000)
 ParOldGen       total 80384K, used 29918K [0x00000000a0000000, 0x00000000a4e80000, 0x00000000e0000000)
  object space 80384K, 37% used [0x00000000a0000000,0x00000000a1d37a28,0x00000000a4e80000)
 Metaspace       used 57096K, capacity 58580K, committed 58840K, reserved 1099776K
  class space    used 7707K, capacity 8062K, committed 8152K, reserved 1048576K
}
Event: 28.428 GC heap before
{Heap before GC invocations=14 (full 2):
 PSYoungGen      total 183296K, used 24171K [0x00000000e0000000, 0x00000000eec00000, 0x0000000100000000)
  eden space 168960K, 5% used [0x00000000e0000000,0x00000000e099d6d8,0x00000000ea500000)
  from space 14336K, 99% used [0x00000000ea500000,0x00000000eb2fd8d8,0x00000000eb300000)
  to   space 19456K, 0% used [0x00000000ed900000,0x00000000ed900000,0x00000000eec00000)
 ParOldGen       total 80384K, used 29918K [0x00000000a0000000, 0x00000000a4e80000, 0x00000000e0000000)
  object space 80384K, 37% used [0x00000000a0000000,0x00000000a1d37a28,0x00000000a4e80000)
 Metaspace       used 57488K, capacity 58988K, committed 59028K, reserved 1099776K
  class space    used 7778K, capacity 8130K, committed 8152K, reserved 1048576K
Event: 28.460 GC heap after
Heap after GC invocations=14 (full 2):
 PSYoungGen      total 221696K, used 576K [0x00000000e0000000, 0x00000000f1680000, 0x0000000100000000)
  eden space 202240K, 0% used [0x00000000e0000000,0x00000000e0000000,0x00000000ec580000)
  from space 19456K, 2% used [0x00000000ed900000,0x00000000ed990000,0x00000000eec00000)
  to   space 19968K, 0% used [0x00000000ec580000,0x00000000ec580000,0x00000000ed900000)
 ParOldGen       total 80384K, used 37681K [0x00000000a0000000, 0x00000000a4e80000, 0x00000000e0000000)
  object space 80384K, 46% used [0x00000000a0000000,0x00000000a24cc700,0x00000000a4e80000)
 Metaspace       used 57488K, capacity 58988K, committed 59028K, reserved 1099776K
  class space    used 7778K, capacity 8130K, committed 8152K, reserved 1048576K
}
Event: 28.460 GC heap before
{Heap before GC invocations=15 (full 3):
 PSYoungGen      total 221696K, used 576K [0x00000000e0000000, 0x00000000f1680000, 0x0000000100000000)
  eden space 202240K, 0% used [0x00000000e0000000,0x00000000e0000000,0x00000000ec580000)
  from space 19456K, 2% used [0x00000000ed900000,0x00000000ed990000,0x00000000eec00000)
  to   space 19968K, 0% used [0x00000000ec580000,0x00000000ec580000,0x00000000ed900000)
 ParOldGen       total 80384K, used 37681K [0x00000000a0000000, 0x00000000a4e80000, 0x00000000e0000000)
  object space 80384K, 46% used [0x00000000a0000000,0x00000000a24cc700,0x00000000a4e80000)
 Metaspace       used 57488K, capacity 58988K, committed 59028K, reserved 1099776K
  class space    used 7778K, capacity 8130K, committed 8152K, reserved 1048576K
Event: 28.810 GC heap after
Heap after GC invocations=15 (full 3):
 PSYoungGen      total 221696K, used 0K [0x00000000e0000000, 0x00000000f1680000, 0x0000000100000000)
  eden space 202240K, 0% used [0x00000000e0000000,0x00000000e0000000,0x00000000ec580000)
  from space 19456K, 0% used [0x00000000ed900000,0x00000000ed900000,0x00000000eec00000)
  to   space 19968K, 0% used [0x00000000ec580000,0x00000000ec580000,0x00000000ed900000)
 ParOldGen       total 108544K, used 29818K [0x00000000a0000000, 0x00000000a6a00000, 0x00000000e0000000)
  object space 108544K, 27% used [0x00000000a0000000,0x00000000a1d1e8c8,0x00000000a6a00000)
 Metaspace       used 57488K, capacity 58988K, committed 59028K, reserved 1099776K
  class space    used 7778K, capacity 8130K, committed 8152K, reserved 1048576K
}
Event: 371.785 GC heap before
{Heap before GC invocations=16 (full 3):
 PSYoungGen      total 221696K, used 202240K [0x00000000e0000000, 0x00000000f1680000, 0x0000000100000000)
  eden space 202240K, 100% used [0x00000000e0000000,0x00000000ec580000,0x00000000ec580000)
  from space 19456K, 0% used [0x00000000ed900000,0x00000000ed900000,0x00000000eec00000)
  to   space 19968K, 0% used [0x00000000ec580000,0x00000000ec580000,0x00000000ed900000)
 ParOldGen       total 108544K, used 29818K [0x00000000a0000000, 0x00000000a6a00000, 0x00000000e0000000)
  object space 108544K, 27% used [0x00000000a0000000,0x00000000a1d1e8c8,0x00000000a6a00000)
 Metaspace       used 66143K, capacity 68232K, committed 68568K, reserved 1107968K
  class space    used 8636K, capacity 9084K, committed 9176K, reserved 1048576K
Event: 371.829 GC heap after
Heap after GC invocations=16 (full 3):
 PSYoungGen      total 222208K, used 17271K [0x00000000e0000000, 0x00000000f1680000, 0x0000000100000000)
  eden space 202240K, 0% used [0x00000000e0000000,0x00000000e0000000,0x00000000ec580000)
  from space 19968K, 86% used [0x00000000ec580000,0x00000000ed65de60,0x00000000ed900000)
  to   space 19456K, 0% used [0x00000000ed900000,0x00000000ed900000,0x00000000eec00000)
 ParOldGen       total 108544K, used 29826K [0x00000000a0000000, 0x00000000a6a00000, 0x00000000e0000000)
  object space 108544K, 27% used [0x00000000a0000000,0x00000000a1d208c8,0x00000000a6a00000)
 Metaspace       used 66143K, capacity 68232K, committed 68568K, reserved 1107968K
  class space    used 8636K, capacity 9084K, committed 9176K, reserved 1048576K
}

Deoptimization events (10 events):
Event: 371.838 Thread 0x000000001d5f9000 Uncommon trap: reason=unstable_if action=reinterpret pc=0x00000000046f1610 method=com.google.common.collect.MapMakerInternalMap$Segment.getEntry(Ljava/lang/Object;I)Lcom/google/common/collect/MapMakerInternalMap$InternalEntry; @ 40
Event: 371.838 Thread 0x000000001d5f9000 Uncommon trap: reason=unstable_if action=reinterpret pc=0x000000000470062c method=com.google.common.collect.MapMakerInternalMap$Segment.drainKeyReferenceQueue(Ljava/lang/ref/ReferenceQueue;)V @ 8
Event: 371.886 Thread 0x000000001d5f6000 Uncommon trap: reason=unstable_if action=reinterpret pc=0x00000000043f8c90 method=java.util.concurrent.ConcurrentLinkedQueue.offer(Ljava/lang/Object;)Z @ 40
Event: 371.894 Thread 0x000000001fb4e000 Uncommon trap: reason=unstable_if action=reinterpret pc=0x0000000003553d58 method=java.util.concurrent.ConcurrentLinkedQueue.updateHead(Ljava/util/concurrent/ConcurrentLinkedQueue$Node;Ljava/util/concurrent/ConcurrentLinkedQueue$Node;)V @ 11
Event: 372.205 Thread 0x000000001d5f2000 Uncommon trap: reason=unstable_if action=reinterpret pc=0x0000000003bd9934 method=java.util.concurrent.ConcurrentHashMap.addCount(JI)V @ 110
Event: 372.377 Thread 0x000000001fb4e000 Uncommon trap: reason=unstable_if action=reinterpret pc=0x00000000041c2154 method=java.util.concurrent.ConcurrentHashMap.addCount(JI)V @ 97
Event: 372.581 Thread 0x000000001d5f9000 Uncommon trap: reason=unstable_if action=reinterpret pc=0x00000000043bfb14 method=org.gradle.internal.time.MonotonicClock.advance(J)J @ 25
Event: 372.584 Thread 0x000000001d5f9000 Uncommon trap: reason=unstable_if action=reinterpret pc=0x0000000003762604 method=com.google.common.cache.LongAdder.add(J)V @ 46
Event: 372.818 Thread 0x000000001d5f2000 Uncommon trap: reason=unstable_if action=reinterpret pc=0x000000000396b204 method=java.util.concurrent.locks.AbstractQueuedSynchronizer$ConditionObject.doSignal(Ljava/util/concurrent/locks/AbstractQueuedSynchronizer$Node;)V @ 9
Event: 372.818 Thread 0x000000001fb5a000 Uncommon trap: reason=unstable_if action=reinterpret pc=0x0000000003ff54c4 method=java.util.concurrent.ConcurrentHashMap.addCount(JI)V @ 97

Classes redefined (0 events):
No events

Internal exceptions (10 events):
Event: 368.697 Thread 0x000000001fb4e000 Exception <a 'java/lang/NoSuchMethodError': <clinit>> (0x00000000e7a2f7e0) thrown at [D:\src\AOSP-openjdk-cygwin\jdk8u\hotspot\src\share\vm\prims\jni.cpp, line 1614]
Event: 368.703 Thread 0x000000001fb4e000 Implicit null exception at 0x00000000045d3c2f to 0x00000000045d3ccd
Event: 368.703 Thread 0x000000001fb4e000 Implicit null exception at 0x0000000003db8eef to 0x0000000003db8f8d
Event: 369.822 Thread 0x000000001fb4e000 Exception <a 'java/lang/NoSuchMethodError': java.lang.Object.lambda$static$0(Ljava/util/Set;Ljava/util/Set;)Z> (0x00000000e9b33258) thrown at [D:\src\AOSP-openjdk-cygwin\jdk8u\hotspot\src\share\vm\interpreter\linkResolver.cpp, line 620]
Event: 369.822 Thread 0x000000001fb4e000 Exception <a 'java/lang/NoSuchMethodError': java.lang.Object.lambda$static$1(Ljava/util/Set;Ljava/util/Set;)Z> (0x00000000e9b361c8) thrown at [D:\src\AOSP-openjdk-cygwin\jdk8u\hotspot\src\share\vm\interpreter\linkResolver.cpp, line 620]
Event: 369.823 Thread 0x000000001fb4e000 Exception <a 'java/lang/NoSuchMethodError': java.lang.Object.lambda$static$2(Ljava/util/Set;Ljava/util/Set;)Z> (0x00000000e9b38d08) thrown at [D:\src\AOSP-openjdk-cygwin\jdk8u\hotspot\src\share\vm\interpreter\linkResolver.cpp, line 620]
Event: 369.823 Thread 0x000000001fb4e000 Exception <a 'java/lang/NoSuchMethodError': java.lang.Object.lambda$static$3(Ljava/util/Set;Ljava/util/Set;)Z> (0x00000000e9b3b848) thrown at [D:\src\AOSP-openjdk-cygwin\jdk8u\hotspot\src\share\vm\interpreter\linkResolver.cpp, line 620]
Event: 369.824 Thread 0x000000001fb4e000 Exception <a 'java/lang/NoSuchMethodError': java.lang.Object.lambda$static$4(Ljava/util/Set;Ljava/util/Set;)Z> (0x00000000e9b3e388) thrown at [D:\src\AOSP-openjdk-cygwin\jdk8u\hotspot\src\share\vm\interpreter\linkResolver.cpp, line 620]
Event: 371.838 Thread 0x000000001d5f9000 Implicit null exception at 0x00000000046ef6ba to 0x00000000046f15e9
Event: 372.584 Thread 0x000000001d5f9000 Implicit null exception at 0x0000000003762044 to 0x00000000037625f5

Events (10 events):
Event: 372.853 loading class org/gradle/api/internal/artifacts/ivyservice/resolveengine/artifact/ResolvableArtifact
Event: 372.853 loading class org/gradle/api/internal/artifacts/ivyservice/resolveengine/artifact/ResolvableArtifact done
Event: 372.853 loading class org/gradle/api/internal/artifacts/transform/TransformationSubject
Event: 372.853 loading class org/gradle/api/internal/artifacts/transform/TransformationSubject done
Event: 372.853 loading class org/gradle/api/internal/artifacts/transform/TransformingArtifactVisitor
Event: 372.853 loading class org/gradle/api/internal/artifacts/transform/TransformingArtifactVisitor done
Event: 372.853 loading class org/gradle/api/internal/artifacts/ivyservice/resolveengine/artifact/ResolvableArtifact
Event: 372.853 loading class org/gradle/api/internal/artifacts/ivyservice/resolveengine/artifact/ResolvableArtifact done
Event: 372.853 loading class org/gradle/api/internal/artifacts/transform/TransformingArtifactVisitor
Event: 372.853 loading class org/gradle/api/internal/artifacts/transform/TransformingArtifactVisitor done


Dynamic libraries:
0x00007ff75ba90000 - 0x00007ff75bac1000 	C:\Program Files\Android\Android Studio\jre\bin\java.exe
0x00007ff9d67c0000 - 0x00007ff9d69ad000 	C:\Windows\SYSTEM32\ntdll.dll
0x00007ff9d3a50000 - 0x00007ff9d3b03000 	C:\Windows\System32\KERNEL32.DLL
0x00007ff9d29d0000 - 0x00007ff9d2c63000 	C:\Windows\System32\KERNELBASE.dll
0x00007ff9d4660000 - 0x00007ff9d4703000 	C:\Windows\System32\ADVAPI32.dll
0x00007ff9d3b70000 - 0x00007ff9d3c0e000 	C:\Windows\System32\msvcrt.dll
0x00007ff9d5150000 - 0x00007ff9d51ee000 	C:\Windows\System32\sechost.dll
0x00007ff9d3d50000 - 0x00007ff9d3e72000 	C:\Windows\System32\RPCRT4.dll
0x00007ff9d4cb0000 - 0x00007ff9d4e47000 	C:\Windows\System32\USER32.dll
0x00007ff9d2cf0000 - 0x00007ff9d2d10000 	C:\Windows\System32\win32u.dll
0x00007ff9d3a10000 - 0x00007ff9d3a39000 	C:\Windows\System32\GDI32.dll
0x00007ff9d3870000 - 0x00007ff9d3a09000 	C:\Windows\System32\gdi32full.dll
0x00007ff9d34c0000 - 0x00007ff9d3560000 	C:\Windows\System32\msvcp_win.dll
0x00007ff9d3740000 - 0x00007ff9d383a000 	C:\Windows\System32\ucrtbase.dll
0x00007ff9c31f0000 - 0x00007ff9c3469000 	C:\Windows\WinSxS\amd64_microsoft.windows.common-controls_6595b64144ccf1df_6.0.17763.719_none_05b84458071c8757\COMCTL32.dll
0x00007ff9d3e80000 - 0x00007ff9d41ac000 	C:\Windows\System32\combase.dll
0x00007ff9d2c70000 - 0x00007ff9d2cee000 	C:\Windows\System32\bcryptPrimitives.dll
0x00007ff9d4630000 - 0x00007ff9d465e000 	C:\Windows\System32\IMM32.DLL
0x00000000504b0000 - 0x0000000050582000 	C:\Program Files\Android\Android Studio\jre\jre\bin\msvcr100.dll
0x0000000077560000 - 0x0000000077da6000 	C:\Program Files\Android\Android Studio\jre\jre\bin\server\jvm.dll
0x00007ff9d3d40000 - 0x00007ff9d3d48000 	C:\Windows\System32\PSAPI.DLL
0x00007ff9cc5f0000 - 0x00007ff9cc614000 	C:\Windows\SYSTEM32\WINMM.dll
0x00007ff9cc5c0000 - 0x00007ff9cc5ed000 	C:\Windows\SYSTEM32\WINMMBASE.dll
0x00007ff9d28b0000 - 0x00007ff9d28fa000 	C:\Windows\System32\cfgmgr32.dll
0x00007ff9ce310000 - 0x00007ff9ce31a000 	C:\Windows\SYSTEM32\VERSION.dll
0x00007ff9ce930000 - 0x00007ff9ce939000 	C:\Windows\SYSTEM32\WSOCK32.dll
0x00007ff9d4fb0000 - 0x00007ff9d501d000 	C:\Windows\System32\WS2_32.dll
0x00007ff9ce920000 - 0x00007ff9ce92f000 	C:\Program Files\Android\Android Studio\jre\jre\bin\verify.dll
0x00007ff9c3120000 - 0x00007ff9c3149000 	C:\Program Files\Android\Android Studio\jre\jre\bin\java.dll
0x00007ff9c3100000 - 0x00007ff9c3116000 	C:\Program Files\Android\Android Studio\jre\jre\bin\zip.dll
0x00007ff9d51f0000 - 0x00007ff9d66e2000 	C:\Windows\System32\SHELL32.dll
0x00007ff9d3c10000 - 0x00007ff9d3cb8000 	C:\Windows\System32\shcore.dll
0x00007ff9d2d70000 - 0x00007ff9d34ba000 	C:\Windows\System32\windows.storage.dll
0x00007ff9d2800000 - 0x00007ff9d2824000 	C:\Windows\System32\profapi.dll
0x00007ff9d2850000 - 0x00007ff9d28ad000 	C:\Windows\System32\powrprof.dll
0x00007ff9d3b10000 - 0x00007ff9d3b62000 	C:\Windows\System32\shlwapi.dll
0x00007ff9d27e0000 - 0x00007ff9d27f1000 	C:\Windows\System32\kernel.appcore.dll
0x00007ff9d29b0000 - 0x00007ff9d29c7000 	C:\Windows\System32\cryptsp.dll
0x00007ff9c30e0000 - 0x00007ff9c30fa000 	C:\Program Files\Android\Android Studio\jre\jre\bin\net.dll
0x00007ff9d2050000 - 0x00007ff9d20b7000 	C:\Windows\system32\mswsock.dll
0x00007ff9c29c0000 - 0x00007ff9c29d1000 	C:\Program Files\Android\Android Studio\jre\jre\bin\nio.dll
0x00007ff9c18b0000 - 0x00007ff9c18d6000 	C:\Users\nk\.gradle\native\29\windows-amd64\native-platform.dll
0x00007ff9ce910000 - 0x00007ff9ce91d000 	C:\Program Files\Android\Android Studio\jre\jre\bin\management.dll
0x00007ff9d1bd0000 - 0x00007ff9d1c03000 	C:\Windows\system32\rsaenh.dll
0x00007ff9d3840000 - 0x00007ff9d3866000 	C:\Windows\System32\bcrypt.dll
0x00007ff9d26e0000 - 0x00007ff9d2708000 	C:\Windows\SYSTEM32\USERENV.dll
0x00007ff9d2220000 - 0x00007ff9d222c000 	C:\Windows\SYSTEM32\CRYPTBASE.dll
0x00007ff9d1d70000 - 0x00007ff9d1dad000 	C:\Windows\SYSTEM32\IPHLPAPI.DLL
0x00007ff9d48c0000 - 0x00007ff9d48c8000 	C:\Windows\System32\NSI.dll
0x00007ff9caf70000 - 0x00007ff9caf86000 	C:\Windows\SYSTEM32\dhcpcsvc6.DLL
0x00007ff9caf50000 - 0x00007ff9caf6c000 	C:\Windows\SYSTEM32\dhcpcsvc.DLL
0x00007ff9d1db0000 - 0x00007ff9d1e76000 	C:\Windows\SYSTEM32\DNSAPI.dll

VM Arguments:
jvm_args: -Xmx1536m -Dfile.encoding=windows-1251 -Duser.country=RU -Duser.language=ru -Duser.variant 
java_command: org.gradle.launcher.daemon.bootstrap.GradleDaemon 5.4.1
java_class_path (initial): C:\Users\nk\.gradle\wrapper\dists\gradle-5.4.1-all\3221gyojl5jsh0helicew7rwx\gradle-5.4.1\lib\gradle-launcher-5.4.1.jar
Launcher Type: SUN_STANDARD

Environment Variables:
JAVA_HOME=C:\Program Files\Java\jdk1.8.0_221
CLASSPATH=C:\mpj-v0_44\lib\mpj.jar
PATH=C:\Program Files (x86)\Common Files\Oracle\Java\javapath;C:\Program Files (x86)\Intel\iCLS Client\;C:\Program Files\Intel\iCLS Client\;C:\Windows\system32;C:\Windows;C:\Windows\System32\Wbem;C:\Windows\System32\WindowsPowerShell\v1.0\;C:\Program Files (x86)\NVIDIA Corporation\PhysX\Common;C:\Program Files (x86)\Intel\Intel(R) Management Engine Components\DAL;C:\Program Files\Intel\Intel(R) Management Engine Components\DAL;C:\Program Files (x86)\Intel\Intel(R) Management Engine Components\IPT;C:\Program Files\Intel\Intel(R) Management Engine Components\IPT;C:\Program Files\Git\cmd;C:\Program Files\Java\jdk1.8.0_221\bin;C:\Users\nk\AppData\Local\Programs\Python\Python37\Scripts\;C:\Users\nk\AppData\Local\Programs\Python\Python37\;C:\Users\nk\AppData\Local\Microsoft\WindowsApps;C:\Users\nk\AppData\Local\GitHubDesktop\bin;C:\Users\nk\AppData\Local\atom\bin;C:\mpj-v0_44\bin;C:\Program Files\mingw-w64\x86_64-8.1.0-posix-seh-rt_v6-rev0\mingw64\bin;C:\Program Files\swipl\bin;C:\Program Files\JetBrains\IntelliJ IDEA Community Edition 2019.2.2\bin;;C:\Program Files\JetBrains\PyCharm Community Edition 2019.2.3\bin;;C:\Users\nk\AppData\Local\Programs\Microsoft VS Code\bin
USERNAME=nk
OS=Windows_NT
PROCESSOR_IDENTIFIER=Intel64 Family 6 Model 78 Stepping 3, GenuineIntel



---------------  S Y S T E M  ---------------

OS: Windows 10.0 , 64 bit Build 17763 (10.0.17763.475)

CPU:total 4 (initial active 4) (2 cores per cpu, 2 threads per core) family 6 model 78 stepping 3, cmov, cx8, fxsr, mmx, sse, sse2, sse3, ssse3, sse4.1, sse4.2, popcnt, avx, avx2, aes, clmul, erms, 3dnowpref, lzcnt, ht, tsc, tscinvbit, bmi1, bmi2, adx

Memory: 4k page, physical 8292352k(1396852k free), swap 8292352k(1532k free)

vm_info: OpenJDK 64-Bit Server VM (25.202-b03) for windows-amd64 JRE (1.8.0_202-release-1483-b03), built by "builder" with MS VC++ 10.0 (VS2010)

time: Fri Oct 11 18:22:19 2019
timezone: RTZ 2 (зима)
elapsed time: 372 seconds (0d 0h 6m 12s)

