#
# There is insufficient memory for the Java Runtime Environment to continue.
# Native memory allocation (malloc) failed to allocate 1052256 bytes for Chunk::new
# Possible reasons:
#   The system is out of physical RAM or swap space
#   The process is running with CompressedOops enabled, and the Java Heap may be blocking the growth of the native heap
# Possible solutions:
#   Reduce memory load on the system
#   Increase physical memory or swap space
#   Check if swap backing store is full
#   Decrease Java heap size (-Xmx/-Xms)
#   Decrease number of Java threads
#   Decrease Java thread stack sizes (-Xss)
#   Set larger code cache with -XX:ReservedCodeCacheSize=
#   JVM is running with Unscaled Compressed Oops mode in which the Java heap is
#     placed in the first 4GB address space. The Java Heap base address is the
#     maximum limit for the native heap growth. Please use -XX:HeapBaseMinAddress
#     to set the Java Heap base and to place the Java Heap above 4GB virtual address.
# This output file may be truncated or incomplete.
#
#  Out of Memory Error (allocation.cpp:389), pid=3968, tid=0x00000000000009a0
#
# JRE version: OpenJDK Runtime Environment (8.0_202-b03) (build 1.8.0_202-release-1483-b03)
# Java VM: OpenJDK 64-Bit Server VM (25.202-b03 mixed mode windows-amd64 compressed oops)
# Failed to write core dump. Minidumps are not enabled by default on client versions of Windows
#

---------------  T H R E A D  ---------------

Current thread (0x00000000165ad000):  JavaThread "C2 CompilerThread1" daemon [_thread_in_native, id=2464, stack(0x00000000180b0000,0x00000000181b0000)]

Stack: [0x00000000180b0000,0x00000000181b0000]
[error occurred during error reporting (printing stack bounds), id 0xc0000005]

Native frames: (J=compiled Java code, j=interpreted, Vv=VM code, C=native code)


Current CompileTask:
C2: 234507 16840   !   4       java.nio.file.Files::walkFileTree (355 bytes)


---------------  P R O C E S S  ---------------

Java Threads: ( => current thread )
  0x000000001cb9d800 JavaThread "RMI RenewClean-[127.0.0.1:17805,org.jetbrains.kotlin.daemon.common.LoopbackNetworkInterface$ClientLoopbackSocketFactory@3659e791]" daemon [_thread_blocked, id=6132, stack(0x0000000029a30000,0x0000000029b30000)]
  0x000000001d018800 JavaThread "Cache worker for execution history cache (C:\Users\nk\Desktop\Schedule\.gradle\5.4.1\executionHistory)" [_thread_blocked, id=1968, stack(0x0000000029930000,0x0000000029a30000)]
  0x000000001d018000 JavaThread "Execution worker for ':' Thread 3" [_thread_blocked, id=6532, stack(0x0000000029830000,0x0000000029930000)]
  0x000000001d019800 JavaThread "Execution worker for ':' Thread 2" [_thread_blocked, id=6600, stack(0x0000000029730000,0x0000000029830000)]
  0x000000001d017000 JavaThread "Execution worker for ':'" [_thread_blocked, id=3952, stack(0x0000000029630000,0x0000000029730000)]
  0x000000001d016800 JavaThread "Cache worker for file content cache (C:\Users\nk\Desktop\Schedule\.gradle\5.4.1\fileContent)" [_thread_blocked, id=3784, stack(0x0000000029530000,0x0000000029630000)]
  0x000000001d00f000 JavaThread "Cache worker for Build Output Cleanup Cache (C:\Users\nk\Desktop\Schedule\.gradle\buildOutputCleanup)" [_thread_blocked, id=5024, stack(0x0000000029430000,0x0000000029530000)]
  0x000000001d015800 JavaThread "Build operations Thread 4" [_thread_blocked, id=5132, stack(0x0000000029330000,0x0000000029430000)]
  0x000000001d00f800 JavaThread "Build operations Thread 3" [_thread_blocked, id=5584, stack(0x0000000029230000,0x0000000029330000)]
  0x000000001d00e000 JavaThread "Build operations Thread 2" [_thread_blocked, id=5144, stack(0x0000000029130000,0x0000000029230000)]
  0x000000001d015000 JavaThread "Build operations" [_thread_blocked, id=6136, stack(0x0000000029030000,0x0000000029130000)]
  0x000000001d011000 JavaThread "Cache worker for cache directory md-rule (C:\Users\nk\.gradle\caches\5.4.1\md-rule)" [_thread_blocked, id=4232, stack(0x0000000028f30000,0x0000000029030000)]
  0x000000001d014000 JavaThread "Cache worker for cache directory md-supplier (C:\Users\nk\.gradle\caches\5.4.1\md-supplier)" [_thread_blocked, id=5932, stack(0x0000000028e30000,0x0000000028f30000)]
  0x000000001d010800 JavaThread "Cache worker for file hash cache (C:\Users\nk\Desktop\Schedule\.gradle\5.4.1\fileHashes)" [_thread_blocked, id=5300, stack(0x0000000028d30000,0x0000000028e30000)]
  0x000000001d00d800 JavaThread "Thread-61" [_thread_blocked, id=1132, stack(0x0000000028c30000,0x0000000028d30000)]
  0x000000001d013800 JavaThread "Stdin handler" [_thread_blocked, id=6072, stack(0x0000000028b30000,0x0000000028c30000)]
  0x000000001d00c800 JavaThread "Asynchronous log dispatcher for DefaultDaemonConnection: socket connection from /127.0.0.1:6980 to /127.0.0.1:7514" [_thread_blocked, id=1612, stack(0x0000000028a30000,0x0000000028b30000)]
  0x000000001d012800 JavaThread "Cancel handler" [_thread_blocked, id=5000, stack(0x0000000028930000,0x0000000028a30000)]
  0x000000001d012000 JavaThread "Handler for socket connection from /127.0.0.1:6980 to /127.0.0.1:7514" [_thread_in_native, id=3472, stack(0x0000000028830000,0x0000000028930000)]
  0x0000000018f90800 JavaThread "Cache worker for Java compile cache (C:\Users\nk\.gradle\caches\5.4.1\javaCompile)" [_thread_blocked, id=1444, stack(0x0000000026d00000,0x0000000026e00000)]
  0x000000001e1a0800 JavaThread "RMI TCP Connection(7)-127.0.0.1" daemon [_thread_in_native, id=1308, stack(0x0000000026c00000,0x0000000026d00000)]
  0x00000000209fe000 JavaThread "RMI TCP Connection(idle)" daemon [_thread_blocked, id=2152, stack(0x0000000026a00000,0x0000000026b00000)]
  0x00000000209fa800 JavaThread "RMI TCP Connection(idle)" daemon [_thread_blocked, id=468, stack(0x0000000026800000,0x0000000026900000)]
  0x00000000209f9800 JavaThread "RMI Reaper" [_thread_blocked, id=512, stack(0x0000000026700000,0x0000000026800000)]
  0x00000000209fd800 JavaThread "RMI TCP Accept-0" daemon [_thread_in_native, id=5200, stack(0x0000000026600000,0x0000000026700000)]
  0x00000000209f2000 JavaThread "GC Daemon" daemon [_thread_blocked, id=1240, stack(0x0000000026500000,0x0000000026600000)]
  0x00000000209f8000 JavaThread "RMI Scheduler(0)" daemon [_thread_blocked, id=4808, stack(0x0000000026300000,0x0000000026400000)]
  0x000000001cb9f800 JavaThread "Cache worker for file content cache (C:\Users\nk\.gradle\caches\5.4.1\fileContent)" [_thread_blocked, id=4608, stack(0x0000000024e00000,0x0000000024f00000)]
  0x000000001cb99000 JavaThread "Daemon worker Thread 2" [_thread_in_native, id=2316, stack(0x0000000024200000,0x0000000024300000)]
  0x000000001cb9a800 JavaThread "Daemon Thread 2" [_thread_blocked, id=3412, stack(0x0000000023f00000,0x0000000024000000)]
  0x000000001e19f000 JavaThread "Memory manager" [_thread_blocked, id=2880, stack(0x00000000224a0000,0x00000000225a0000)]
  0x000000001e1a1800 JavaThread "Cache worker for execution history cache (C:\Users\nk\.gradle\caches\5.4.1\executionHistory)" [_thread_blocked, id=656, stack(0x0000000020240000,0x0000000020340000)]
  0x0000000018f93800 JavaThread "Cache worker for journal cache (C:\Users\nk\.gradle\caches\journal-1)" [_thread_blocked, id=3464, stack(0x000000001b110000,0x000000001b210000)]
  0x0000000018f8f800 JavaThread "File lock request listener" [_thread_in_native, id=3276, stack(0x000000001b010000,0x000000001b110000)]
  0x0000000018e1b800 JavaThread "Cache worker for file hash cache (C:\Users\nk\.gradle\caches\5.4.1\fileHashes)" [_thread_blocked, id=4832, stack(0x000000001af10000,0x000000001b010000)]
  0x0000000018049800 JavaThread "Daemon periodic checks" [_thread_blocked, id=2468, stack(0x000000001a610000,0x000000001a710000)]
  0x0000000017f8d000 JavaThread "Incoming local TCP Connector on port 6980" [_thread_in_native, id=948, stack(0x000000001a2c0000,0x000000001a3c0000)]
  0x0000000018f71000 JavaThread "Daemon health stats" [_thread_blocked, id=1784, stack(0x0000000019c80000,0x0000000019d80000)]
  0x0000000017cb7000 JavaThread "Service Thread" daemon [_thread_blocked, id=1652, stack(0x00000000182b0000,0x00000000183b0000)]
  0x00000000165ae000 JavaThread "C1 CompilerThread2" daemon [_thread_blocked, id=3872, stack(0x00000000181b0000,0x00000000182b0000)]
=>0x00000000165ad000 JavaThread "C2 CompilerThread1" daemon [_thread_in_native, id=2464, stack(0x00000000180b0000,0x00000000181b0000)]
  0x0000000016556000 JavaThread "C2 CompilerThread0" daemon [_thread_blocked, id=1984, stack(0x0000000017bb0000,0x0000000017cb0000)]
  0x0000000016554800 JavaThread "Attach Listener" daemon [_thread_blocked, id=2788, stack(0x0000000017ab0000,0x0000000017bb0000)]
  0x000000001654a800 JavaThread "Signal Dispatcher" daemon [_thread_blocked, id=4696, stack(0x00000000179b0000,0x0000000017ab0000)]
  0x0000000002bd5800 JavaThread "Finalizer" daemon [_thread_blocked, id=6504, stack(0x00000000177b0000,0x00000000178b0000)]
  0x0000000016539000 JavaThread "Reference Handler" daemon [_thread_blocked, id=1016, stack(0x00000000176b0000,0x00000000177b0000)]
  0x0000000002add800 JavaThread "main" [_thread_blocked, id=5892, stack(0x0000000002950000,0x0000000002a50000)]

Other Threads:
  0x0000000016516000 VMThread [stack: 0x00000000175b0000,0x00000000176b0000] [id=2756]
  0x0000000017cb8000 WatcherThread [stack: 0x00000000183b0000,0x00000000184b0000] [id=4224]

VM state:not at safepoint (normal execution)

VM Mutex/Monitor currently owned by a thread: None

heap address: 0x00000000a0000000, size: 1536 MB, Compressed Oops mode: 32-bit
Narrow klass base: 0x0000000000000000, Narrow klass shift: 3
Compressed class space size: 1073741824 Address: 0x0000000100000000

Heap:
 PSYoungGen      total 355328K, used 172748K [0x00000000e0000000, 0x00000000f7d80000, 0x0000000100000000)
  eden space 340480K, 50% used [0x00000000e0000000,0x00000000ea8b3140,0x00000000f4c80000)
  from space 14848K, 0% used [0x00000000f6f00000,0x00000000f6f00000,0x00000000f7d80000)
  to   space 25088K, 0% used [0x00000000f4c80000,0x00000000f4c80000,0x00000000f6500000)
 ParOldGen       total 109568K, used 60309K [0x00000000a0000000, 0x00000000a6b00000, 0x00000000e0000000)
  object space 109568K, 55% used [0x00000000a0000000,0x00000000a3ae54e0,0x00000000a6b00000)
 Metaspace       used 93779K, capacity 97284K, committed 97428K, reserved 1134592K
  class space    used 12196K, capacity 12862K, committed 12988K, reserved 1048576K

Card table byte_map: [0x0000000011fa0000,0x00000000122b0000] byte_map_base: 0x0000000011aa0000

Marking Bits: (ParMarkBitMap*) 0x00000000768e9f30
 Begin Bits: [0x00000000128b0000, 0x00000000140b0000)
 End Bits:   [0x00000000140b0000, 0x00000000158b0000)

Polling page: 0x00000000009f0000

CodeCache: size=245760Kb used=47038Kb max_used=47045Kb free=198721Kb
 bounds [0x0000000002be0000, 0x0000000005a10000, 0x0000000011be0000]
 total_blobs=14814 nmethods=13917 adapters=807
 compilation: enabled

Compilation events (10 events):
Event: 234.342 Thread 0x00000000165ae000 16898       1       org.gradle.api.internal.artifacts.ivyservice.DefaultLenientConfiguration::access$000 (5 bytes)
Event: 234.343 Thread 0x00000000165ae000 nmethod 16898 0x00000000059f9c50 code [0x00000000059f9da0, 0x00000000059f9e90]
Event: 234.343 Thread 0x0000000016556000 16899       4       com.google.common.collect.ImmutableList::equals (6 bytes)
Event: 234.344 Thread 0x0000000016556000 nmethod 16899 0x00000000052a8350 code [0x00000000052a84a0, 0x00000000052a8528]
Event: 234.369 Thread 0x00000000165ae000 16901       3       java.util.logging.Logger::getEffectiveLoggerBundle (164 bytes)
Event: 234.370 Thread 0x00000000165ae000 nmethod 16901 0x00000000059ff550 code [0x00000000059ff780, 0x0000000005a00538]
Event: 234.370 Thread 0x00000000165ae000 16900       3       java.util.logging.LogRecord::defaultThreadID (54 bytes)
Event: 234.372 Thread 0x00000000165ae000 nmethod 16900 0x00000000059fe050 code [0x00000000059fe260, 0x00000000059fef88]
Event: 234.372 Thread 0x00000000165ae000 16902       3       org.slf4j.bridge.SLF4JBridgeHandler::callPlainSLF4JLogger (115 bytes)
Event: 234.373 Thread 0x00000000165ae000 nmethod 16902 0x00000000059fd390 code [0x00000000059fd580, 0x00000000059fddd8]

GC Heap History (10 events):
Event: 116.678 GC heap before
{Heap before GC invocations=16 (full 3):
 PSYoungGen      total 216576K, used 197632K [0x00000000e0000000, 0x00000000f1080000, 0x0000000100000000)
  eden space 197632K, 100% used [0x00000000e0000000,0x00000000ec100000,0x00000000ec100000)
  from space 18944K, 0% used [0x00000000ed400000,0x00000000ed400000,0x00000000ee680000)
  to   space 19456K, 0% used [0x00000000ec100000,0x00000000ec100000,0x00000000ed400000)
 ParOldGen       total 109568K, used 31261K [0x00000000a0000000, 0x00000000a6b00000, 0x00000000e0000000)
  object space 109568K, 28% used [0x00000000a0000000,0x00000000a1e876e0,0x00000000a6b00000)
 Metaspace       used 65878K, capacity 68038K, committed 68244K, reserved 1107968K
  class space    used 8629K, capacity 9097K, committed 9148K, reserved 1048576K
Event: 116.713 GC heap after
Heap after GC invocations=16 (full 3):
 PSYoungGen      total 217088K, used 16201K [0x00000000e0000000, 0x00000000f3600000, 0x0000000100000000)
  eden space 197632K, 0% used [0x00000000e0000000,0x00000000e0000000,0x00000000ec100000)
  from space 19456K, 83% used [0x00000000ec100000,0x00000000ed0d26c8,0x00000000ed400000)
  to   space 21504K, 0% used [0x00000000f2100000,0x00000000f2100000,0x00000000f3600000)
 ParOldGen       total 109568K, used 31269K [0x00000000a0000000, 0x00000000a6b00000, 0x00000000e0000000)
  object space 109568K, 28% used [0x00000000a0000000,0x00000000a1e896e0,0x00000000a6b00000)
 Metaspace       used 65878K, capacity 68038K, committed 68244K, reserved 1107968K
  class space    used 8629K, capacity 9097K, committed 9148K, reserved 1048576K
}
Event: 128.379 GC heap before
{Heap before GC invocations=17 (full 3):
 PSYoungGen      total 217088K, used 213833K [0x00000000e0000000, 0x00000000f3600000, 0x0000000100000000)
  eden space 197632K, 100% used [0x00000000e0000000,0x00000000ec100000,0x00000000ec100000)
  from space 19456K, 83% used [0x00000000ec100000,0x00000000ed0d26c8,0x00000000ed400000)
  to   space 21504K, 0% used [0x00000000f2100000,0x00000000f2100000,0x00000000f3600000)
 ParOldGen       total 109568K, used 31269K [0x00000000a0000000, 0x00000000a6b00000, 0x00000000e0000000)
  object space 109568K, 28% used [0x00000000a0000000,0x00000000a1e896e0,0x00000000a6b00000)
 Metaspace       used 70443K, capacity 72832K, committed 72980K, reserved 1112064K
  class space    used 9167K, capacity 9722K, committed 9788K, reserved 1048576K
Event: 128.423 GC heap after
Heap after GC invocations=17 (full 3):
 PSYoungGen      total 277504K, used 8936K [0x00000000e0000000, 0x00000000f2b80000, 0x0000000100000000)
  eden space 266752K, 0% used [0x00000000e0000000,0x00000000e0000000,0x00000000f0480000)
  from space 10752K, 83% used [0x00000000f2100000,0x00000000f29ba338,0x00000000f2b80000)
  to   space 19968K, 0% used [0x00000000f0480000,0x00000000f0480000,0x00000000f1800000)
 ParOldGen       total 109568K, used 41557K [0x00000000a0000000, 0x00000000a6b00000, 0x00000000e0000000)
  object space 109568K, 37% used [0x00000000a0000000,0x00000000a28954b8,0x00000000a6b00000)
 Metaspace       used 70443K, capacity 72832K, committed 72980K, reserved 1112064K
  class space    used 9167K, capacity 9722K, committed 9788K, reserved 1048576K
}
Event: 187.774 GC heap before
{Heap before GC invocations=18 (full 3):
 PSYoungGen      total 277504K, used 275688K [0x00000000e0000000, 0x00000000f2b80000, 0x0000000100000000)
  eden space 266752K, 100% used [0x00000000e0000000,0x00000000f0480000,0x00000000f0480000)
  from space 10752K, 83% used [0x00000000f2100000,0x00000000f29ba338,0x00000000f2b80000)
  to   space 19968K, 0% used [0x00000000f0480000,0x00000000f0480000,0x00000000f1800000)
 ParOldGen       total 109568K, used 41557K [0x00000000a0000000, 0x00000000a6b00000, 0x00000000e0000000)
  object space 109568K, 37% used [0x00000000a0000000,0x00000000a28954b8,0x00000000a6b00000)
 Metaspace       used 81556K, capacity 84176K, committed 84372K, reserved 1122304K
  class space    used 10561K, capacity 11100K, committed 11196K, reserved 1048576K
Event: 187.829 GC heap after
Heap after GC invocations=18 (full 3):
 PSYoungGen      total 286720K, used 19939K [0x00000000e0000000, 0x00000000f8900000, 0x0000000100000000)
  eden space 266752K, 0% used [0x00000000e0000000,0x00000000e0000000,0x00000000f0480000)
  from space 19968K, 99% used [0x00000000f0480000,0x00000000f17f8e88,0x00000000f1800000)
  to   space 26624K, 0% used [0x00000000f6f00000,0x00000000f6f00000,0x00000000f8900000)
 ParOldGen       total 109568K, used 50787K [0x00000000a0000000, 0x00000000a6b00000, 0x00000000e0000000)
  object space 109568K, 46% used [0x00000000a0000000,0x00000000a3198e58,0x00000000a6b00000)
 Metaspace       used 81556K, capacity 84176K, committed 84372K, reserved 1122304K
  class space    used 10561K, capacity 11100K, committed 11196K, reserved 1048576K
}
Event: 192.463 GC heap before
{Heap before GC invocations=19 (full 3):
 PSYoungGen      total 286720K, used 266669K [0x00000000e0000000, 0x00000000f8900000, 0x0000000100000000)
  eden space 266752K, 92% used [0x00000000e0000000,0x00000000ef0f2960,0x00000000f0480000)
  from space 19968K, 99% used [0x00000000f0480000,0x00000000f17f8e88,0x00000000f1800000)
  to   space 26624K, 0% used [0x00000000f6f00000,0x00000000f6f00000,0x00000000f8900000)
 ParOldGen       total 109568K, used 50787K [0x00000000a0000000, 0x00000000a6b00000, 0x00000000e0000000)
  object space 109568K, 46% used [0x00000000a0000000,0x00000000a3198e58,0x00000000a6b00000)
 Metaspace       used 91838K, capacity 95298K, committed 95380K, reserved 1136640K
  class space    used 11950K, capacity 12651K, committed 12732K, reserved 1048576K
Event: 192.494 GC heap after
Heap after GC invocations=19 (full 3):
 PSYoungGen      total 355328K, used 9435K [0x00000000e0000000, 0x00000000f7d80000, 0x0000000100000000)
  eden space 340480K, 0% used [0x00000000e0000000,0x00000000e0000000,0x00000000f4c80000)
  from space 14848K, 63% used [0x00000000f6f00000,0x00000000f7836fd8,0x00000000f7d80000)
  to   space 25088K, 0% used [0x00000000f4c80000,0x00000000f4c80000,0x00000000f6500000)
 ParOldGen       total 109568K, used 60546K [0x00000000a0000000, 0x00000000a6b00000, 0x00000000e0000000)
  object space 109568K, 55% used [0x00000000a0000000,0x00000000a3b20b98,0x00000000a6b00000)
 Metaspace       used 91838K, capacity 95298K, committed 95380K, reserved 1136640K
  class space    used 11950K, capacity 12651K, committed 12732K, reserved 1048576K
}
Event: 192.494 GC heap before
{Heap before GC invocations=20 (full 4):
 PSYoungGen      total 355328K, used 9435K [0x00000000e0000000, 0x00000000f7d80000, 0x0000000100000000)
  eden space 340480K, 0% used [0x00000000e0000000,0x00000000e0000000,0x00000000f4c80000)
  from space 14848K, 63% used [0x00000000f6f00000,0x00000000f7836fd8,0x00000000f7d80000)
  to   space 25088K, 0% used [0x00000000f4c80000,0x00000000f4c80000,0x00000000f6500000)
 ParOldGen       total 109568K, used 60546K [0x00000000a0000000, 0x00000000a6b00000, 0x00000000e0000000)
  object space 109568K, 55% used [0x00000000a0000000,0x00000000a3b20b98,0x00000000a6b00000)
 Metaspace       used 91838K, capacity 95298K, committed 95380K, reserved 1136640K
  class space    used 11950K, capacity 12651K, committed 12732K, reserved 1048576K
Event: 192.981 GC heap after
Heap after GC invocations=20 (full 4):
 PSYoungGen      total 355328K, used 0K [0x00000000e0000000, 0x00000000f7d80000, 0x0000000100000000)
  eden space 340480K, 0% used [0x00000000e0000000,0x00000000e0000000,0x00000000f4c80000)
  from space 14848K, 0% used [0x00000000f6f00000,0x00000000f6f00000,0x00000000f7d80000)
  to   space 25088K, 0% used [0x00000000f4c80000,0x00000000f4c80000,0x00000000f6500000)
 ParOldGen       total 109568K, used 60309K [0x00000000a0000000, 0x00000000a6b00000, 0x00000000e0000000)
  object space 109568K, 55% used [0x00000000a0000000,0x00000000a3ae54e0,0x00000000a6b00000)
 Metaspace       used 91682K, capacity 94854K, committed 95380K, reserved 1134592K
  class space    used 11898K, capacity 12559K, committed 12732K, reserved 1048576K
}

Deoptimization events (10 events):
Event: 231.709 Thread 0x000000001cb99000 Uncommon trap: reason=speculate_class_check action=maybe_recompile pc=0x0000000003817ca0 method=java.util.EnumMap.containsKey(Ljava/lang/Object;)Z @ 13
Event: 231.931 Thread 0x000000001cb99000 Uncommon trap: reason=class_check action=maybe_recompile pc=0x00000000055939a0 method=java.util.Spliterators$ArraySpliterator.tryAdvance(Ljava/util/function/Consumer;)Z @ 49
Event: 232.362 Thread 0x000000001cb99000 Uncommon trap: reason=predicate action=maybe_recompile pc=0x0000000004fd4894 method=com.google.common.collect.Iterators$ConcatenatedIterator.hasNext()Z @ 18
Event: 233.197 Thread 0x000000001d017000 Uncommon trap: reason=class_check action=maybe_recompile pc=0x00000000058fef04 method=java.util.stream.Sink$ChainedReference.<init>(Ljava/util/stream/Sink;)V @ 9
Event: 233.198 Thread 0x000000001d017000 Uncommon trap: reason=class_check action=maybe_recompile pc=0x00000000058fef04 method=java.util.stream.Sink$ChainedReference.<init>(Ljava/util/stream/Sink;)V @ 9
Event: 233.198 Thread 0x000000001d017000 Uncommon trap: reason=class_check action=maybe_recompile pc=0x00000000058fef04 method=java.util.stream.Sink$ChainedReference.<init>(Ljava/util/stream/Sink;)V @ 9
Event: 233.201 Thread 0x000000001d017000 Uncommon trap: reason=class_check action=maybe_recompile pc=0x00000000058fef04 method=java.util.stream.Sink$ChainedReference.<init>(Ljava/util/stream/Sink;)V @ 9
Event: 233.429 Thread 0x000000001d019800 Uncommon trap: reason=unstable_if action=reinterpret pc=0x000000000492d970 method=java.util.concurrent.locks.AbstractQueuedSynchronizer.unparkSuccessor(Ljava/util/concurrent/locks/AbstractQueuedSynchronizer$Node;)V @ 22
Event: 234.376 Thread 0x000000001cb99000 Uncommon trap: reason=class_check action=maybe_recompile pc=0x0000000004e9ab60 method=java.lang.reflect.Array.newInstance(Ljava/lang/Class;I)Ljava/lang/Object; @ 2
Event: 234.427 Thread 0x000000001e1a0800 Uncommon trap: reason=class_check action=maybe_recompile pc=0x0000000004e9ab60 method=java.lang.reflect.Array.newInstance(Ljava/lang/Class;I)Ljava/lang/Object; @ 2

Classes redefined (0 events):
No events

Internal exceptions (10 events):
Event: 192.421 Thread 0x000000001d00d800 Exception <a 'java/lang/NoSuchMethodError': java.lang.Object.lambda$asRunnable$0(Lcom/android/tools/build/apkzlib/utils/IOExceptionRunnable;)V> (0x00000000eee5d9a8) thrown at [D:\src\AOSP-openjdk-cygwin\jdk8u\hotspot\src\share\vm\interpreter\linkResolver.
Event: 192.444 Thread 0x000000001d00d800 Exception <a 'java/lang/NoSuchMethodError': java.lang.Object.newSystemTemporaryDirectory()Lcom/android/tools/build/apkzlib/bytestorage/TemporaryDirectory;> (0x00000000eef8f480) thrown at [D:\src\AOSP-openjdk-cygwin\jdk8u\hotspot\src\share\vm\interpreter\l
Event: 193.090 Thread 0x000000001d00d800 Exception <a 'java/lang/NoSuchMethodError': java.lang.Object.lambda$static$0(Lcom/android/apksig/util/RunnablesProvider;)V> (0x00000000e07ae860) thrown at [D:\src\AOSP-openjdk-cygwin\jdk8u\hotspot\src\share\vm\interpreter\linkResolver.cpp, line 620]
Event: 193.868 Thread 0x000000001cb99000 Exception <a 'sun/nio/fs/WindowsException'> (0x00000000e37f4f70) thrown at [D:\src\AOSP-openjdk-cygwin\jdk8u\hotspot\src\share\vm\prims\jni.cpp, line 710]
Event: 194.139 Thread 0x000000001cb9a800 Exception <a 'java/lang/NoSuchMethodError': <clinit>> (0x00000000e4265230) thrown at [D:\src\AOSP-openjdk-cygwin\jdk8u\hotspot\src\share\vm\prims\jni.cpp, line 1614]
Event: 194.140 Thread 0x000000001cb9a800 Exception <a 'java/lang/NoSuchMethodError': <clinit>> (0x00000000e42707e0) thrown at [D:\src\AOSP-openjdk-cygwin\jdk8u\hotspot\src\share\vm\prims\jni.cpp, line 1614]
Event: 194.141 Thread 0x000000001cb9a800 Exception <a 'java/lang/NoSuchMethodError': <clinit>> (0x00000000e427a840) thrown at [D:\src\AOSP-openjdk-cygwin\jdk8u\hotspot\src\share\vm\prims\jni.cpp, line 1614]
Event: 194.150 Thread 0x000000001cb9a800 Exception <a 'java/lang/NoSuchMethodError': <clinit>> (0x00000000e4293868) thrown at [D:\src\AOSP-openjdk-cygwin\jdk8u\hotspot\src\share\vm\prims\jni.cpp, line 1614]
Event: 194.155 Thread 0x000000001cb9a800 Exception <a 'java/lang/NoSuchMethodError': <clinit>> (0x00000000e42a4358) thrown at [D:\src\AOSP-openjdk-cygwin\jdk8u\hotspot\src\share\vm\prims\jni.cpp, line 1614]
Event: 233.429 Thread 0x000000001d019800 Implicit null exception at 0x000000000492d8ec to 0x000000000492d959

Events (10 events):
Event: 234.402 Executing VM operation: RevokeBias done
Event: 234.402 Executing VM operation: RevokeBias
Event: 234.402 Executing VM operation: RevokeBias done
Event: 234.402 Executing VM operation: RevokeBias
Event: 234.402 Executing VM operation: RevokeBias done
Event: 234.404 Executing VM operation: RevokeBias
Event: 234.404 Executing VM operation: RevokeBias done
Event: 234.427 Thread 0x000000001e1a0800 Uncommon trap: trap_request=0xffffffde fr.pc=0x0000000004e9ab60
Event: 234.427 Thread 0x000000001e1a0800 DEOPT PACKING pc=0x0000000004e9ab60 sp=0x0000000026cfc9b0
Event: 234.427 Thread 0x000000001e1a0800 DEOPT UNPACKING pc=0x0000000002c2557b sp=0x0000000026cfc950 mode 2


Dynamic libraries:
0x00007ff619f40000 - 0x00007ff619f71000 	C:\Program Files\Android\Android Studio\jre\bin\java.exe
0x00007ffaee100000 - 0x00007ffaee2ed000 	C:\Windows\SYSTEM32\ntdll.dll
0x00007ffaedbf0000 - 0x00007ffaedca3000 	C:\Windows\System32\KERNEL32.DLL
0x00007ffaeac30000 - 0x00007ffaeaec3000 	C:\Windows\System32\KERNELBASE.dll
0x00007ffaedcb0000 - 0x00007ffaedd53000 	C:\Windows\System32\ADVAPI32.dll
0x00007ffaed610000 - 0x00007ffaed6ae000 	C:\Windows\System32\msvcrt.dll
0x00007ffaebe20000 - 0x00007ffaebebe000 	C:\Windows\System32\sechost.dll
0x00007ffaed710000 - 0x00007ffaed832000 	C:\Windows\System32\RPCRT4.dll
0x00007ffaedf60000 - 0x00007ffaee0f7000 	C:\Windows\System32\USER32.dll
0x00007ffaea390000 - 0x00007ffaea3b0000 	C:\Windows\System32\win32u.dll
0x00007ffaebdc0000 - 0x00007ffaebde9000 	C:\Windows\System32\GDI32.dll
0x00007ffaea1f0000 - 0x00007ffaea389000 	C:\Windows\System32\gdi32full.dll
0x00007ffaeb2b0000 - 0x00007ffaeb350000 	C:\Windows\System32\msvcp_win.dll
0x00007ffaeaf50000 - 0x00007ffaeb04a000 	C:\Windows\System32\ucrtbase.dll
0x00007ffad9110000 - 0x00007ffad9389000 	C:\Windows\WinSxS\amd64_microsoft.windows.common-controls_6595b64144ccf1df_6.0.17763.719_none_05b84458071c8757\COMCTL32.dll
0x00007ffaeb350000 - 0x00007ffaeb67c000 	C:\Windows\System32\combase.dll
0x00007ffaeb230000 - 0x00007ffaeb2ae000 	C:\Windows\System32\bcryptPrimitives.dll
0x00007ffaebdf0000 - 0x00007ffaebe1e000 	C:\Windows\System32\IMM32.DLL
0x0000000076ff0000 - 0x00000000770c2000 	C:\Program Files\Android\Android Studio\jre\jre\bin\msvcr100.dll
0x0000000076120000 - 0x0000000076966000 	C:\Program Files\Android\Android Studio\jre\jre\bin\server\jvm.dll
0x00007ffaeb700000 - 0x00007ffaeb708000 	C:\Windows\System32\PSAPI.DLL
0x00007ffae6d20000 - 0x00007ffae6d29000 	C:\Windows\SYSTEM32\WSOCK32.dll
0x00007ffae30c0000 - 0x00007ffae30e4000 	C:\Windows\SYSTEM32\WINMM.dll
0x00007ffaed5a0000 - 0x00007ffaed60d000 	C:\Windows\System32\WS2_32.dll
0x00007ffae5c30000 - 0x00007ffae5c3a000 	C:\Windows\SYSTEM32\VERSION.dll
0x00007ffae3090000 - 0x00007ffae30bd000 	C:\Windows\SYSTEM32\WINMMBASE.dll
0x00007ffaeab30000 - 0x00007ffaeab7a000 	C:\Windows\System32\cfgmgr32.dll
0x00007ffae6d10000 - 0x00007ffae6d1f000 	C:\Program Files\Android\Android Studio\jre\jre\bin\verify.dll
0x00007ffae6ce0000 - 0x00007ffae6d09000 	C:\Program Files\Android\Android Studio\jre\jre\bin\java.dll
0x00007ffae61d0000 - 0x00007ffae61e6000 	C:\Program Files\Android\Android Studio\jre\jre\bin\zip.dll
0x00007ffaec0a0000 - 0x00007ffaed592000 	C:\Windows\System32\SHELL32.dll
0x00007ffaedb40000 - 0x00007ffaedbe8000 	C:\Windows\System32\shcore.dll
0x00007ffaea3e0000 - 0x00007ffaeab2a000 	C:\Windows\System32\windows.storage.dll
0x00007ffaea160000 - 0x00007ffaea184000 	C:\Windows\System32\profapi.dll
0x00007ffaea190000 - 0x00007ffaea1ed000 	C:\Windows\System32\powrprof.dll
0x00007ffaed900000 - 0x00007ffaed952000 	C:\Windows\System32\shlwapi.dll
0x00007ffaea140000 - 0x00007ffaea151000 	C:\Windows\System32\kernel.appcore.dll
0x00007ffaeaf30000 - 0x00007ffaeaf47000 	C:\Windows\System32\cryptsp.dll
0x00007ffae61b0000 - 0x00007ffae61ca000 	C:\Program Files\Android\Android Studio\jre\jre\bin\net.dll
0x00007ffae9990000 - 0x00007ffae99f7000 	C:\Windows\system32\mswsock.dll
0x00007ffae5c70000 - 0x00007ffae5c81000 	C:\Program Files\Android\Android Studio\jre\jre\bin\nio.dll
0x00007ffadaf50000 - 0x00007ffadaf76000 	C:\Users\nk\.gradle\native\29\windows-amd64\native-platform.dll
0x00007ffae6310000 - 0x00007ffae631d000 	C:\Program Files\Android\Android Studio\jre\jre\bin\management.dll
0x00007ffae9510000 - 0x00007ffae9543000 	C:\Windows\system32\rsaenh.dll
0x00007ffaea3b0000 - 0x00007ffaea3d6000 	C:\Windows\System32\bcrypt.dll
0x00007ffaea020000 - 0x00007ffaea048000 	C:\Windows\SYSTEM32\USERENV.dll
0x00007ffae9b60000 - 0x00007ffae9b6c000 	C:\Windows\SYSTEM32\CRYPTBASE.dll
0x00007ffae96b0000 - 0x00007ffae96ed000 	C:\Windows\SYSTEM32\IPHLPAPI.DLL
0x00007ffaedb30000 - 0x00007ffaedb38000 	C:\Windows\System32\NSI.dll
0x00007ffae3c20000 - 0x00007ffae3c36000 	C:\Windows\SYSTEM32\dhcpcsvc6.DLL
0x00007ffae33f0000 - 0x00007ffae340c000 	C:\Windows\SYSTEM32\dhcpcsvc.DLL
0x00007ffae96f0000 - 0x00007ffae97b6000 	C:\Windows\SYSTEM32\DNSAPI.dll
0x00007ffadb170000 - 0x00007ffadb18e000 	C:\Temp\native-platform858870158021426012dir\native-platform.dll
0x00007ffae2990000 - 0x00007ffae29b4000 	C:\Program Files\Android\Android Studio\jre\jre\bin\sunec.dll
0x00007ffae3260000 - 0x00007ffae326b000 	C:\Program Files\Android\Android Studio\jre\jre\bin\sunmscapi.dll
0x00007ffaeb050000 - 0x00007ffaeb22b000 	C:\Windows\System32\CRYPT32.dll
0x00007ffaea120000 - 0x00007ffaea132000 	C:\Windows\System32\MSASN1.dll
0x00007ffadab10000 - 0x00007ffadab1a000 	C:\Windows\System32\rasadhlp.dll

VM Arguments:
jvm_args: -Xmx1536m -Dfile.encoding=windows-1251 -Duser.country=RU -Duser.language=ru -Duser.variant 
java_command: org.gradle.launcher.daemon.bootstrap.GradleDaemon 5.4.1
java_class_path (initial): C:\Users\nk\.gradle\wrapper\dists\gradle-5.4.1-all\3221gyojl5jsh0helicew7rwx\gradle-5.4.1\lib\gradle-launcher-5.4.1.jar
Launcher Type: SUN_STANDARD

Environment Variables:
JAVA_HOME=C:\Program Files\Java\jdk1.8.0_221
CLASSPATH=C:\mpj-v0_44\lib\mpj.jar
PATH=C:\Program Files (x86)\Common Files\Oracle\Java\javapath;C:\Program Files (x86)\Intel\iCLS Client\;C:\Program Files\Intel\iCLS Client\;C:\Windows\system32;C:\Windows;C:\Windows\System32\Wbem;C:\Windows\System32\WindowsPowerShell\v1.0\;C:\Program Files (x86)\NVIDIA Corporation\PhysX\Common;C:\Program Files (x86)\Intel\Intel(R) Management Engine Components\DAL;C:\Program Files\Intel\Intel(R) Management Engine Components\DAL;C:\Program Files (x86)\Intel\Intel(R) Management Engine Components\IPT;C:\Program Files\Intel\Intel(R) Management Engine Components\IPT;C:\Program Files\Git\cmd;C:\Program Files\Java\jdk1.8.0_221\bin;C:\Users\nk\AppData\Local\Programs\Python\Python37\Scripts\;C:\Users\nk\AppData\Local\Programs\Python\Python37\;C:\Users\nk\AppData\Local\Microsoft\WindowsApps;C:\Users\nk\AppData\Local\GitHubDesktop\bin;C:\Users\nk\AppData\Local\atom\bin;C:\mpj-v0_44\bin;C:\Program Files\mingw-w64\x86_64-8.1.0-posix-seh-rt_v6-rev0\mingw64\bin;C:\Program Files\swipl\bin;C:\Program Files\JetBrains\IntelliJ IDEA Community Edition 2019.2.2\bin;
USERNAME=nk
OS=Windows_NT
PROCESSOR_IDENTIFIER=Intel64 Family 6 Model 78 Stepping 3, GenuineIntel



---------------  S Y S T E M  ---------------

OS: Windows 10.0 , 64 bit Build 17763 (10.0.17763.475)

CPU:total 4 (initial active 4) (2 cores per cpu, 2 threads per core) family 6 model 78 stepping 3, cmov, cx8, fxsr, mmx, sse, sse2, sse3, ssse3, sse4.1, sse4.2, popcnt, avx, avx2, aes, clmul, erms, 3dnowpref, lzcnt, ht, tsc, tscinvbit, bmi1, bmi2, adx

Memory: 4k page, physical 8292352k(1346268k free), swap 8292352k(5268k free)

vm_info: OpenJDK 64-Bit Server VM (25.202-b03) for windows-amd64 JRE (1.8.0_202-release-1483-b03), built by "builder" with MS VC++ 10.0 (VS2010)

time: Wed Sep 25 14:18:03 2019
timezone: RTZ 2 (зима)
elapsed time: 234 seconds (0d 0h 3m 54s)

