#
# There is insufficient memory for the Java Runtime Environment to continue.
# Native memory allocation (malloc) failed to allocate 1279696 bytes for Chunk::new
# Possible reasons:
#   The system is out of physical RAM or swap space
#   The process is running with CompressedOops enabled, and the Java Heap may be blocking the growth of the native heap
# Possible solutions:
#   Reduce memory load on the system
#   Increase physical memory or swap space
#   Check if swap backing store is full
#   Decrease Java heap size (-Xmx/-Xms)
#   Decrease number of Java threads
#   Decrease Java thread stack sizes (-Xss)
#   Set larger code cache with -XX:ReservedCodeCacheSize=
#   JVM is running with Unscaled Compressed Oops mode in which the Java heap is
#     placed in the first 4GB address space. The Java Heap base address is the
#     maximum limit for the native heap growth. Please use -XX:HeapBaseMinAddress
#     to set the Java Heap base and to place the Java Heap above 4GB virtual address.
# This output file may be truncated or incomplete.
#
#  Out of Memory Error (allocation.cpp:389), pid=7092, tid=0x000000000000116c
#
# JRE version: OpenJDK Runtime Environment (8.0_202-b03) (build 1.8.0_202-release-1483-b03)
# Java VM: OpenJDK 64-Bit Server VM (25.202-b03 mixed mode windows-amd64 compressed oops)
# Failed to write core dump. Minidumps are not enabled by default on client versions of Windows
#

---------------  T H R E A D  ---------------

Current thread (0x0000000015fe4000):  JavaThread "C2 CompilerThread0" daemon [_thread_in_native, id=4460, stack(0x0000000017740000,0x0000000017840000)]

Stack: [0x0000000017740000,0x0000000017840000]
[error occurred during error reporting (printing stack bounds), id 0xc0000005]

Native frames: (J=compiled Java code, j=interpreted, Vv=VM code, C=native code)


Current CompileTask:
C2: 732751 13668 %     4       com.android.tools.r8.dex.DexParser::a @ 59 (1971 bytes)


---------------  P R O C E S S  ---------------

Java Threads: ( => current thread )
  0x000000001b5c6800 JavaThread "ForkJoinPool-4-worker-0" daemon [_thread_in_Java, id=4768, stack(0x000000002a2e0000,0x000000002a3e0000)]
  0x000000001ccc5800 JavaThread "ForkJoinPool-4-worker-3" daemon [_thread_blocked, id=4544, stack(0x000000002a1e0000,0x000000002a2e0000)]
  0x000000001ccc4000 JavaThread "ForkJoinPool-4-worker-2" daemon [_thread_blocked, id=1028, stack(0x000000002a0e0000,0x000000002a1e0000)]
  0x000000001ccc7000 JavaThread "ForkJoinPool-4-worker-1" daemon [_thread_blocked, id=4416, stack(0x0000000029fe0000,0x000000002a0e0000)]
  0x000000001ccc3000 JavaThread "WorkerExecutor Queue Thread 4" [_thread_blocked, id=7664, stack(0x0000000029ee0000,0x0000000029fe0000)]
  0x000000001ccba800 JavaThread "WorkerExecutor Queue Thread 3" [_thread_blocked, id=6724, stack(0x0000000029de0000,0x0000000029ee0000)]
  0x000000001ccc1000 JavaThread "WorkerExecutor Queue Thread 2" [_thread_blocked, id=72, stack(0x0000000029ce0000,0x0000000029de0000)]
  0x000000001ccb9000 JavaThread "Thread-80" [_thread_in_native, id=8096, stack(0x0000000029be0000,0x0000000029ce0000)]
  0x000000001ccbe800 JavaThread "WorkerExecutor Queue" [_thread_blocked, id=2964, stack(0x0000000029ae0000,0x0000000029be0000)]
  0x000000001ccbc000 JavaThread "RMI TCP Connection(idle)" daemon [_thread_blocked, id=3240, stack(0x00000000299e0000,0x0000000029ae0000)]
  0x000000001ccbb800 JavaThread "RMI RenewClean-[127.0.0.1:17473,org.jetbrains.kotlin.daemon.common.LoopbackNetworkInterface$ClientLoopbackSocketFactory@449669d5]" daemon [_thread_blocked, id=7544, stack(0x00000000298e0000,0x00000000299e0000)]
  0x000000001ccbe000 JavaThread "RMI TCP Connection(8)-127.0.0.1" daemon [_thread_in_native, id=6632, stack(0x00000000297e0000,0x00000000298e0000)]
  0x000000001ccba000 JavaThread "RMI RenewClean-[127.0.0.1:17473,org.jetbrains.kotlin.daemon.common.LoopbackNetworkInterface$ClientLoopbackSocketFactory@75a6716d]" daemon [_thread_blocked, id=6128, stack(0x00000000296e0000,0x00000000297e0000)]
  0x000000001b5c5000 JavaThread "RMI TCP Connection(idle)" daemon [_thread_blocked, id=612, stack(0x00000000295e0000,0x00000000296e0000)]
  0x000000001b5c3800 JavaThread "RMI RenewClean-[127.0.0.1:17473,org.jetbrains.kotlin.daemon.common.LoopbackNetworkInterface$ClientLoopbackSocketFactory@1484c71a]" daemon [_thread_blocked, id=3600, stack(0x00000000294e0000,0x00000000295e0000)]
  0x000000001b5ca800 JavaThread "Cache worker for execution history cache (C:\Users\nk\Desktop\Schedule\.gradle\5.4.1\executionHistory)" [_thread_blocked, id=4952, stack(0x00000000292e0000,0x00000000293e0000)]
  0x000000001b5c9800 JavaThread "Execution worker for ':' Thread 3" [_thread_blocked, id=6428, stack(0x00000000291e0000,0x00000000292e0000)]
  0x000000001b5c2000 JavaThread "Execution worker for ':' Thread 2" [_thread_blocked, id=500, stack(0x00000000290e0000,0x00000000291e0000)]
  0x000000001b5c9000 JavaThread "Execution worker for ':'" [_thread_blocked, id=2996, stack(0x0000000028fe0000,0x00000000290e0000)]
  0x000000001b5c6000 JavaThread "Cache worker for file content cache (C:\Users\nk\Desktop\Schedule\.gradle\5.4.1\fileContent)" [_thread_blocked, id=7068, stack(0x0000000028ee0000,0x0000000028fe0000)]
  0x000000001b5c8000 JavaThread "Cache worker for Build Output Cleanup Cache (C:\Users\nk\Desktop\Schedule\.gradle\buildOutputCleanup)" [_thread_blocked, id=7776, stack(0x0000000028de0000,0x0000000028ee0000)]
  0x000000001b5bd800 JavaThread "Build operations Thread 4" [_thread_blocked, id=5380, stack(0x0000000028ce0000,0x0000000028de0000)]
  0x000000001b5bf000 JavaThread "Build operations Thread 3" [_thread_blocked, id=3620, stack(0x0000000028be0000,0x0000000028ce0000)]
  0x000000001b5be800 JavaThread "Build operations Thread 2" [_thread_blocked, id=1120, stack(0x0000000028ae0000,0x0000000028be0000)]
  0x000000001b5bd000 JavaThread "Build operations" [_thread_blocked, id=7348, stack(0x00000000289e0000,0x0000000028ae0000)]
  0x000000001b5c0000 JavaThread "Cache worker for cache directory md-rule (C:\Users\nk\.gradle\caches\5.4.1\md-rule)" [_thread_blocked, id=1392, stack(0x00000000288e0000,0x00000000289e0000)]
  0x000000001b4d7000 JavaThread "Cache worker for cache directory md-supplier (C:\Users\nk\.gradle\caches\5.4.1\md-supplier)" [_thread_blocked, id=7140, stack(0x00000000287e0000,0x00000000288e0000)]
  0x000000001b4d6800 JavaThread "Cache worker for file hash cache (C:\Users\nk\Desktop\Schedule\.gradle\5.4.1\fileHashes)" [_thread_blocked, id=3628, stack(0x00000000286e0000,0x00000000287e0000)]
  0x000000001b4d5800 JavaThread "Thread-64" [_thread_blocked, id=8172, stack(0x00000000285e0000,0x00000000286e0000)]
  0x000000001b4d4000 JavaThread "Asynchronous log dispatcher for DefaultDaemonConnection: socket connection from /127.0.0.1:4436 to /127.0.0.1:4610" [_thread_blocked, id=3904, stack(0x00000000283e0000,0x00000000284e0000)]
  0x000000001b4d3800 JavaThread "Daemon worker Thread 3" [_thread_blocked, id=7968, stack(0x00000000282e0000,0x00000000283e0000)]
  0x000000001b4da000 JavaThread "Cancel handler" [_thread_blocked, id=5912, stack(0x00000000281e0000,0x00000000282e0000)]
  0x000000001b4d9800 JavaThread "Handler for socket connection from /127.0.0.1:4436 to /127.0.0.1:4610" [_thread_in_native, id=7408, stack(0x00000000280e0000,0x00000000281e0000)]
  0x000000001b4d8000 JavaThread "Daemon Thread 3" [_thread_blocked, id=6488, stack(0x0000000027fe0000,0x00000000280e0000)]
  0x000000001ccc7800 JavaThread "RMI RenewClean-[127.0.0.1:17994,org.jetbrains.kotlin.daemon.common.LoopbackNetworkInterface$ClientLoopbackSocketFactory@5fe05a38]" daemon [_thread_blocked, id=1400, stack(0x00000000275e0000,0x00000000276e0000)]
  0x000000001ccc8800 JavaThread "RMI RenewClean-[127.0.0.1:17994,org.jetbrains.kotlin.daemon.common.LoopbackNetworkInterface$ClientLoopbackSocketFactory@5d7ef1e3]" daemon [_thread_blocked, id=592, stack(0x00000000274e0000,0x00000000275e0000)]
  0x000000001b5c7800 JavaThread "RMI Reaper" [_thread_blocked, id=5824, stack(0x00000000250a0000,0x00000000251a0000)]
  0x000000001b5c3000 JavaThread "RMI TCP Accept-0" daemon [_thread_in_native, id=6668, stack(0x0000000024fa0000,0x00000000250a0000)]
  0x000000001b5bb800 JavaThread "GC Daemon" daemon [_thread_blocked, id=4184, stack(0x0000000024da0000,0x0000000024ea0000)]
  0x000000001b5c1800 JavaThread "RMI RenewClean-[127.0.0.1:17994,org.jetbrains.kotlin.daemon.common.LoopbackNetworkInterface$ClientLoopbackSocketFactory@58cd3991]" daemon [_thread_blocked, id=1220, stack(0x0000000024ca0000,0x0000000024da0000)]
  0x000000001b5c0800 JavaThread "RMI Scheduler(0)" daemon [_thread_blocked, id=6324, stack(0x0000000024ba0000,0x0000000024ca0000)]
  0x000000001ccc6000 JavaThread "Cache worker for file content cache (C:\Users\nk\.gradle\caches\5.4.1\fileContent)" [_thread_blocked, id=3000, stack(0x0000000021b60000,0x0000000021c60000)]
  0x000000001ccc1800 JavaThread "Memory manager" [_thread_blocked, id=7708, stack(0x0000000021230000,0x0000000021330000)]
  0x000000001ccc0000 JavaThread "Cache worker for execution history cache (C:\Users\nk\.gradle\caches\5.4.1\executionHistory)" [_thread_blocked, id=1664, stack(0x00000000201d0000,0x00000000202d0000)]
  0x0000000018aa0000 JavaThread "Cache worker for journal cache (C:\Users\nk\.gradle\caches\journal-1)" [_thread_blocked, id=2736, stack(0x000000001aea0000,0x000000001afa0000)]
  0x0000000018aa0800 JavaThread "File lock request listener" [_thread_in_native, id=804, stack(0x000000001aba0000,0x000000001aca0000)]
  0x0000000018a9e800 JavaThread "Cache worker for file hash cache (C:\Users\nk\.gradle\caches\5.4.1\fileHashes)" [_thread_blocked, id=1284, stack(0x000000001aaa0000,0x000000001aba0000)]
  0x0000000017bb9000 JavaThread "Daemon periodic checks" [_thread_blocked, id=1444, stack(0x000000001a0a0000,0x000000001a1a0000)]
  0x0000000017e27000 JavaThread "Incoming local TCP Connector on port 4436" [_thread_in_native, id=7084, stack(0x0000000019e50000,0x0000000019f50000)]
  0x00000000190c4800 JavaThread "Daemon health stats" [_thread_blocked, id=1512, stack(0x0000000019810000,0x0000000019910000)]
  0x0000000017a68800 JavaThread "Service Thread" daemon [_thread_blocked, id=8000, stack(0x0000000017e40000,0x0000000017f40000)]
  0x0000000015ffa000 JavaThread "C1 CompilerThread2" daemon [_thread_blocked, id=2612, stack(0x0000000017940000,0x0000000017a40000)]
  0x0000000015fec800 JavaThread "C2 CompilerThread1" daemon [_thread_in_native, id=3976, stack(0x0000000017840000,0x0000000017940000)]
=>0x0000000015fe4000 JavaThread "C2 CompilerThread0" daemon [_thread_in_native, id=4460, stack(0x0000000017740000,0x0000000017840000)]
  0x0000000015fe1800 JavaThread "Attach Listener" daemon [_thread_blocked, id=7796, stack(0x0000000017640000,0x0000000017740000)]
  0x0000000015fe7800 JavaThread "Signal Dispatcher" daemon [_thread_blocked, id=5020, stack(0x0000000017540000,0x0000000017640000)]
  0x000000000266b000 JavaThread "Finalizer" daemon [_thread_blocked, id=5484, stack(0x0000000017240000,0x0000000017340000)]
  0x0000000015fc9000 JavaThread "Reference Handler" daemon [_thread_blocked, id=2652, stack(0x0000000017140000,0x0000000017240000)]
  0x000000000236e000 JavaThread "main" [_thread_blocked, id=3952, stack(0x0000000002470000,0x0000000002570000)]

Other Threads:
  0x0000000015fa6000 VMThread [stack: 0x0000000017040000,0x0000000017140000] [id=2924]
  0x000000001603d000 WatcherThread [stack: 0x0000000017f40000,0x0000000018040000] [id=4732]

VM state:not at safepoint (normal execution)

VM Mutex/Monitor currently owned by a thread:  ([mutex/lock_event])
[0x000000000236cc40] Patching_lock - owner thread: 0x0000000000000000
[0x0000000002571350] Compile_lock - owner thread: 0x0000000015ffa000
[0x0000000002570e50] MethodCompileQueue_lock - owner thread: 0x0000000000000000

heap address: 0x00000000a0000000, size: 1536 MB, Compressed Oops mode: 32-bit
Narrow klass base: 0x0000000000000000, Narrow klass shift: 3
Compressed class space size: 1073741824 Address: 0x0000000100000000

Heap:
 PSYoungGen      total 254464K, used 167925K [0x00000000e0000000, 0x00000000f4080000, 0x0000000100000000)
  eden space 236032K, 67% used [0x00000000e0000000,0x00000000e9ac5b40,0x00000000ee680000)
  from space 18432K, 51% used [0x00000000f0200000,0x00000000f0b37aa0,0x00000000f1400000)
  to   space 28160K, 0% used [0x00000000ee680000,0x00000000ee680000,0x00000000f0200000)
 ParOldGen       total 104960K, used 75224K [0x00000000a0000000, 0x00000000a6680000, 0x00000000e0000000)
  object space 104960K, 71% used [0x00000000a0000000,0x00000000a49761e8,0x00000000a6680000)
 Metaspace       used 85907K, capacity 89722K, committed 89816K, reserved 1126400K
  class space    used 11452K, capacity 12205K, committed 12288K, reserved 1048576K

Card table byte_map: [0x0000000011a30000,0x0000000011d40000] byte_map_base: 0x0000000011530000

Marking Bits: (ParMarkBitMap*) 0x0000000077d29f30
 Begin Bits: [0x0000000012340000, 0x0000000013b40000)
 End Bits:   [0x0000000013b40000, 0x0000000015340000)

Polling page: 0x0000000002240000

CodeCache: size=245760Kb used=37987Kb max_used=37989Kb free=207772Kb
 bounds [0x0000000002670000, 0x0000000004bc0000, 0x0000000011670000]
 total_blobs=12635 nmethods=11770 adapters=777
 compilation: enabled

Compilation events (10 events):
Event: 732.741 Thread 0x0000000015ffa000 14042       2       com.android.tools.r8.graph.DexAnnotationElement::equals (55 bytes)
Event: 732.741 Thread 0x0000000015ffa000 nmethod 14042 0x0000000004ba99d0 code [0x0000000004ba9b40, 0x0000000004ba9df8]
Event: 732.741 Thread 0x0000000015ffa000 14043       2       com.android.tools.r8.n.a.a.a.h.N::containsKey (80 bytes)
Event: 732.742 Thread 0x0000000015ffa000 nmethod 14043 0x0000000004ba9310 code [0x0000000004ba94a0, 0x0000000004ba97c8]
Event: 732.742 Thread 0x0000000015ffa000 14044       2       com.android.tools.r8.graph.DexEncodedAnnotation::equals (55 bytes)
Event: 732.743 Thread 0x0000000015ffa000 nmethod 14044 0x0000000004ba8c50 code [0x0000000004ba8de0, 0x0000000004ba9138]
Event: 732.743 Thread 0x0000000015ffa000 14045       2       com.android.tools.r8.dex.e::a (23 bytes)
Event: 732.744 Thread 0x0000000015ffa000 nmethod 14045 0x0000000004ba8850 code [0x0000000004ba89c0, 0x0000000004ba8b98]
Event: 732.744 Thread 0x0000000015ffa000 14046       1       com.android.tools.r8.graph.DexValue$DexValueInt::hashCode (8 bytes)
Event: 732.744 Thread 0x0000000015ffa000 nmethod 14046 0x0000000004bb3290 code [0x0000000004bb33e0, 0x0000000004bb34f0]

GC Heap History (10 events):
Event: 17.274 GC heap before
{Heap before GC invocations=17 (full 3):
 PSYoungGen      total 201216K, used 7894K [0x00000000e0000000, 0x00000000ed600000, 0x0000000100000000)
  eden space 184832K, 0% used [0x00000000e0000000,0x00000000e0000000,0x00000000eb480000)
  from space 16384K, 48% used [0x00000000ec400000,0x00000000ecbb5968,0x00000000ed400000)
  to   space 15872K, 0% used [0x00000000eb480000,0x00000000eb480000,0x00000000ec400000)
 ParOldGen       total 71168K, used 28092K [0x00000000a0000000, 0x00000000a4580000, 0x00000000e0000000)
  object space 71168K, 39% used [0x00000000a0000000,0x00000000a1b6f300,0x00000000a4580000)
 Metaspace       used 57465K, capacity 59066K, committed 59096K, reserved 1099776K
  class space    used 7771K, capacity 8185K, committed 8192K, reserved 1048576K
Event: 17.763 GC heap after
Heap after GC invocations=17 (full 3):
 PSYoungGen      total 201216K, used 0K [0x00000000e0000000, 0x00000000ed600000, 0x0000000100000000)
  eden space 184832K, 0% used [0x00000000e0000000,0x00000000e0000000,0x00000000eb480000)
  from space 16384K, 0% used [0x00000000ec400000,0x00000000ec400000,0x00000000ed400000)
  to   space 15872K, 0% used [0x00000000eb480000,0x00000000eb480000,0x00000000ec400000)
 ParOldGen       total 104960K, used 33902K [0x00000000a0000000, 0x00000000a6680000, 0x00000000e0000000)
  object space 104960K, 32% used [0x00000000a0000000,0x00000000a211b900,0x00000000a6680000)
 Metaspace       used 57465K, capacity 59066K, committed 59096K, reserved 1099776K
  class space    used 7771K, capacity 8185K, committed 8192K, reserved 1048576K
}
Event: 22.078 GC heap before
{Heap before GC invocations=18 (full 3):
 PSYoungGen      total 201216K, used 184832K [0x00000000e0000000, 0x00000000ed600000, 0x0000000100000000)
  eden space 184832K, 100% used [0x00000000e0000000,0x00000000eb480000,0x00000000eb480000)
  from space 16384K, 0% used [0x00000000ec400000,0x00000000ec400000,0x00000000ed400000)
  to   space 15872K, 0% used [0x00000000eb480000,0x00000000eb480000,0x00000000ec400000)
 ParOldGen       total 104960K, used 33902K [0x00000000a0000000, 0x00000000a6680000, 0x00000000e0000000)
  object space 104960K, 32% used [0x00000000a0000000,0x00000000a211b900,0x00000000a6680000)
 Metaspace       used 63650K, capacity 65680K, committed 65880K, reserved 1105920K
  class space    used 8556K, capacity 9030K, committed 9088K, reserved 1048576K
Event: 22.121 GC heap after
Heap after GC invocations=18 (full 3):
 PSYoungGen      total 200704K, used 15857K [0x00000000e0000000, 0x00000000f1600000, 0x0000000100000000)
  eden space 184832K, 0% used [0x00000000e0000000,0x00000000e0000000,0x00000000eb480000)
  from space 15872K, 99% used [0x00000000eb480000,0x00000000ec3fc4c0,0x00000000ec400000)
  to   space 20480K, 0% used [0x00000000f0200000,0x00000000f0200000,0x00000000f1600000)
 ParOldGen       total 104960K, used 41125K [0x00000000a0000000, 0x00000000a6680000, 0x00000000e0000000)
  object space 104960K, 39% used [0x00000000a0000000,0x00000000a2829750,0x00000000a6680000)
 Metaspace       used 63650K, capacity 65680K, committed 65880K, reserved 1105920K
  class space    used 8556K, capacity 9030K, committed 9088K, reserved 1048576K
}
Event: 26.203 GC heap before
{Heap before GC invocations=19 (full 3):
 PSYoungGen      total 200704K, used 200689K [0x00000000e0000000, 0x00000000f1600000, 0x0000000100000000)
  eden space 184832K, 100% used [0x00000000e0000000,0x00000000eb480000,0x00000000eb480000)
  from space 15872K, 99% used [0x00000000eb480000,0x00000000ec3fc4c0,0x00000000ec400000)
  to   space 20480K, 0% used [0x00000000f0200000,0x00000000f0200000,0x00000000f1600000)
 ParOldGen       total 104960K, used 41125K [0x00000000a0000000, 0x00000000a6680000, 0x00000000e0000000)
  object space 104960K, 39% used [0x00000000a0000000,0x00000000a2829750,0x00000000a6680000)
 Metaspace       used 69501K, capacity 71864K, committed 72152K, reserved 1112064K
  class space    used 9368K, capacity 9884K, committed 9984K, reserved 1048576K
Event: 26.269 GC heap after
Heap after GC invocations=19 (full 3):
 PSYoungGen      total 257024K, used 15551K [0x00000000e0000000, 0x00000000f1400000, 0x0000000100000000)
  eden space 238592K, 0% used [0x00000000e0000000,0x00000000e0000000,0x00000000ee900000)
  from space 18432K, 84% used [0x00000000f0200000,0x00000000f112ffc0,0x00000000f1400000)
  to   space 22016K, 0% used [0x00000000ee900000,0x00000000ee900000,0x00000000efe80000)
 ParOldGen       total 104960K, used 55609K [0x00000000a0000000, 0x00000000a6680000, 0x00000000e0000000)
  object space 104960K, 52% used [0x00000000a0000000,0x00000000a364e548,0x00000000a6680000)
 Metaspace       used 69501K, capacity 71864K, committed 72152K, reserved 1112064K
  class space    used 9368K, capacity 9884K, committed 9984K, reserved 1048576K
}
Event: 131.426 GC heap before
{Heap before GC invocations=20 (full 3):
 PSYoungGen      total 257024K, used 254143K [0x00000000e0000000, 0x00000000f1400000, 0x0000000100000000)
  eden space 238592K, 100% used [0x00000000e0000000,0x00000000ee900000,0x00000000ee900000)
  from space 18432K, 84% used [0x00000000f0200000,0x00000000f112ffc0,0x00000000f1400000)
  to   space 22016K, 0% used [0x00000000ee900000,0x00000000ee900000,0x00000000efe80000)
 ParOldGen       total 104960K, used 55609K [0x00000000a0000000, 0x00000000a6680000, 0x00000000e0000000)
  object space 104960K, 52% used [0x00000000a0000000,0x00000000a364e548,0x00000000a6680000)
 Metaspace       used 76151K, capacity 78950K, committed 79192K, reserved 1118208K
  class space    used 10051K, capacity 10621K, committed 10624K, reserved 1048576K
Event: 131.475 GC heap after
Heap after GC invocations=20 (full 3):
 PSYoungGen      total 260608K, used 21995K [0x00000000e0000000, 0x00000000f1400000, 0x0000000100000000)
  eden space 238592K, 0% used [0x00000000e0000000,0x00000000e0000000,0x00000000ee900000)
  from space 22016K, 99% used [0x00000000ee900000,0x00000000efe7ac18,0x00000000efe80000)
  to   space 18432K, 0% used [0x00000000f0200000,0x00000000f0200000,0x00000000f1400000)
 ParOldGen       total 104960K, used 67109K [0x00000000a0000000, 0x00000000a6680000, 0x00000000e0000000)
  object space 104960K, 63% used [0x00000000a0000000,0x00000000a4189608,0x00000000a6680000)
 Metaspace       used 76151K, capacity 78950K, committed 79192K, reserved 1118208K
  class space    used 10051K, capacity 10621K, committed 10624K, reserved 1048576K
}
Event: 680.128 GC heap before
{Heap before GC invocations=21 (full 3):
 PSYoungGen      total 260608K, used 260587K [0x00000000e0000000, 0x00000000f1400000, 0x0000000100000000)
  eden space 238592K, 100% used [0x00000000e0000000,0x00000000ee900000,0x00000000ee900000)
  from space 22016K, 99% used [0x00000000ee900000,0x00000000efe7ac18,0x00000000efe80000)
  to   space 18432K, 0% used [0x00000000f0200000,0x00000000f0200000,0x00000000f1400000)
 ParOldGen       total 104960K, used 67109K [0x00000000a0000000, 0x00000000a6680000, 0x00000000e0000000)
  object space 104960K, 63% used [0x00000000a0000000,0x00000000a4189608,0x00000000a6680000)
 Metaspace       used 77134K, capacity 79978K, committed 80088K, reserved 1118208K
  class space    used 10133K, capacity 10713K, committed 10752K, reserved 1048576K
Event: 680.174 GC heap after
Heap after GC invocations=21 (full 3):
 PSYoungGen      total 254464K, used 9438K [0x00000000e0000000, 0x00000000f4080000, 0x0000000100000000)
  eden space 236032K, 0% used [0x00000000e0000000,0x00000000e0000000,0x00000000ee680000)
  from space 18432K, 51% used [0x00000000f0200000,0x00000000f0b37aa0,0x00000000f1400000)
  to   space 28160K, 0% used [0x00000000ee680000,0x00000000ee680000,0x00000000f0200000)
 ParOldGen       total 104960K, used 75224K [0x00000000a0000000, 0x00000000a6680000, 0x00000000e0000000)
  object space 104960K, 71% used [0x00000000a0000000,0x00000000a49761e8,0x00000000a6680000)
 Metaspace       used 77134K, capacity 79978K, committed 80088K, reserved 1118208K
  class space    used 10133K, capacity 10713K, committed 10752K, reserved 1048576K
}

Deoptimization events (10 events):
Event: 731.925 Thread 0x000000001b5c9800 Uncommon trap: reason=array_check action=maybe_recompile pc=0x0000000004a5e900 method=java.util.TimSort.reverseRange([Ljava/lang/Object;II)V @ 27
Event: 731.951 Thread 0x000000001ccba800 Uncommon trap: reason=array_check action=maybe_recompile pc=0x0000000004a5e900 method=java.util.TimSort.reverseRange([Ljava/lang/Object;II)V @ 27
Event: 732.313 Thread 0x000000001ccba800 Uncommon trap: reason=unstable_if action=reinterpret pc=0x000000000324ee24 method=java.util.concurrent.ConcurrentHashMap.putVal(Ljava/lang/Object;Ljava/lang/Object;Z)Ljava/lang/Object; @ 331
Event: 732.357 Thread 0x000000001ccc5800 Uncommon trap: reason=unstable_if action=reinterpret pc=0x0000000003c6072c method=java.util.Arrays.hashCode([Ljava/lang/Object;)I @ 1
Event: 732.357 Thread 0x000000001ccc4000 Uncommon trap: reason=unstable_if action=reinterpret pc=0x0000000003c6072c method=java.util.Arrays.hashCode([Ljava/lang/Object;)I @ 1
Event: 732.357 Thread 0x000000001ccc7000 Uncommon trap: reason=unstable_if action=reinterpret pc=0x0000000003c6072c method=java.util.Arrays.hashCode([Ljava/lang/Object;)I @ 1
Event: 732.357 Thread 0x000000001b5c6800 Uncommon trap: reason=unstable_if action=reinterpret pc=0x0000000003c6072c method=java.util.Arrays.hashCode([Ljava/lang/Object;)I @ 1
Event: 732.358 Thread 0x000000001b5c6800 Uncommon trap: reason=unstable_if action=reinterpret pc=0x0000000004ab849c method=java.util.Arrays.equals([B[B)Z @ 2
Event: 732.406 Thread 0x000000001b5c6800 Uncommon trap: reason=unstable_if action=reinterpret pc=0x0000000004af7e6c method=java.util.Arrays.equals([B[B)Z @ 41
Event: 732.566 Thread 0x000000001ccba800 Uncommon trap: reason=array_check action=maybe_recompile pc=0x0000000004a3d038 method=java.util.TimSort.reverseRange([Ljava/lang/Object;II)V @ 27

Classes redefined (0 events):
No events

Internal exceptions (10 events):
Event: 730.649 Thread 0x000000001ccbe800 Exception <a 'java/lang/NoSuchMethodError': java.lang.Object.lambda$static$0(Ljava/lang/String;)Z> (0x00000000e5cbf588) thrown at [D:\src\AOSP-openjdk-cygwin\jdk8u\hotspot\src\share\vm\interpreter\linkResolver.cpp, line 620]
Event: 730.853 Thread 0x000000001ccbe800 Exception <a 'sun/nio/fs/WindowsException'> (0x00000000e6142758) thrown at [D:\src\AOSP-openjdk-cygwin\jdk8u\hotspot\src\share\vm\prims\jni.cpp, line 710]
Event: 731.375 Thread 0x000000001ccbe800 Exception <a 'java/lang/NoSuchMethodError': java.lang.Object.lambda$maxBy$1(Ljava/util/Comparator;Ljava/lang/Object;Ljava/lang/Object;)Ljava/lang/Object;> (0x00000000e6f5dc98) thrown at [D:\src\AOSP-openjdk-cygwin\jdk8u\hotspot\src\share\vm\interpreter\li
Event: 731.704 Thread 0x000000001ccbe800 Exception <a 'sun/nio/fs/WindowsException'> (0x00000000e78cace8) thrown at [D:\src\AOSP-openjdk-cygwin\jdk8u\hotspot\src\share\vm\prims\jni.cpp, line 710]
Event: 731.932 Thread 0x000000001b5c9800 Exception <a 'java/lang/NoSuchMethodError': <clinit>> (0x00000000e7c0acb0) thrown at [D:\src\AOSP-openjdk-cygwin\jdk8u\hotspot\src\share\vm\prims\jni.cpp, line 1614]
Event: 732.196 Thread 0x000000001ccba800 Exception <a 'sun/nio/fs/WindowsException'> (0x00000000e82b2b40) thrown at [D:\src\AOSP-openjdk-cygwin\jdk8u\hotspot\src\share\vm\prims\jni.cpp, line 710]
Event: 732.357 Thread 0x000000001ccc5800 Implicit null exception at 0x0000000003c6062f to 0x0000000003c6071d
Event: 732.357 Thread 0x000000001b5c6800 Implicit null exception at 0x0000000003c6062f to 0x0000000003c6071d
Event: 732.357 Thread 0x000000001ccc4000 Implicit null exception at 0x0000000003c6062f to 0x0000000003c6071d
Event: 732.357 Thread 0x000000001ccc7000 Implicit null exception at 0x0000000003c6062f to 0x0000000003c6071d

Events (10 events):
Event: 732.702 Thread 0x000000001b5c6800 DEOPT PACKING pc=0x00000000048ee6d7 sp=0x000000002a3dec40
Event: 732.702 Thread 0x000000001b5c6800 DEOPT UNPACKING pc=0x00000000026b75d0 sp=0x000000002a3de968 mode 0
Event: 732.704 Thread 0x000000001b5c6800 DEOPT PACKING pc=0x0000000003e8e7fe sp=0x000000002a3deb00
Event: 732.704 Thread 0x000000001b5c6800 DEOPT UNPACKING pc=0x00000000026b75d0 sp=0x000000002a3de870 mode 0
Event: 732.723 Thread 0x000000001b5c6800 DEOPT PACKING pc=0x0000000003e8e7fe sp=0x000000002a3deb20
Event: 732.723 Thread 0x000000001b5c6800 DEOPT UNPACKING pc=0x00000000026b75d0 sp=0x000000002a3de890 mode 0
Event: 732.724 Thread 0x000000001b5c6800 DEOPT PACKING pc=0x00000000048ee6d7 sp=0x000000002a3dec60
Event: 732.724 Thread 0x000000001b5c6800 DEOPT UNPACKING pc=0x00000000026b75d0 sp=0x000000002a3de988 mode 0
Event: 732.726 Thread 0x000000001b5c6800 DEOPT PACKING pc=0x0000000003e8e7fe sp=0x000000002a3deb20
Event: 732.726 Thread 0x000000001b5c6800 DEOPT UNPACKING pc=0x00000000026b75d0 sp=0x000000002a3de890 mode 0


Dynamic libraries:
0x00007ff75ba90000 - 0x00007ff75bac1000 	C:\Program Files\Android\Android Studio\jre\bin\java.exe
0x00007ff9d67c0000 - 0x00007ff9d69ad000 	C:\Windows\SYSTEM32\ntdll.dll
0x00007ff9d3a50000 - 0x00007ff9d3b03000 	C:\Windows\System32\KERNEL32.DLL
0x00007ff9d29d0000 - 0x00007ff9d2c63000 	C:\Windows\System32\KERNELBASE.dll
0x00007ff9d4660000 - 0x00007ff9d4703000 	C:\Windows\System32\ADVAPI32.dll
0x00007ff9d3b70000 - 0x00007ff9d3c0e000 	C:\Windows\System32\msvcrt.dll
0x00007ff9d5150000 - 0x00007ff9d51ee000 	C:\Windows\System32\sechost.dll
0x00007ff9d3d50000 - 0x00007ff9d3e72000 	C:\Windows\System32\RPCRT4.dll
0x00007ff9d4cb0000 - 0x00007ff9d4e47000 	C:\Windows\System32\USER32.dll
0x00007ff9d2cf0000 - 0x00007ff9d2d10000 	C:\Windows\System32\win32u.dll
0x00007ff9d3a10000 - 0x00007ff9d3a39000 	C:\Windows\System32\GDI32.dll
0x00007ff9d3870000 - 0x00007ff9d3a09000 	C:\Windows\System32\gdi32full.dll
0x00007ff9d34c0000 - 0x00007ff9d3560000 	C:\Windows\System32\msvcp_win.dll
0x00007ff9d3740000 - 0x00007ff9d383a000 	C:\Windows\System32\ucrtbase.dll
0x00007ff9c31f0000 - 0x00007ff9c3469000 	C:\Windows\WinSxS\amd64_microsoft.windows.common-controls_6595b64144ccf1df_6.0.17763.719_none_05b84458071c8757\COMCTL32.dll
0x00007ff9d3e80000 - 0x00007ff9d41ac000 	C:\Windows\System32\combase.dll
0x00007ff9d2c70000 - 0x00007ff9d2cee000 	C:\Windows\System32\bcryptPrimitives.dll
0x00007ff9d4630000 - 0x00007ff9d465e000 	C:\Windows\System32\IMM32.DLL
0x00000000504b0000 - 0x0000000050582000 	C:\Program Files\Android\Android Studio\jre\jre\bin\msvcr100.dll
0x0000000077560000 - 0x0000000077da6000 	C:\Program Files\Android\Android Studio\jre\jre\bin\server\jvm.dll
0x00007ff9d3d40000 - 0x00007ff9d3d48000 	C:\Windows\System32\PSAPI.DLL
0x00007ff9ce930000 - 0x00007ff9ce939000 	C:\Windows\SYSTEM32\WSOCK32.dll
0x00007ff9d4fb0000 - 0x00007ff9d501d000 	C:\Windows\System32\WS2_32.dll
0x00007ff9ce310000 - 0x00007ff9ce31a000 	C:\Windows\SYSTEM32\VERSION.dll
0x00007ff9cc5f0000 - 0x00007ff9cc614000 	C:\Windows\SYSTEM32\WINMM.dll
0x00007ff9cc5c0000 - 0x00007ff9cc5ed000 	C:\Windows\SYSTEM32\WINMMBASE.dll
0x00007ff9d28b0000 - 0x00007ff9d28fa000 	C:\Windows\System32\cfgmgr32.dll
0x00007ff9ce920000 - 0x00007ff9ce92f000 	C:\Program Files\Android\Android Studio\jre\jre\bin\verify.dll
0x00007ff9c3120000 - 0x00007ff9c3149000 	C:\Program Files\Android\Android Studio\jre\jre\bin\java.dll
0x00007ff9c3100000 - 0x00007ff9c3116000 	C:\Program Files\Android\Android Studio\jre\jre\bin\zip.dll
0x00007ff9d51f0000 - 0x00007ff9d66e2000 	C:\Windows\System32\SHELL32.dll
0x00007ff9d3c10000 - 0x00007ff9d3cb8000 	C:\Windows\System32\shcore.dll
0x00007ff9d2d70000 - 0x00007ff9d34ba000 	C:\Windows\System32\windows.storage.dll
0x00007ff9d2800000 - 0x00007ff9d2824000 	C:\Windows\System32\profapi.dll
0x00007ff9d2850000 - 0x00007ff9d28ad000 	C:\Windows\System32\powrprof.dll
0x00007ff9d3b10000 - 0x00007ff9d3b62000 	C:\Windows\System32\shlwapi.dll
0x00007ff9d27e0000 - 0x00007ff9d27f1000 	C:\Windows\System32\kernel.appcore.dll
0x00007ff9d29b0000 - 0x00007ff9d29c7000 	C:\Windows\System32\cryptsp.dll
0x00007ff9c30e0000 - 0x00007ff9c30fa000 	C:\Program Files\Android\Android Studio\jre\jre\bin\net.dll
0x00007ff9d2050000 - 0x00007ff9d20b7000 	C:\Windows\system32\mswsock.dll
0x00007ff9c29c0000 - 0x00007ff9c29d1000 	C:\Program Files\Android\Android Studio\jre\jre\bin\nio.dll
0x00007ff9c18b0000 - 0x00007ff9c18d6000 	C:\Users\nk\.gradle\native\29\windows-amd64\native-platform.dll
0x00007ff9ce910000 - 0x00007ff9ce91d000 	C:\Program Files\Android\Android Studio\jre\jre\bin\management.dll
0x00007ff9d1bd0000 - 0x00007ff9d1c03000 	C:\Windows\system32\rsaenh.dll
0x00007ff9d3840000 - 0x00007ff9d3866000 	C:\Windows\System32\bcrypt.dll
0x00007ff9d26e0000 - 0x00007ff9d2708000 	C:\Windows\SYSTEM32\USERENV.dll
0x00007ff9d2220000 - 0x00007ff9d222c000 	C:\Windows\SYSTEM32\CRYPTBASE.dll
0x00007ff9d1d70000 - 0x00007ff9d1dad000 	C:\Windows\SYSTEM32\IPHLPAPI.DLL
0x00007ff9d48c0000 - 0x00007ff9d48c8000 	C:\Windows\System32\NSI.dll
0x00007ff9caf70000 - 0x00007ff9caf86000 	C:\Windows\SYSTEM32\dhcpcsvc6.DLL
0x00007ff9caf50000 - 0x00007ff9caf6c000 	C:\Windows\SYSTEM32\dhcpcsvc.DLL
0x00007ff9d1db0000 - 0x00007ff9d1e76000 	C:\Windows\SYSTEM32\DNSAPI.dll
0x00007ff9aa1c0000 - 0x00007ff9aa1de000 	C:\Temp\native-platform4267959780751877227dir\native-platform.dll

VM Arguments:
jvm_args: -Xmx1536m -Dfile.encoding=windows-1251 -Duser.country=RU -Duser.language=ru -Duser.variant 
java_command: org.gradle.launcher.daemon.bootstrap.GradleDaemon 5.4.1
java_class_path (initial): C:\Users\nk\.gradle\wrapper\dists\gradle-5.4.1-all\3221gyojl5jsh0helicew7rwx\gradle-5.4.1\lib\gradle-launcher-5.4.1.jar
Launcher Type: SUN_STANDARD

Environment Variables:
JAVA_HOME=C:\Program Files\Java\jdk1.8.0_221
CLASSPATH=C:\mpj-v0_44\lib\mpj.jar
PATH=C:\Program Files (x86)\Common Files\Oracle\Java\javapath;C:\Program Files (x86)\Intel\iCLS Client\;C:\Program Files\Intel\iCLS Client\;C:\Windows\system32;C:\Windows;C:\Windows\System32\Wbem;C:\Windows\System32\WindowsPowerShell\v1.0\;C:\Program Files (x86)\NVIDIA Corporation\PhysX\Common;C:\Program Files (x86)\Intel\Intel(R) Management Engine Components\DAL;C:\Program Files\Intel\Intel(R) Management Engine Components\DAL;C:\Program Files (x86)\Intel\Intel(R) Management Engine Components\IPT;C:\Program Files\Intel\Intel(R) Management Engine Components\IPT;C:\Program Files\Git\cmd;C:\Program Files\Java\jdk1.8.0_221\bin;C:\Users\nk\AppData\Local\Programs\Python\Python37\Scripts\;C:\Users\nk\AppData\Local\Programs\Python\Python37\;C:\Users\nk\AppData\Local\Microsoft\WindowsApps;C:\Users\nk\AppData\Local\GitHubDesktop\bin;C:\Users\nk\AppData\Local\atom\bin;C:\mpj-v0_44\bin;C:\Program Files\mingw-w64\x86_64-8.1.0-posix-seh-rt_v6-rev0\mingw64\bin;C:\Program Files\swipl\bin;C:\Program Files\JetBrains\IntelliJ IDEA Community Edition 2019.2.2\bin;;C:\Program Files\JetBrains\PyCharm Community Edition 2019.2.3\bin;;C:\Users\nk\AppData\Local\Programs\Microsoft VS Code\bin
USERNAME=nk
OS=Windows_NT
PROCESSOR_IDENTIFIER=Intel64 Family 6 Model 78 Stepping 3, GenuineIntel



---------------  S Y S T E M  ---------------

OS: Windows 10.0 , 64 bit Build 17763 (10.0.17763.475)

CPU:total 4 (initial active 4) (2 cores per cpu, 2 threads per core) family 6 model 78 stepping 3, cmov, cx8, fxsr, mmx, sse, sse2, sse3, ssse3, sse4.1, sse4.2, popcnt, avx, avx2, aes, clmul, erms, 3dnowpref, lzcnt, ht, tsc, tscinvbit, bmi1, bmi2, adx

Memory: 4k page, physical 8292352k(1125568k free), swap 8292352k(6324k free)

vm_info: OpenJDK 64-Bit Server VM (25.202-b03) for windows-amd64 JRE (1.8.0_202-release-1483-b03), built by "builder" with MS VC++ 10.0 (VS2010)

time: Fri Oct 11 18:40:21 2019
timezone: RTZ 2 (зима)
elapsed time: 732 seconds (0d 0h 12m 12s)

