#
# There is insufficient memory for the Java Runtime Environment to continue.
# Native memory allocation (malloc) failed to allocate 1343344 bytes for Chunk::new
# Possible reasons:
#   The system is out of physical RAM or swap space
#   The process is running with CompressedOops enabled, and the Java Heap may be blocking the growth of the native heap
# Possible solutions:
#   Reduce memory load on the system
#   Increase physical memory or swap space
#   Check if swap backing store is full
#   Decrease Java heap size (-Xmx/-Xms)
#   Decrease number of Java threads
#   Decrease Java thread stack sizes (-Xss)
#   Set larger code cache with -XX:ReservedCodeCacheSize=
#   JVM is running with Unscaled Compressed Oops mode in which the Java heap is
#     placed in the first 4GB address space. The Java Heap base address is the
#     maximum limit for the native heap growth. Please use -XX:HeapBaseMinAddress
#     to set the Java Heap base and to place the Java Heap above 4GB virtual address.
# This output file may be truncated or incomplete.
#
#  Out of Memory Error (allocation.cpp:389), pid=7948, tid=0x0000000000001050
#
# JRE version: OpenJDK Runtime Environment (8.0_202-b03) (build 1.8.0_202-release-1483-b03)
# Java VM: OpenJDK 64-Bit Server VM (25.202-b03 mixed mode windows-amd64 compressed oops)
# Failed to write core dump. Minidumps are not enabled by default on client versions of Windows
#

---------------  T H R E A D  ---------------

Current thread (0x0000000015f85000):  JavaThread "C2 CompilerThread1" daemon [_thread_in_native, id=4176, stack(0x0000000017690000,0x0000000017790000)]

Stack: [0x0000000017690000,0x0000000017790000]
[error occurred during error reporting (printing stack bounds), id 0xc0000005]

Native frames: (J=compiled Java code, j=interpreted, Vv=VM code, C=native code)


Current CompileTask:
C2: 274029 21984 %     4       com.android.tools.r8.ir.regalloc.LinearScanRegisterAllocator::computeLiveRanges @ 305 (944 bytes)


---------------  P R O C E S S  ---------------

Java Threads: ( => current thread )
  0x0000000018571000 JavaThread "ForkJoinPool.commonPool-worker-3" daemon [_thread_in_Java, id=308, stack(0x0000000029110000,0x0000000029210000)]
  0x000000001856d000 JavaThread "ForkJoinPool.commonPool-worker-2" daemon [_thread_in_native, id=7216, stack(0x0000000027da0000,0x0000000027ea0000)]
  0x000000001939a800 JavaThread "ForkJoinPool.commonPool-worker-0" daemon [_thread_in_Java, id=5648, stack(0x0000000027960000,0x0000000027a60000)]
  0x000000001d27e800 JavaThread "Cache worker for Java compile cache (C:\Users\nk\Desktop\Schedule\.gradle\5.1.1\javaCompile)" [_thread_blocked, id=6728, stack(0x0000000027860000,0x0000000027960000)]
  0x000000001d284800 JavaThread "Cache worker for Java compile cache (C:\Users\nk\.gradle\caches\5.1.1\javaCompile)" [_thread_blocked, id=752, stack(0x0000000027760000,0x0000000027860000)]
  0x000000001d27a000 JavaThread "RMI Reaper" [_thread_blocked, id=5276, stack(0x0000000026f60000,0x0000000027060000)]
  0x000000001d27f800 JavaThread "RMI TCP Accept-0" daemon [_thread_in_native, id=1664, stack(0x0000000026e60000,0x0000000026f60000)]
  0x000000001d285800 JavaThread "GC Daemon" daemon [_thread_blocked, id=3076, stack(0x0000000026d60000,0x0000000026e60000)]
  0x000000001d286000 JavaThread "RMI Scheduler(0)" daemon [_thread_blocked, id=8096, stack(0x0000000026b60000,0x0000000026c60000)]
  0x000000001d27d000 JavaThread "stdout" daemon [_thread_in_native, id=8068, stack(0x0000000026960000,0x0000000026a60000)]
  0x000000001d283000 JavaThread "stderr" daemon [_thread_in_native, id=3640, stack(0x0000000026860000,0x0000000026960000)]
  0x000000001d282800 JavaThread "stdout" daemon [_thread_in_native, id=4780, stack(0x0000000026760000,0x0000000026860000)]
  0x000000001d284000 JavaThread "stderr" daemon [_thread_in_native, id=6264, stack(0x0000000026660000,0x0000000026760000)]
  0x000000001d281800 JavaThread "stdout" daemon [_thread_in_native, id=1320, stack(0x0000000026560000,0x0000000026660000)]
  0x000000001d281000 JavaThread "stderr" daemon [_thread_in_native, id=6872, stack(0x0000000026460000,0x0000000026560000)]
  0x000000001d280000 JavaThread "pool-3-thread-1" [_thread_blocked, id=5920, stack(0x0000000026360000,0x0000000026460000)]
  0x000000001d27c800 JavaThread "Cache worker for execution history cache (C:\Users\nk\Desktop\Schedule\.gradle\5.1.1\executionHistory)" [_thread_blocked, id=8092, stack(0x0000000025f60000,0x0000000026060000)]
  0x000000001d27e000 JavaThread "Execution worker for ':' Thread 3" [_thread_blocked, id=3896, stack(0x0000000025e60000,0x0000000025f60000)]
  0x000000001939d000 JavaThread "Execution worker for ':' Thread 2" [_thread_blocked, id=6976, stack(0x0000000025d60000,0x0000000025e60000)]
  0x000000001939b800 JavaThread "Execution worker for ':'" [_thread_blocked, id=4488, stack(0x0000000025c60000,0x0000000025d60000)]
  0x000000001decf800 JavaThread "Cache worker for file content cache (C:\Users\nk\Desktop\Schedule\.gradle\5.1.1\fileContent)" [_thread_blocked, id=4388, stack(0x0000000025860000,0x0000000025960000)]
  0x000000001ded2800 JavaThread "Cache worker for file content cache (C:\Users\nk\.gradle\caches\5.1.1\fileContent)" [_thread_blocked, id=6796, stack(0x0000000025760000,0x0000000025860000)]
  0x000000001ded2000 JavaThread "Cache worker for Build Output Cleanup Cache (C:\Users\nk\Desktop\Schedule\.gradle\buildOutputCleanup)" [_thread_blocked, id=5316, stack(0x0000000025660000,0x0000000025760000)]
  0x000000001ded6800 JavaThread "Build operations Thread 4" [_thread_blocked, id=1256, stack(0x0000000025560000,0x0000000025660000)]
  0x000000001decf000 JavaThread "Build operations Thread 3" [_thread_blocked, id=5836, stack(0x0000000025460000,0x0000000025560000)]
  0x000000001ded5800 JavaThread "Build operations Thread 2" [_thread_blocked, id=7696, stack(0x0000000025360000,0x0000000025460000)]
  0x000000001ded4000 JavaThread "Build operations" [_thread_blocked, id=7680, stack(0x0000000025260000,0x0000000025360000)]
  0x000000001ded0800 JavaThread "Cache worker for cache directory md-rule (C:\Users\nk\.gradle\caches\5.1.1\md-rule)" [_thread_blocked, id=844, stack(0x0000000025160000,0x0000000025260000)]
  0x000000001ded3800 JavaThread "Cache worker for cache directory md-supplier (C:\Users\nk\.gradle\caches\5.1.1\md-supplier)" [_thread_blocked, id=216, stack(0x0000000025060000,0x0000000025160000)]
  0x000000001ded1000 JavaThread "Cache worker for file hash cache (C:\Users\nk\Desktop\Schedule\.gradle\5.1.1\fileHashes)" [_thread_blocked, id=4292, stack(0x0000000024f60000,0x0000000025060000)]
  0x000000001ded5000 JavaThread "Thread-31" [_thread_blocked, id=6084, stack(0x0000000024e60000,0x0000000024f60000)]
  0x000000001dec7800 JavaThread "Asynchronous log dispatcher for DefaultDaemonConnection: socket connection from /127.0.0.1:3590 to /127.0.0.1:3607" [_thread_blocked, id=984, stack(0x0000000024c60000,0x0000000024d60000)]
  0x000000001dece000 JavaThread "Daemon worker Thread 2" [_thread_blocked, id=6932, stack(0x0000000024b60000,0x0000000024c60000)]
  0x000000001decb000 JavaThread "Cancel handler" [_thread_blocked, id=4424, stack(0x0000000024a60000,0x0000000024b60000)]
  0x000000001dec9000 JavaThread "Handler for socket connection from /127.0.0.1:3590 to /127.0.0.1:3607" [_thread_in_native, id=7944, stack(0x0000000024960000,0x0000000024a60000)]
  0x000000001deca800 JavaThread "Daemon Thread 2" [_thread_blocked, id=428, stack(0x0000000024860000,0x0000000024960000)]
  0x000000001dec9800 JavaThread "Memory manager" [_thread_blocked, id=7832, stack(0x00000000215a0000,0x00000000216a0000)]
  0x000000001decc800 JavaThread "Cache worker for execution history cache (C:\Users\nk\.gradle\caches\5.1.1\executionHistory)" [_thread_blocked, id=4628, stack(0x000000001fcf0000,0x000000001fdf0000)]
  0x0000000019399000 JavaThread "Cache worker for journal cache (C:\Users\nk\.gradle\caches\journal-1)" [_thread_blocked, id=7224, stack(0x000000001a9f0000,0x000000001aaf0000)]
  0x000000001939c000 JavaThread "File lock request listener" [_thread_in_native, id=4912, stack(0x000000001a8f0000,0x000000001a9f0000)]
  0x00000000193a6000 JavaThread "Cache worker for file hash cache (C:\Users\nk\.gradle\caches\5.1.1\fileHashes)" [_thread_blocked, id=7320, stack(0x000000001a7f0000,0x000000001a8f0000)]
  0x0000000018503000 JavaThread "Daemon periodic checks" [_thread_blocked, id=7276, stack(0x0000000019df0000,0x0000000019ef0000)]
  0x0000000017abb000 JavaThread "Incoming local TCP Connector on port 3590" [_thread_in_native, id=7184, stack(0x0000000019ba0000,0x0000000019ca0000)]
  0x0000000015f8b800 JavaThread "Service Thread" daemon [_thread_blocked, id=3652, stack(0x0000000017c90000,0x0000000017d90000)]
  0x0000000017798800 JavaThread "C1 CompilerThread2" daemon [_thread_blocked, id=312, stack(0x0000000017b90000,0x0000000017c90000)]
=>0x0000000015f85000 JavaThread "C2 CompilerThread1" daemon [_thread_in_native, id=4176, stack(0x0000000017690000,0x0000000017790000)]
  0x0000000015f37000 JavaThread "C2 CompilerThread0" daemon [_thread_in_native, id=1588, stack(0x0000000017590000,0x0000000017690000)]
  0x0000000015f33000 JavaThread "Attach Listener" daemon [_thread_blocked, id=2432, stack(0x0000000017490000,0x0000000017590000)]
  0x0000000015f35800 JavaThread "Signal Dispatcher" daemon [_thread_blocked, id=492, stack(0x0000000017390000,0x0000000017490000)]
  0x000000000250b000 JavaThread "Finalizer" daemon [_thread_blocked, id=7504, stack(0x0000000017190000,0x0000000017290000)]
  0x0000000015f19000 JavaThread "Reference Handler" daemon [_thread_blocked, id=32, stack(0x0000000017090000,0x0000000017190000)]
  0x0000000000c1d800 JavaThread "main" [_thread_blocked, id=6792, stack(0x0000000000b10000,0x0000000000c10000)]

Other Threads:
  0x0000000015ef6000 VMThread [stack: 0x0000000016f90000,0x0000000017090000] [id=2460]
  0x0000000015f8d800 WatcherThread [stack: 0x0000000017d90000,0x0000000017e90000] [id=2680]

VM state:not at safepoint (normal execution)

VM Mutex/Monitor currently owned by a thread: None

heap address: 0x00000000a0000000, size: 1536 MB, Compressed Oops mode: 32-bit
Narrow klass base: 0x0000000000000000, Narrow klass shift: 3
Compressed class space size: 1073741824 Address: 0x0000000100000000

Heap:
 PSYoungGen      total 470528K, used 91979K [0x00000000e0000000, 0x0000000100000000, 0x0000000100000000)
  eden space 430080K, 11% used [0x00000000e0000000,0x00000000e3258f98,0x00000000fa400000)
  from space 40448K, 99% used [0x00000000fd880000,0x00000000ffff9fc8,0x0000000100000000)
  to   space 47104K, 0% used [0x00000000fa400000,0x00000000fa400000,0x00000000fd200000)
 ParOldGen       total 224768K, used 79309K [0x00000000a0000000, 0x00000000adb80000, 0x00000000e0000000)
  object space 224768K, 35% used [0x00000000a0000000,0x00000000a4d73640,0x00000000adb80000)
 Metaspace       used 100657K, capacity 103878K, committed 104152K, reserved 1140736K
  class space    used 12601K, capacity 13237K, committed 13312K, reserved 1048576K

Card table byte_map: [0x0000000011980000,0x0000000011c90000] byte_map_base: 0x0000000011480000

Marking Bits: (ParMarkBitMap*) 0x000000006d289f30
 Begin Bits: [0x0000000012290000, 0x0000000013a90000)
 End Bits:   [0x0000000013a90000, 0x0000000015290000)

Polling page: 0x00000000006f0000

CodeCache: size=245760Kb used=59019Kb max_used=59104Kb free=186740Kb
 bounds [0x00000000025c0000, 0x0000000006070000, 0x00000000115c0000]
 total_blobs=17663 nmethods=16735 adapters=838
 compilation: enabled

Compilation events (10 events):
Event: 273.789 Thread 0x0000000017798800 22035       1       com.android.tools.r8.ir.code.NewArrayFilledData::maxInValueRegister (4 bytes)
Event: 273.790 Thread 0x0000000017798800 nmethod 22035 0x000000000585b790 code [0x000000000585b8e0, 0x000000000585b9f0]
Event: 273.880 Thread 0x0000000017798800 22038       2       java.util.PriorityQueue::contains (15 bytes)
Event: 273.880 Thread 0x0000000017798800 nmethod 22038 0x000000000585b410 code [0x000000000585b580, 0x000000000585b708]
Event: 273.985 Thread 0x0000000017798800 22039       2       com.android.tools.r8.code.Format31t::<init> (42 bytes)
Event: 273.986 Thread 0x0000000017798800 nmethod 22039 0x0000000005868dd0 code [0x0000000005868f20, 0x0000000005869070]
Event: 273.988 Thread 0x0000000017798800 22040       2       com.android.tools.r8.code.FillArrayDataPayload::getSize (8 bytes)
Event: 273.988 Thread 0x0000000017798800 nmethod 22040 0x0000000005868a90 code [0x0000000005868be0, 0x0000000005868d30]
Event: 273.990 Thread 0x0000000017798800 22041       2       com.android.tools.r8.code.Format31t::hashCode (21 bytes)
Event: 273.991 Thread 0x0000000017798800 nmethod 22041 0x000000000586f950 code [0x000000000586fac0, 0x000000000586fc68]

GC Heap History (10 events):
Event: 262.210 GC heap before
{Heap before GC invocations=30 (full 4):
 PSYoungGen      total 448512K, used 428676K [0x00000000e0000000, 0x00000000fed80000, 0x0000000100000000)
  eden space 415232K, 100% used [0x00000000e0000000,0x00000000f9580000,0x00000000f9580000)
  from space 33280K, 40% used [0x00000000f9580000,0x00000000fa2a1168,0x00000000fb600000)
  to   space 32256K, 0% used [0x00000000fce00000,0x00000000fce00000,0x00000000fed80000)
 ParOldGen       total 224768K, used 73908K [0x00000000a0000000, 0x00000000adb80000, 0x00000000e0000000)
  object space 224768K, 32% used [0x00000000a0000000,0x00000000a482d358,0x00000000adb80000)
 Metaspace       used 100426K, capacity 103620K, committed 103896K, reserved 1140736K
  class space    used 12585K, capacity 13200K, committed 13312K, reserved 1048576K
Event: 262.278 GC heap after
Heap after GC invocations=30 (full 4):
 PSYoungGen      total 472576K, used 22256K [0x00000000e0000000, 0x00000000ffe00000, 0x0000000100000000)
  eden space 440320K, 0% used [0x00000000e0000000,0x00000000e0000000,0x00000000fae00000)
  from space 32256K, 68% used [0x00000000fce00000,0x00000000fe3bc108,0x00000000fed80000)
  to   space 32768K, 0% used [0x00000000fae00000,0x00000000fae00000,0x00000000fce00000)
 ParOldGen       total 224768K, used 73908K [0x00000000a0000000, 0x00000000adb80000, 0x00000000e0000000)
  object space 224768K, 32% used [0x00000000a0000000,0x00000000a482d358,0x00000000adb80000)
 Metaspace       used 100426K, capacity 103620K, committed 103896K, reserved 1140736K
  class space    used 12585K, capacity 13200K, committed 13312K, reserved 1048576K
}
Event: 264.077 GC heap before
{Heap before GC invocations=31 (full 4):
 PSYoungGen      total 472576K, used 462576K [0x00000000e0000000, 0x00000000ffe00000, 0x0000000100000000)
  eden space 440320K, 100% used [0x00000000e0000000,0x00000000fae00000,0x00000000fae00000)
  from space 32256K, 68% used [0x00000000fce00000,0x00000000fe3bc108,0x00000000fed80000)
  to   space 32768K, 0% used [0x00000000fae00000,0x00000000fae00000,0x00000000fce00000)
 ParOldGen       total 224768K, used 75844K [0x00000000a0000000, 0x00000000adb80000, 0x00000000e0000000)
  object space 224768K, 33% used [0x00000000a0000000,0x00000000a4a11170,0x00000000adb80000)
 Metaspace       used 100463K, capacity 103620K, committed 103896K, reserved 1140736K
  class space    used 12585K, capacity 13200K, committed 13312K, reserved 1048576K
Event: 264.107 GC heap after
Heap after GC invocations=31 (full 4):
 PSYoungGen      total 473088K, used 22858K [0x00000000e0000000, 0x0000000100000000, 0x0000000100000000)
  eden space 440320K, 0% used [0x00000000e0000000,0x00000000e0000000,0x00000000fae00000)
  from space 32768K, 69% used [0x00000000fae00000,0x00000000fc452880,0x00000000fce00000)
  to   space 32768K, 0% used [0x00000000fe000000,0x00000000fe000000,0x0000000100000000)
 ParOldGen       total 224768K, used 75852K [0x00000000a0000000, 0x00000000adb80000, 0x00000000e0000000)
  object space 224768K, 33% used [0x00000000a0000000,0x00000000a4a13170,0x00000000adb80000)
 Metaspace       used 100463K, capacity 103620K, committed 103896K, reserved 1140736K
  class space    used 12585K, capacity 13200K, committed 13312K, reserved 1048576K
}
Event: 267.995 GC heap before
{Heap before GC invocations=32 (full 4):
 PSYoungGen      total 473088K, used 463178K [0x00000000e0000000, 0x0000000100000000, 0x0000000100000000)
  eden space 440320K, 100% used [0x00000000e0000000,0x00000000fae00000,0x00000000fae00000)
  from space 32768K, 69% used [0x00000000fae00000,0x00000000fc452880,0x00000000fce00000)
  to   space 32768K, 0% used [0x00000000fe000000,0x00000000fe000000,0x0000000100000000)
 ParOldGen       total 224768K, used 75870K [0x00000000a0000000, 0x00000000adb80000, 0x00000000e0000000)
  object space 224768K, 33% used [0x00000000a0000000,0x00000000a4a17898,0x00000000adb80000)
 Metaspace       used 100546K, capacity 103726K, committed 103896K, reserved 1140736K
  class space    used 12592K, capacity 13233K, committed 13312K, reserved 1048576K
Event: 268.082 GC heap after
Heap after GC invocations=32 (full 4):
 PSYoungGen      total 480256K, used 32755K [0x00000000e0000000, 0x0000000100000000, 0x0000000100000000)
  eden space 447488K, 0% used [0x00000000e0000000,0x00000000e0000000,0x00000000fb500000)
  from space 32768K, 99% used [0x00000000fe000000,0x00000000ffffce28,0x0000000100000000)
  to   space 38400K, 0% used [0x00000000fb500000,0x00000000fb500000,0x00000000fda80000)
 ParOldGen       total 224768K, used 79309K [0x00000000a0000000, 0x00000000adb80000, 0x00000000e0000000)
  object space 224768K, 35% used [0x00000000a0000000,0x00000000a4d73640,0x00000000adb80000)
 Metaspace       used 100546K, capacity 103726K, committed 103896K, reserved 1140736K
  class space    used 12592K, capacity 13233K, committed 13312K, reserved 1048576K
}
Event: 270.408 GC heap before
{Heap before GC invocations=33 (full 4):
 PSYoungGen      total 480256K, used 480243K [0x00000000e0000000, 0x0000000100000000, 0x0000000100000000)
  eden space 447488K, 100% used [0x00000000e0000000,0x00000000fb500000,0x00000000fb500000)
  from space 32768K, 99% used [0x00000000fe000000,0x00000000ffffce28,0x0000000100000000)
  to   space 38400K, 0% used [0x00000000fb500000,0x00000000fb500000,0x00000000fda80000)
 ParOldGen       total 224768K, used 79309K [0x00000000a0000000, 0x00000000adb80000, 0x00000000e0000000)
  object space 224768K, 35% used [0x00000000a0000000,0x00000000a4d73640,0x00000000adb80000)
 Metaspace       used 100565K, capacity 103790K, committed 103896K, reserved 1140736K
  class space    used 12592K, capacity 13233K, committed 13312K, reserved 1048576K
Event: 270.454 GC heap after
Heap after GC invocations=33 (full 4):
 PSYoungGen      total 483840K, used 36282K [0x00000000e0000000, 0x0000000100000000, 0x0000000100000000)
  eden space 447488K, 0% used [0x00000000e0000000,0x00000000e0000000,0x00000000fb500000)
  from space 36352K, 99% used [0x00000000fb500000,0x00000000fd86e830,0x00000000fd880000)
  to   space 40448K, 0% used [0x00000000fd880000,0x00000000fd880000,0x0000000100000000)
 ParOldGen       total 224768K, used 79309K [0x00000000a0000000, 0x00000000adb80000, 0x00000000e0000000)
  object space 224768K, 35% used [0x00000000a0000000,0x00000000a4d73640,0x00000000adb80000)
 Metaspace       used 100565K, capacity 103790K, committed 103896K, reserved 1140736K
  class space    used 12592K, capacity 13233K, committed 13312K, reserved 1048576K
}
Event: 273.577 GC heap before
{Heap before GC invocations=34 (full 4):
 PSYoungGen      total 483840K, used 483770K [0x00000000e0000000, 0x0000000100000000, 0x0000000100000000)
  eden space 447488K, 100% used [0x00000000e0000000,0x00000000fb500000,0x00000000fb500000)
  from space 36352K, 99% used [0x00000000fb500000,0x00000000fd86e830,0x00000000fd880000)
  to   space 40448K, 0% used [0x00000000fd880000,0x00000000fd880000,0x0000000100000000)
 ParOldGen       total 224768K, used 79309K [0x00000000a0000000, 0x00000000adb80000, 0x00000000e0000000)
  object space 224768K, 35% used [0x00000000a0000000,0x00000000a4d73640,0x00000000adb80000)
 Metaspace       used 100655K, capacity 103878K, committed 104152K, reserved 1140736K
  class space    used 12601K, capacity 13237K, committed 13312K, reserved 1048576K
Event: 273.729 GC heap after
Heap after GC invocations=34 (full 4):
 PSYoungGen      total 470528K, used 40423K [0x00000000e0000000, 0x0000000100000000, 0x0000000100000000)
  eden space 430080K, 0% used [0x00000000e0000000,0x00000000e0000000,0x00000000fa400000)
  from space 40448K, 99% used [0x00000000fd880000,0x00000000ffff9fc8,0x0000000100000000)
  to   space 47104K, 0% used [0x00000000fa400000,0x00000000fa400000,0x00000000fd200000)
 ParOldGen       total 224768K, used 79309K [0x00000000a0000000, 0x00000000adb80000, 0x00000000e0000000)
  object space 224768K, 35% used [0x00000000a0000000,0x00000000a4d73640,0x00000000adb80000)
 Metaspace       used 100655K, capacity 103878K, committed 104152K, reserved 1140736K
  class space    used 12601K, capacity 13237K, committed 13312K, reserved 1048576K
}

Deoptimization events (10 events):
Event: 272.574 Thread 0x000000001856d000 Uncommon trap: reason=class_check action=maybe_recompile pc=0x0000000004729608 method=com.android.tools.r8.utils.InternalOptions.isGeneratingDexIndexed()Z @ 4
Event: 272.575 Thread 0x000000001856d000 Uncommon trap: reason=class_check action=maybe_recompile pc=0x0000000005d36348 method=com.android.tools.r8.utils.InternalOptions.isGeneratingDexIndexed()Z @ 4
Event: 272.576 Thread 0x000000001856d000 Uncommon trap: reason=class_check action=maybe_recompile pc=0x0000000005dfad20 method=com.android.tools.r8.utils.InternalOptions.isGeneratingDexIndexed()Z @ 4
Event: 272.576 Thread 0x000000001856d000 Uncommon trap: reason=class_check action=maybe_recompile pc=0x0000000005e80518 method=com.android.tools.r8.utils.InternalOptions.isGeneratingDexIndexed()Z @ 4
Event: 272.581 Thread 0x000000001856d000 Uncommon trap: reason=class_check action=maybe_recompile pc=0x0000000005673e3c method=com.android.tools.r8.utils.InternalOptions.isGeneratingDexIndexed()Z @ 4
Event: 272.711 Thread 0x000000001856d000 Uncommon trap: reason=class_check action=maybe_recompile pc=0x00000000054204e8 method=com.android.tools.r8.utils.InternalOptions.isGeneratingDexIndexed()Z @ 4
Event: 272.712 Thread 0x000000001856d000 Uncommon trap: reason=class_check action=maybe_recompile pc=0x00000000047785d4 method=com.android.tools.r8.utils.InternalOptions.isGeneratingDexIndexed()Z @ 4
Event: 272.941 Thread 0x000000001939a800 Uncommon trap: reason=unstable_if action=reinterpret pc=0x0000000005e39268 method=java.util.TimSort.mergeCollapse()V @ 61
Event: 273.479 Thread 0x000000001939a800 Uncommon trap: reason=class_check action=maybe_recompile pc=0x0000000005be0a38 method=com.android.tools.r8.utils.InternalOptions.isGeneratingDexIndexed()Z @ 4
Event: 273.985 Thread 0x000000001939a800 Uncommon trap: reason=class_check action=maybe_recompile pc=0x0000000005cae764 method=com.android.tools.r8.utils.InternalOptions.isGeneratingDexIndexed()Z @ 4

Classes redefined (0 events):
No events

Internal exceptions (10 events):
Event: 272.832 Thread 0x000000001856d000 Exception <a 'sun/nio/fs/WindowsException'> (0x00000000f716e5f8) thrown at [D:\src\AOSP-openjdk-cygwin\jdk8u\hotspot\src\share\vm\prims\jni.cpp, line 710]
Event: 273.008 Thread 0x000000001856d000 Exception <a 'sun/nio/fs/WindowsException'> (0x00000000f71c28e8) thrown at [D:\src\AOSP-openjdk-cygwin\jdk8u\hotspot\src\share\vm\prims\jni.cpp, line 710]
Event: 273.008 Thread 0x000000001856d000 Exception <a 'sun/nio/fs/WindowsException'> (0x00000000f71c2f18) thrown at [D:\src\AOSP-openjdk-cygwin\jdk8u\hotspot\src\share\vm\prims\jni.cpp, line 710]
Event: 273.008 Thread 0x000000001856d000 Exception <a 'sun/nio/fs/WindowsException'> (0x00000000f71c35e0) thrown at [D:\src\AOSP-openjdk-cygwin\jdk8u\hotspot\src\share\vm\prims\jni.cpp, line 710]
Event: 273.008 Thread 0x000000001856d000 Exception <a 'sun/nio/fs/WindowsException'> (0x00000000f71c3df0) thrown at [D:\src\AOSP-openjdk-cygwin\jdk8u\hotspot\src\share\vm\prims\jni.cpp, line 710]
Event: 273.192 Thread 0x000000001939a800 Exception <a 'sun/nio/fs/WindowsException'> (0x00000000f8bb8a08) thrown at [D:\src\AOSP-openjdk-cygwin\jdk8u\hotspot\src\share\vm\prims\jni.cpp, line 710]
Event: 274.010 Thread 0x000000001856d000 Exception <a 'sun/nio/fs/WindowsException'> (0x00000000e00888b8) thrown at [D:\src\AOSP-openjdk-cygwin\jdk8u\hotspot\src\share\vm\prims\jni.cpp, line 710]
Event: 274.010 Thread 0x000000001856d000 Exception <a 'sun/nio/fs/WindowsException'> (0x00000000e0088ec8) thrown at [D:\src\AOSP-openjdk-cygwin\jdk8u\hotspot\src\share\vm\prims\jni.cpp, line 710]
Event: 274.011 Thread 0x000000001856d000 Exception <a 'sun/nio/fs/WindowsException'> (0x00000000e0089558) thrown at [D:\src\AOSP-openjdk-cygwin\jdk8u\hotspot\src\share\vm\prims\jni.cpp, line 710]
Event: 274.011 Thread 0x000000001856d000 Exception <a 'sun/nio/fs/WindowsException'> (0x00000000e0089d68) thrown at [D:\src\AOSP-openjdk-cygwin\jdk8u\hotspot\src\share\vm\prims\jni.cpp, line 710]

Events (10 events):
Event: 273.479 Thread 0x000000001939a800 DEOPT UNPACKING pc=0x000000000260557b sp=0x0000000027a5de10 mode 2
Event: 273.575 Executing VM operation: ParallelGCFailedAllocation
Event: 273.729 Executing VM operation: ParallelGCFailedAllocation done
Event: 273.985 Thread 0x000000001939a800 Uncommon trap: trap_request=0xffffffde fr.pc=0x0000000005cae764
Event: 273.985 Thread 0x000000001939a800 DEOPT PACKING pc=0x0000000005cae764 sp=0x0000000027a5de90
Event: 273.985 Thread 0x000000001939a800 DEOPT UNPACKING pc=0x000000000260557b sp=0x0000000027a5de30 mode 2
Event: 273.990 Thread 0x0000000017798800 flushing nmethod 0x00000000053de4d0
Event: 273.991 Thread 0x0000000017798800 flushing nmethod 0x00000000054640d0
Event: 273.992 Thread 0x0000000017798800 flushing nmethod 0x00000000056f4350
Event: 273.992 Thread 0x0000000017798800 flushing nmethod 0x00000000057db810


Dynamic libraries:
0x00007ff7bfdc0000 - 0x00007ff7bfdf1000 	C:\Program Files\Android\Android Studio\jre\bin\java.exe
0x00007ffaca060000 - 0x00007ffaca24d000 	C:\Windows\SYSTEM32\ntdll.dll
0x00007ffac7b90000 - 0x00007ffac7c43000 	C:\Windows\System32\KERNEL32.DLL
0x00007ffac6150000 - 0x00007ffac63e3000 	C:\Windows\System32\KERNELBASE.dll
0x00007ffac80d0000 - 0x00007ffac8173000 	C:\Windows\System32\ADVAPI32.dll
0x00007ffac7940000 - 0x00007ffac79de000 	C:\Windows\System32\msvcrt.dll
0x00007ffac9fc0000 - 0x00007ffaca05e000 	C:\Windows\System32\sechost.dll
0x00007ffac9e90000 - 0x00007ffac9fb2000 	C:\Windows\System32\RPCRT4.dll
0x00007ffac74f0000 - 0x00007ffac7687000 	C:\Windows\System32\USER32.dll
0x00007ffac6ff0000 - 0x00007ffac7010000 	C:\Windows\System32\win32u.dll
0x00007ffac8960000 - 0x00007ffac8989000 	C:\Windows\System32\GDI32.dll
0x00007ffac70b0000 - 0x00007ffac7249000 	C:\Windows\System32\gdi32full.dll
0x00007ffac7010000 - 0x00007ffac70b0000 	C:\Windows\System32\msvcp_win.dll
0x00007ffac6ef0000 - 0x00007ffac6fea000 	C:\Windows\System32\ucrtbase.dll
0x00007ffaba760000 - 0x00007ffaba9d9000 	C:\Windows\WinSxS\amd64_microsoft.windows.common-controls_6595b64144ccf1df_6.0.17763.719_none_05b84458071c8757\COMCTL32.dll
0x00007ffac8360000 - 0x00007ffac868c000 	C:\Windows\System32\combase.dll
0x00007ffac63f0000 - 0x00007ffac646e000 	C:\Windows\System32\bcryptPrimitives.dll
0x00007ffac8330000 - 0x00007ffac835e000 	C:\Windows\System32\IMM32.DLL
0x000000006e590000 - 0x000000006e662000 	C:\Program Files\Android\Android Studio\jre\jre\bin\msvcr100.dll
0x000000006cac0000 - 0x000000006d306000 	C:\Program Files\Android\Android Studio\jre\jre\bin\server\jvm.dll
0x00007ffac7b70000 - 0x00007ffac7b78000 	C:\Windows\System32\PSAPI.DLL
0x00007ffabd820000 - 0x00007ffabd844000 	C:\Windows\SYSTEM32\WINMM.dll
0x00007ffac2de0000 - 0x00007ffac2de9000 	C:\Windows\SYSTEM32\WSOCK32.dll
0x00007ffac8690000 - 0x00007ffac86fd000 	C:\Windows\System32\WS2_32.dll
0x00007ffac1870000 - 0x00007ffac187a000 	C:\Windows\SYSTEM32\VERSION.dll
0x00007ffabd7f0000 - 0x00007ffabd81d000 	C:\Windows\SYSTEM32\winmmbase.dll
0x00007ffac6720000 - 0x00007ffac676a000 	C:\Windows\System32\cfgmgr32.dll
0x00007ffac2dc0000 - 0x00007ffac2dcf000 	C:\Program Files\Android\Android Studio\jre\jre\bin\verify.dll
0x00007ffac0460000 - 0x00007ffac0489000 	C:\Program Files\Android\Android Studio\jre\jre\bin\java.dll
0x00007ffac0440000 - 0x00007ffac0456000 	C:\Program Files\Android\Android Studio\jre\jre\bin\zip.dll
0x00007ffac8990000 - 0x00007ffac9e82000 	C:\Windows\System32\SHELL32.dll
0x00007ffac7a40000 - 0x00007ffac7ae8000 	C:\Windows\System32\shcore.dll
0x00007ffac6770000 - 0x00007ffac6eba000 	C:\Windows\System32\windows.storage.dll
0x00007ffac6100000 - 0x00007ffac6124000 	C:\Windows\System32\profapi.dll
0x00007ffac60a0000 - 0x00007ffac60fd000 	C:\Windows\System32\powrprof.dll
0x00007ffac79e0000 - 0x00007ffac7a32000 	C:\Windows\System32\shlwapi.dll
0x00007ffac6080000 - 0x00007ffac6091000 	C:\Windows\System32\kernel.appcore.dll
0x00007ffac6700000 - 0x00007ffac6717000 	C:\Windows\System32\cryptsp.dll
0x00007ffac0420000 - 0x00007ffac043a000 	C:\Program Files\Android\Android Studio\jre\jre\bin\net.dll
0x00007ffac58f0000 - 0x00007ffac5957000 	C:\Windows\system32\mswsock.dll
0x00007ffac0400000 - 0x00007ffac0411000 	C:\Program Files\Android\Android Studio\jre\jre\bin\nio.dll
0x00007ffabe080000 - 0x00007ffabe09e000 	C:\Users\nk\.gradle\native\25\windows-amd64\native-platform.dll
0x00007ffac0f00000 - 0x00007ffac0f0d000 	C:\Program Files\Android\Android Studio\jre\jre\bin\management.dll
0x00007ffac5470000 - 0x00007ffac54a3000 	C:\Windows\system32\rsaenh.dll
0x00007ffac6ec0000 - 0x00007ffac6ee6000 	C:\Windows\System32\bcrypt.dll
0x00007ffac5fb0000 - 0x00007ffac5fd8000 	C:\Windows\SYSTEM32\USERENV.dll
0x00007ffac5ac0000 - 0x00007ffac5acc000 	C:\Windows\SYSTEM32\CRYPTBASE.dll
0x00007ffac5610000 - 0x00007ffac564d000 	C:\Windows\SYSTEM32\IPHLPAPI.DLL
0x00007ffac7b80000 - 0x00007ffac7b88000 	C:\Windows\System32\NSI.dll
0x00007ffabf490000 - 0x00007ffabf4a6000 	C:\Windows\SYSTEM32\dhcpcsvc6.DLL
0x00007ffabf560000 - 0x00007ffabf57c000 	C:\Windows\SYSTEM32\dhcpcsvc.DLL
0x00007ffac5650000 - 0x00007ffac5716000 	C:\Windows\SYSTEM32\DNSAPI.dll
0x00007ffabe1d0000 - 0x00007ffabe1f4000 	C:\Program Files\Android\Android Studio\jre\jre\bin\sunec.dll
0x00007ffabd450000 - 0x00007ffabd45a000 	C:\Windows\System32\rasadhlp.dll
0x00007ffabe5a0000 - 0x00007ffabe619000 	C:\Windows\System32\fwpuclnt.dll
0x00007ffac09a0000 - 0x00007ffac09ab000 	C:\Program Files\Android\Android Studio\jre\jre\bin\sunmscapi.dll
0x00007ffac6470000 - 0x00007ffac664b000 	C:\Windows\System32\CRYPT32.dll
0x00007ffac6130000 - 0x00007ffac6142000 	C:\Windows\System32\MSASN1.dll
0x00007ffac42f0000 - 0x00007ffac437c000 	C:\Windows\system32\apphelp.dll
0x00007ffabd630000 - 0x00007ffabd64e000 	C:\Temp\native-platform5846693553461954393dir\native-platform.dll

VM Arguments:
jvm_args: -Xmx1536m -Dfile.encoding=windows-1251 -Duser.country=RU -Duser.language=ru -Duser.variant 
java_command: org.gradle.launcher.daemon.bootstrap.GradleDaemon 5.1.1
java_class_path (initial): C:\Users\nk\.gradle\wrapper\dists\gradle-5.1.1-all\97z1ksx6lirer3kbvdnh7jtjg\gradle-5.1.1\lib\gradle-launcher-5.1.1.jar
Launcher Type: SUN_STANDARD

Environment Variables:
PATH=C:\Program Files (x86)\Intel\iCLS Client\;C:\Program Files\Intel\iCLS Client\;C:\Windows\system32;C:\Windows;C:\Windows\System32\Wbem;C:\Windows\System32\WindowsPowerShell\v1.0\;C:\Program Files (x86)\NVIDIA Corporation\PhysX\Common;C:\Program Files (x86)\Intel\Intel(R) Management Engine Components\DAL;C:\Program Files\Intel\Intel(R) Management Engine Components\DAL;C:\Program Files (x86)\Intel\Intel(R) Management Engine Components\IPT;C:\Program Files\Intel\Intel(R) Management Engine Components\IPT;C:\Program Files\Git\cmd;C:\Users\nk\AppData\Local\Programs\Python\Python37\Scripts\;C:\Users\nk\AppData\Local\Programs\Python\Python37\;C:\Users\nk\AppData\Local\Microsoft\WindowsApps;C:\Users\nk\AppData\Local\GitHubDesktop\bin;C:\Users\nk\AppData\Local\atom\bin
USERNAME=nk
OS=Windows_NT
PROCESSOR_IDENTIFIER=Intel64 Family 6 Model 78 Stepping 3, GenuineIntel



---------------  S Y S T E M  ---------------

OS: Windows 10.0 , 64 bit Build 17763 (10.0.17763.475)

CPU:total 4 (initial active 4) (2 cores per cpu, 2 threads per core) family 6 model 78 stepping 3, cmov, cx8, fxsr, mmx, sse, sse2, sse3, ssse3, sse4.1, sse4.2, popcnt, avx, avx2, aes, clmul, erms, 3dnowpref, lzcnt, ht, tsc, tscinvbit, bmi1, bmi2, adx

Memory: 4k page, physical 8292352k(1028680k free), swap 8292352k(5340k free)

vm_info: OpenJDK 64-Bit Server VM (25.202-b03) for windows-amd64 JRE (1.8.0_202-release-1483-b03), built by "builder" with MS VC++ 10.0 (VS2010)

time: Thu Aug 29 22:32:06 2019
timezone: RTZ 2 (зима)
elapsed time: 274 seconds (0d 0h 4m 34s)

