#
# There is insufficient memory for the Java Runtime Environment to continue.
# Native memory allocation (malloc) failed to allocate 1768176 bytes for Chunk::new
# Possible reasons:
#   The system is out of physical RAM or swap space
#   The process is running with CompressedOops enabled, and the Java Heap may be blocking the growth of the native heap
# Possible solutions:
#   Reduce memory load on the system
#   Increase physical memory or swap space
#   Check if swap backing store is full
#   Decrease Java heap size (-Xmx/-Xms)
#   Decrease number of Java threads
#   Decrease Java thread stack sizes (-Xss)
#   Set larger code cache with -XX:ReservedCodeCacheSize=
#   JVM is running with Unscaled Compressed Oops mode in which the Java heap is
#     placed in the first 4GB address space. The Java Heap base address is the
#     maximum limit for the native heap growth. Please use -XX:HeapBaseMinAddress
#     to set the Java Heap base and to place the Java Heap above 4GB virtual address.
# This output file may be truncated or incomplete.
#
#  Out of Memory Error (allocation.cpp:389), pid=808, tid=0x000000000000163c
#
# JRE version: OpenJDK Runtime Environment (8.0_202-b03) (build 1.8.0_202-release-1483-b03)
# Java VM: OpenJDK 64-Bit Server VM (25.202-b03 mixed mode windows-amd64 compressed oops)
# Failed to write core dump. Minidumps are not enabled by default on client versions of Windows
#

---------------  T H R E A D  ---------------

Current thread (0x0000000016b9e000):  JavaThread "C2 CompilerThread1" daemon [_thread_in_native, id=5692, stack(0x00000000182f0000,0x00000000183f0000)]

Stack: [0x00000000182f0000,0x00000000183f0000]
[error occurred during error reporting (printing stack bounds), id 0xc0000005]

Native frames: (J=compiled Java code, j=interpreted, Vv=VM code, C=native code)


Current CompileTask:
C2:3323397 27310   !   4       java.io.ObjectOutputStream::writeObject0 (619 bytes)


---------------  P R O C E S S  ---------------

Java Threads: ( => current thread )
  0x000000002468d000 JavaThread "ForkJoinPool.commonPool-worker-1" daemon [_thread_blocked, id=5132, stack(0x000000002e3a0000,0x000000002e4a0000)]
  0x000000002468b800 JavaThread "WorkerExecutor Queue Thread 6" [_thread_blocked, id=4832, stack(0x000000002e1a0000,0x000000002e2a0000)]
  0x000000001e3ae000 JavaThread "Cache worker for Java compile cache (C:\Users\nk\.gradle\caches\5.4.1\javaCompile)" [_thread_blocked, id=5280, stack(0x00000000281b0000,0x00000000282b0000)]
  0x000000001e3b2000 JavaThread "RMI TCP Connection(idle)" daemon [_thread_blocked, id=7084, stack(0x00000000280b0000,0x00000000281b0000)]
  0x000000001e3b3800 JavaThread "RMI TCP Connection(idle)" daemon [_thread_blocked, id=5428, stack(0x0000000027eb0000,0x0000000027fb0000)]
  0x0000000019701000 JavaThread "RMI TCP Connection(idle)" daemon [_thread_blocked, id=6936, stack(0x0000000027cb0000,0x0000000027db0000)]
  0x000000001dcc7800 JavaThread "RMI Reaper" [_thread_blocked, id=832, stack(0x0000000027bb0000,0x0000000027cb0000)]
  0x000000001dcc3000 JavaThread "RMI TCP Accept-0" daemon [_thread_in_native, id=6884, stack(0x0000000027ab0000,0x0000000027bb0000)]
  0x000000001dcc6800 JavaThread "GC Daemon" daemon [_thread_blocked, id=6792, stack(0x00000000279b0000,0x0000000027ab0000)]
  0x000000001dcc5000 JavaThread "RMI Scheduler(0)" daemon [_thread_blocked, id=184, stack(0x00000000277b0000,0x00000000278b0000)]
  0x000000001dcc1800 JavaThread "WorkerExecutor Queue Thread 3" [_thread_blocked, id=6548, stack(0x00000000274b0000,0x00000000275b0000)]
  0x0000000019707800 JavaThread "Cache worker for file content cache (C:\Users\nk\.gradle\caches\5.4.1\fileContent)" [_thread_blocked, id=3976, stack(0x00000000267b0000,0x00000000268b0000)]
  0x0000000019701800 JavaThread "Build operations Thread 4" [_thread_blocked, id=6016, stack(0x00000000265b0000,0x00000000266b0000)]
  0x00000000193bb800 JavaThread "Build operations Thread 3" [_thread_blocked, id=5840, stack(0x00000000264b0000,0x00000000265b0000)]
  0x000000001de9e800 JavaThread "Build operations Thread 2" [_thread_blocked, id=76, stack(0x00000000263b0000,0x00000000264b0000)]
  0x000000001de9c000 JavaThread "Build operations" [_thread_blocked, id=5800, stack(0x00000000262b0000,0x00000000263b0000)]
  0x000000001de94000 JavaThread "Cache worker for file hash cache (C:\Users\nk\Desktop\Schedule\.gradle\5.4.1\fileHashes)" [_thread_blocked, id=4644, stack(0x0000000025fb0000,0x00000000260b0000)]
  0x000000001de9a000 JavaThread "Thread-32" [_thread_blocked, id=1604, stack(0x0000000025eb0000,0x0000000025fb0000)]
  0x000000001de90000 JavaThread "Asynchronous log dispatcher for DefaultDaemonConnection: socket connection from /127.0.0.1:1177 to /127.0.0.1:3382" [_thread_blocked, id=6156, stack(0x0000000025cb0000,0x0000000025db0000)]
  0x000000001de94800 JavaThread "Daemon worker Thread 2" [_thread_in_native, id=316, stack(0x0000000025bb0000,0x0000000025cb0000)]
  0x000000001de93000 JavaThread "Cancel handler" [_thread_blocked, id=104, stack(0x0000000025ab0000,0x0000000025bb0000)]
  0x000000001de96000 JavaThread "Handler for socket connection from /127.0.0.1:1177 to /127.0.0.1:3382" [_thread_in_native, id=4468, stack(0x00000000259b0000,0x0000000025ab0000)]
  0x000000001de92800 JavaThread "Daemon Thread 2" [_thread_blocked, id=1524, stack(0x00000000258b0000,0x00000000259b0000)]
  0x000000001de97800 JavaThread "Memory manager" [_thread_blocked, id=1112, stack(0x0000000022c30000,0x0000000022d30000)]
  0x000000001de8f800 JavaThread "Cache worker for execution history cache (C:\Users\nk\.gradle\caches\5.4.1\executionHistory)" [_thread_blocked, id=6800, stack(0x0000000020df0000,0x0000000020ef0000)]
  0x00000000193be800 JavaThread "Cache worker for journal cache (C:\Users\nk\.gradle\caches\journal-1)" [_thread_blocked, id=1316, stack(0x000000001b750000,0x000000001b850000)]
  0x00000000193c0000 JavaThread "File lock request listener" [_thread_in_native, id=6924, stack(0x000000001b650000,0x000000001b750000)]
  0x00000000193ba800 JavaThread "Cache worker for file hash cache (C:\Users\nk\.gradle\caches\5.4.1\fileHashes)" [_thread_blocked, id=6596, stack(0x000000001b550000,0x000000001b650000)]
  0x0000000018bb5000 JavaThread "Daemon periodic checks" [_thread_blocked, id=6956, stack(0x000000001ab50000,0x000000001ac50000)]
  0x0000000018c69800 JavaThread "Incoming local TCP Connector on port 1177" [_thread_in_native, id=744, stack(0x000000001a900000,0x000000001aa00000)]
  0x0000000019973800 JavaThread "Daemon health stats" [_thread_blocked, id=4552, stack(0x000000001a2c0000,0x000000001a3c0000)]
  0x000000001852a800 JavaThread "Service Thread" daemon [_thread_blocked, id=3248, stack(0x00000000188f0000,0x00000000189f0000)]
  0x0000000016bae000 JavaThread "C1 CompilerThread2" daemon [_thread_blocked, id=5748, stack(0x00000000183f0000,0x00000000184f0000)]
=>0x0000000016b9e000 JavaThread "C2 CompilerThread1" daemon [_thread_in_native, id=5692, stack(0x00000000182f0000,0x00000000183f0000)]
  0x0000000016b9a800 JavaThread "C2 CompilerThread0" daemon [_thread_in_native, id=4568, stack(0x00000000181f0000,0x00000000182f0000)]
  0x0000000016b95800 JavaThread "Attach Listener" daemon [_thread_blocked, id=4432, stack(0x00000000180f0000,0x00000000181f0000)]
  0x0000000016b94800 JavaThread "Signal Dispatcher" daemon [_thread_blocked, id=6272, stack(0x0000000017ff0000,0x00000000180f0000)]
  0x000000000321b000 JavaThread "Finalizer" daemon [_thread_blocked, id=5072, stack(0x0000000017df0000,0x0000000017ef0000)]
  0x0000000016b79000 JavaThread "Reference Handler" daemon [_thread_blocked, id=7076, stack(0x0000000017cf0000,0x0000000017df0000)]
  0x0000000002ede000 JavaThread "main" [_thread_blocked, id=3264, stack(0x0000000003020000,0x0000000003120000)]

Other Threads:
  0x0000000016b56000 VMThread [stack: 0x0000000017bf0000,0x0000000017cf0000] [id=6968]
  0x000000001852b000 WatcherThread [stack: 0x00000000189f0000,0x0000000018af0000] [id=4820]

VM state:not at safepoint (normal execution)

VM Mutex/Monitor currently owned by a thread: None

heap address: 0x00000000a0000000, size: 1536 MB, Compressed Oops mode: 32-bit
Narrow klass base: 0x0000000000000000, Narrow klass shift: 3
Compressed class space size: 1073741824 Address: 0x0000000100000000

Heap:
 PSYoungGen      total 274432K, used 78500K [0x00000000e0000000, 0x00000000f4e00000, 0x0000000100000000)
  eden space 222208K, 31% used [0x00000000e0000000,0x00000000e43c1798,0x00000000ed900000)
  from space 52224K, 17% used [0x00000000ed900000,0x00000000ee1e7880,0x00000000f0c00000)
  to   space 51200K, 0% used [0x00000000f1c00000,0x00000000f1c00000,0x00000000f4e00000)
 ParOldGen       total 186880K, used 143377K [0x00000000a0000000, 0x00000000ab680000, 0x00000000e0000000)
  object space 186880K, 76% used [0x00000000a0000000,0x00000000a8c045d0,0x00000000ab680000)
 Metaspace       used 153007K, capacity 157521K, committed 157760K, reserved 1187840K
  class space    used 19146K, capacity 20044K, committed 20096K, reserved 1048576K

Card table byte_map: [0x00000000125e0000,0x00000000128f0000] byte_map_base: 0x00000000120e0000

Marking Bits: (ParMarkBitMap*) 0x0000000066309f30
 Begin Bits: [0x0000000012ef0000, 0x00000000146f0000)
 End Bits:   [0x00000000146f0000, 0x0000000015ef0000)

Polling page: 0x0000000001270000

CodeCache: size=245760Kb used=74032Kb max_used=75715Kb free=171727Kb
 bounds [0x0000000003220000, 0x0000000007c80000, 0x0000000012220000]
 total_blobs=22963 nmethods=21955 adapters=917
 compilation: enabled

Compilation events (10 events):
Event: 3323.314 Thread 0x0000000016bae000 27332       3       com.google.protobuf.CodedOutputStream::writeInt64 (7 bytes)
Event: 3323.315 Thread 0x0000000016bae000 nmethod 27332 0x0000000003c96090 code [0x0000000003c96200, 0x0000000003c96408]
Event: 3323.318 Thread 0x0000000016bae000 27333       3       com.google.protobuf.CodedOutputStream$ArrayEncoder::writeUInt64 (12 bytes)
Event: 3323.318 Thread 0x0000000016bae000 nmethod 27333 0x0000000003548810 code [0x00000000035489a0, 0x0000000003548db8]
Event: 3323.321 Thread 0x0000000016bae000 27336       1       com.intellij.openapi.util.objectTree.ObjectNode::access$100 (5 bytes)
Event: 3323.321 Thread 0x0000000016bae000 nmethod 27336 0x00000000035010d0 code [0x0000000003501220, 0x0000000003501310]
Event: 3323.323 Thread 0x0000000016bae000 27331       1       com.google.protobuf.CodedOutputStream::computeBoolSizeNoTag (2 bytes)
Event: 3323.324 Thread 0x0000000016bae000 nmethod 27331 0x00000000058fb6d0 code [0x00000000058fb820, 0x00000000058fb910]
Event: 3323.345 Thread 0x0000000016bae000 27337       3       java.util.concurrent.locks.AbstractQueuedSynchronizer::transferAfterCancelledWait (34 bytes)
Event: 3323.347 Thread 0x0000000016bae000 nmethod 27337 0x000000000446d110 code [0x000000000446d2c0, 0x000000000446d8f8]

GC Heap History (10 events):
Event: 3293.685 GC heap before
{Heap before GC invocations=25 (full 4):
 PSYoungGen      total 223232K, used 199168K [0x00000000e0000000, 0x00000000ef000000, 0x0000000100000000)
  eden space 199168K, 100% used [0x00000000e0000000,0x00000000ec280000,0x00000000ec280000)
  from space 24064K, 0% used [0x00000000ed880000,0x00000000ed880000,0x00000000ef000000)
  to   space 22528K, 0% used [0x00000000ec280000,0x00000000ec280000,0x00000000ed880000)
 ParOldGen       total 186880K, used 59680K [0x00000000a0000000, 0x00000000ab680000, 0x00000000e0000000)
  object space 186880K, 31% used [0x00000000a0000000,0x00000000a3a482c0,0x00000000ab680000)
 Metaspace       used 116826K, capacity 119893K, committed 120384K, reserved 1155072K
  class space    used 14778K, capacity 15460K, committed 15488K, reserved 1048576K
Event: 3293.732 GC heap after
Heap after GC invocations=25 (full 4):
 PSYoungGen      total 221696K, used 22524K [0x00000000e0000000, 0x00000000f1680000, 0x0000000100000000)
  eden space 199168K, 0% used [0x00000000e0000000,0x00000000e0000000,0x00000000ec280000)
  from space 22528K, 99% used [0x00000000ec280000,0x00000000ed87f2c0,0x00000000ed880000)
  to   space 33280K, 0% used [0x00000000ef600000,0x00000000ef600000,0x00000000f1680000)
 ParOldGen       total 186880K, used 80002K [0x00000000a0000000, 0x00000000ab680000, 0x00000000e0000000)
  object space 186880K, 42% used [0x00000000a0000000,0x00000000a4e20aa8,0x00000000ab680000)
 Metaspace       used 116826K, capacity 119893K, committed 120384K, reserved 1155072K
  class space    used 14778K, capacity 15460K, committed 15488K, reserved 1048576K
}
Event: 3303.612 GC heap before
{Heap before GC invocations=26 (full 4):
 PSYoungGen      total 221696K, used 221692K [0x00000000e0000000, 0x00000000f1680000, 0x0000000100000000)
  eden space 199168K, 100% used [0x00000000e0000000,0x00000000ec280000,0x00000000ec280000)
  from space 22528K, 99% used [0x00000000ec280000,0x00000000ed87f2c0,0x00000000ed880000)
  to   space 33280K, 0% used [0x00000000ef600000,0x00000000ef600000,0x00000000f1680000)
 ParOldGen       total 186880K, used 80002K [0x00000000a0000000, 0x00000000ab680000, 0x00000000e0000000)
  object space 186880K, 42% used [0x00000000a0000000,0x00000000a4e20aa8,0x00000000ab680000)
 Metaspace       used 126481K, capacity 129797K, committed 130240K, reserved 1163264K
  class space    used 15834K, capacity 16568K, committed 16640K, reserved 1048576K
Event: 3303.703 GC heap after
Heap after GC invocations=26 (full 4):
 PSYoungGen      total 241152K, used 33259K [0x00000000e0000000, 0x00000000f2b00000, 0x0000000100000000)
  eden space 207872K, 0% used [0x00000000e0000000,0x00000000e0000000,0x00000000ecb00000)
  from space 33280K, 99% used [0x00000000ef600000,0x00000000f167ad88,0x00000000f1680000)
  to   space 44032K, 0% used [0x00000000ecb00000,0x00000000ecb00000,0x00000000ef600000)
 ParOldGen       total 186880K, used 94457K [0x00000000a0000000, 0x00000000ab680000, 0x00000000e0000000)
  object space 186880K, 50% used [0x00000000a0000000,0x00000000a5c3e4a0,0x00000000ab680000)
 Metaspace       used 126481K, capacity 129797K, committed 130240K, reserved 1163264K
  class space    used 15834K, capacity 16568K, committed 16640K, reserved 1048576K
}
Event: 3309.006 GC heap before
{Heap before GC invocations=27 (full 4):
 PSYoungGen      total 241152K, used 241131K [0x00000000e0000000, 0x00000000f2b00000, 0x0000000100000000)
  eden space 207872K, 100% used [0x00000000e0000000,0x00000000ecb00000,0x00000000ecb00000)
  from space 33280K, 99% used [0x00000000ef600000,0x00000000f167ad88,0x00000000f1680000)
  to   space 44032K, 0% used [0x00000000ecb00000,0x00000000ecb00000,0x00000000ef600000)
 ParOldGen       total 186880K, used 94457K [0x00000000a0000000, 0x00000000ab680000, 0x00000000e0000000)
  object space 186880K, 50% used [0x00000000a0000000,0x00000000a5c3e4a0,0x00000000ab680000)
 Metaspace       used 139261K, capacity 142695K, committed 143296K, reserved 1175552K
  class space    used 17304K, capacity 18057K, committed 18176K, reserved 1048576K
Event: 3309.122 GC heap after
Heap after GC invocations=27 (full 4):
 PSYoungGen      total 251904K, used 23873K [0x00000000e0000000, 0x00000000f3680000, 0x0000000100000000)
  eden space 207872K, 0% used [0x00000000e0000000,0x00000000e0000000,0x00000000ecb00000)
  from space 44032K, 54% used [0x00000000ecb00000,0x00000000ee250518,0x00000000ef600000)
  to   space 43520K, 0% used [0x00000000f0c00000,0x00000000f0c00000,0x00000000f3680000)
 ParOldGen       total 186880K, used 127705K [0x00000000a0000000, 0x00000000ab680000, 0x00000000e0000000)
  object space 186880K, 68% used [0x00000000a0000000,0x00000000a7cb6558,0x00000000ab680000)
 Metaspace       used 139261K, capacity 142695K, committed 143296K, reserved 1175552K
  class space    used 17304K, capacity 18057K, committed 18176K, reserved 1048576K
}
Event: 3315.047 GC heap before
{Heap before GC invocations=28 (full 4):
 PSYoungGen      total 251904K, used 231745K [0x00000000e0000000, 0x00000000f3680000, 0x0000000100000000)
  eden space 207872K, 100% used [0x00000000e0000000,0x00000000ecb00000,0x00000000ecb00000)
  from space 44032K, 54% used [0x00000000ecb00000,0x00000000ee250518,0x00000000ef600000)
  to   space 43520K, 0% used [0x00000000f0c00000,0x00000000f0c00000,0x00000000f3680000)
 ParOldGen       total 186880K, used 127705K [0x00000000a0000000, 0x00000000ab680000, 0x00000000e0000000)
  object space 186880K, 68% used [0x00000000a0000000,0x00000000a7cb6558,0x00000000ab680000)
 Metaspace       used 150237K, capacity 154403K, committed 154560K, reserved 1183744K
  class space    used 18764K, capacity 19599K, committed 19712K, reserved 1048576K
Event: 3315.149 GC heap after
Heap after GC invocations=28 (full 4):
 PSYoungGen      total 265728K, used 43495K [0x00000000e0000000, 0x00000000f4880000, 0x0000000100000000)
  eden space 222208K, 0% used [0x00000000e0000000,0x00000000e0000000,0x00000000ed900000)
  from space 43520K, 99% used [0x00000000f0c00000,0x00000000f3679d00,0x00000000f3680000)
  to   space 52224K, 0% used [0x00000000ed900000,0x00000000ed900000,0x00000000f0c00000)
 ParOldGen       total 186880K, used 132244K [0x00000000a0000000, 0x00000000ab680000, 0x00000000e0000000)
  object space 186880K, 70% used [0x00000000a0000000,0x00000000a8125200,0x00000000ab680000)
 Metaspace       used 150237K, capacity 154403K, committed 154560K, reserved 1183744K
  class space    used 18764K, capacity 19599K, committed 19712K, reserved 1048576K
}
Event: 3320.248 GC heap before
{Heap before GC invocations=29 (full 4):
 PSYoungGen      total 265728K, used 264744K [0x00000000e0000000, 0x00000000f4880000, 0x0000000100000000)
  eden space 222208K, 99% used [0x00000000e0000000,0x00000000ed810340,0x00000000ed900000)
  from space 43520K, 99% used [0x00000000f0c00000,0x00000000f3679d00,0x00000000f3680000)
  to   space 52224K, 0% used [0x00000000ed900000,0x00000000ed900000,0x00000000f0c00000)
 ParOldGen       total 186880K, used 132244K [0x00000000a0000000, 0x00000000ab680000, 0x00000000e0000000)
  object space 186880K, 70% used [0x00000000a0000000,0x00000000a8125200,0x00000000ab680000)
 Metaspace       used 151890K, capacity 156203K, committed 156352K, reserved 1185792K
  class space    used 18958K, capacity 19861K, committed 19968K, reserved 1048576K
Event: 3320.276 GC heap after
Heap after GC invocations=29 (full 4):
 PSYoungGen      total 274432K, used 9118K [0x00000000e0000000, 0x00000000f4e00000, 0x0000000100000000)
  eden space 222208K, 0% used [0x00000000e0000000,0x00000000e0000000,0x00000000ed900000)
  from space 52224K, 17% used [0x00000000ed900000,0x00000000ee1e7880,0x00000000f0c00000)
  to   space 51200K, 0% used [0x00000000f1c00000,0x00000000f1c00000,0x00000000f4e00000)
 ParOldGen       total 186880K, used 143377K [0x00000000a0000000, 0x00000000ab680000, 0x00000000e0000000)
  object space 186880K, 76% used [0x00000000a0000000,0x00000000a8c045d0,0x00000000ab680000)
 Metaspace       used 151890K, capacity 156203K, committed 156352K, reserved 1185792K
  class space    used 18958K, capacity 19861K, committed 19968K, reserved 1048576K
}

Deoptimization events (10 events):
Event: 3322.873 Thread 0x000000001de94800 Uncommon trap: reason=class_check action=maybe_recompile pc=0x0000000004f94d54 method=java.io.ObjectOutputStream.writeObject0(Ljava/lang/Object;Z)V @ 240
Event: 3322.873 Thread 0x000000001de94800 Uncommon trap: reason=class_check action=maybe_recompile pc=0x00000000051d6f48 method=java.io.ObjectOutputStream.writeNonProxyDesc(Ljava/io/ObjectStreamClass;Z)V @ 44
Event: 3322.874 Thread 0x000000001de94800 Uncommon trap: reason=unstable_if action=reinterpret pc=0x0000000003a906a0 method=java.lang.reflect.Proxy.isProxyClass(Ljava/lang/Class;)Z @ 6
Event: 3322.874 Thread 0x000000001de94800 Uncommon trap: reason=class_check action=maybe_recompile pc=0x00000000052226e4 method=java.io.ObjectOutputStream.writeNonProxyDesc(Ljava/io/ObjectStreamClass;Z)V @ 44
Event: 3322.876 Thread 0x000000001970d000 Uncommon trap: reason=unstable_if action=reinterpret pc=0x00000000049f209c method=java.io.BufferedReader.readLine(Z)Ljava/lang/String; @ 192
Event: 3322.876 Thread 0x000000001de94800 Uncommon trap: reason=class_check action=maybe_recompile pc=0x00000000051d6f48 method=java.io.ObjectOutputStream.writeNonProxyDesc(Ljava/io/ObjectStreamClass;Z)V @ 44
Event: 3322.940 Thread 0x000000001de94800 Uncommon trap: reason=unstable_if action=reinterpret pc=0x0000000004eabfd8 method=java.io.ObjectOutputStream$ReplaceTable.lookup(Ljava/lang/Object;)Ljava/lang/Object; @ 10
Event: 3323.011 Thread 0x0000000019704000 Uncommon trap: reason=unstable_if action=reinterpret pc=0x0000000004611414 method=java.util.concurrent.locks.AbstractQueuedSynchronizer.acquireQueued(Ljava/util/concurrent/locks/AbstractQueuedSynchronizer$Node;I)Z @ 70
Event: 3323.304 Thread 0x000000001de94800 Uncommon trap: reason=bimorphic action=maybe_recompile pc=0x0000000005cec68c method=com.intellij.util.containers.MultiMap.putValue(Ljava/lang/Object;Ljava/lang/Object;)V @ 5
Event: 3323.304 Thread 0x000000001de94800 Uncommon trap: reason=bimorphic action=maybe_recompile pc=0x0000000005cec68c method=com.intellij.util.containers.MultiMap.putValue(Ljava/lang/Object;Ljava/lang/Object;)V @ 5

Classes redefined (0 events):
No events

Internal exceptions (10 events):
Event: 3314.070 Thread 0x0000000019706000 Exception <a 'java/io/FileNotFoundException'> (0x00000000e8981db8) thrown at [D:\src\AOSP-openjdk-cygwin\jdk8u\hotspot\src\share\vm\prims\jni.cpp, line 710]
Event: 3314.242 Thread 0x000000001dcc1800 Exception <a 'sun/nio/fs/WindowsException'> (0x00000000e8ed3570) thrown at [D:\src\AOSP-openjdk-cygwin\jdk8u\hotspot\src\share\vm\prims\jni.cpp, line 710]
Event: 3314.780 Thread 0x0000000019702800 Implicit null exception at 0x000000000487ab2f to 0x000000000487ac21
Event: 3319.355 Thread 0x000000001e3ba000 Exception <a 'sun/nio/fs/WindowsException'> (0x00000000eb149ee0) thrown at [D:\src\AOSP-openjdk-cygwin\jdk8u\hotspot\src\share\vm\prims\jni.cpp, line 710]
Event: 3319.613 Thread 0x0000000019705800 Exception <a 'java/lang/NoSuchMethodError': <clinit>> (0x00000000eb64f868) thrown at [D:\src\AOSP-openjdk-cygwin\jdk8u\hotspot\src\share\vm\prims\jni.cpp, line 1614]
Event: 3319.613 Thread 0x0000000019705800 Exception <a 'java/lang/NoSuchMethodError': <clinit>> (0x00000000eb653478) thrown at [D:\src\AOSP-openjdk-cygwin\jdk8u\hotspot\src\share\vm\prims\jni.cpp, line 1614]
Event: 3319.616 Thread 0x0000000019705800 Exception <a 'java/lang/NoSuchMethodError': <clinit>> (0x00000000eb66d358) thrown at [D:\src\AOSP-openjdk-cygwin\jdk8u\hotspot\src\share\vm\prims\jni.cpp, line 1614]
Event: 3319.659 Thread 0x000000001dcc1800 Exception <a 'java/lang/NoSuchMethodError': java.lang.Object.lambda$asRunnable$0(Lcom/android/tools/build/apkzlib/utils/IOExceptionRunnable;)V> (0x00000000ebc21380) thrown at [D:\src\AOSP-openjdk-cygwin\jdk8u\hotspot\src\share\vm\interpreter\linkResolver.
Event: 3319.723 Thread 0x000000001dcc1800 Exception <a 'java/lang/NoSuchMethodError': java.lang.Object.newSystemTemporaryDirectory()Lcom/android/tools/build/apkzlib/bytestorage/TemporaryDirectory;> (0x00000000ebd56328) thrown at [D:\src\AOSP-openjdk-cygwin\jdk8u\hotspot\src\share\vm\interpreter\l
Event: 3319.973 Thread 0x000000001dcc1800 Exception <a 'java/lang/NoSuchMethodError': java.lang.Object.lambda$static$0(Lcom/android/apksig/util/RunnablesProvider;)V> (0x00000000ec372640) thrown at [D:\src\AOSP-openjdk-cygwin\jdk8u\hotspot\src\share\vm\interpreter\linkResolver.cpp, line 620]

Events (10 events):
Event: 3323.325 Thread 0x0000000016bae000 flushing nmethod 0x0000000005e59750
Event: 3323.326 Thread 0x0000000016bae000 flushing nmethod 0x0000000005eeddd0
Event: 3323.348 Thread 0x0000000016bae000 flushing nmethod 0x000000000613eb90
Event: 3323.348 Thread 0x0000000016bae000 flushing nmethod 0x0000000006142f90
Event: 3323.348 Thread 0x0000000016bae000 flushing nmethod 0x0000000006187350
Event: 3323.348 Thread 0x0000000016bae000 flushing nmethod 0x0000000006188090
Event: 3323.348 Thread 0x0000000016bae000 flushing nmethod 0x00000000061cb750
Event: 3323.348 Thread 0x0000000016bae000 flushing nmethod 0x0000000006253610
Event: 3323.349 Thread 0x0000000016bae000 flushing nmethod 0x000000000633c610
Event: 3323.349 Thread 0x0000000016bae000 flushing nmethod 0x000000000642d9d0


Dynamic libraries:
0x00007ff718da0000 - 0x00007ff718dd1000 	C:\Program Files\Android\Android Studio\jre\bin\java.exe
0x00007ffcd83e0000 - 0x00007ffcd85cd000 	C:\Windows\SYSTEM32\ntdll.dll
0x00007ffcd77e0000 - 0x00007ffcd7893000 	C:\Windows\System32\KERNEL32.DLL
0x00007ffcd4ed0000 - 0x00007ffcd5163000 	C:\Windows\System32\KERNELBASE.dll
0x00007ffcd5910000 - 0x00007ffcd59b3000 	C:\Windows\System32\ADVAPI32.dll
0x00007ffcd7730000 - 0x00007ffcd77ce000 	C:\Windows\System32\msvcrt.dll
0x00007ffcd5800000 - 0x00007ffcd589e000 	C:\Windows\System32\sechost.dll
0x00007ffcd79e0000 - 0x00007ffcd7b02000 	C:\Windows\System32\RPCRT4.dll
0x00007ffcd5660000 - 0x00007ffcd57f7000 	C:\Windows\System32\USER32.dll
0x00007ffcd5170000 - 0x00007ffcd5190000 	C:\Windows\System32\win32u.dll
0x00007ffcd78a0000 - 0x00007ffcd78c9000 	C:\Windows\System32\GDI32.dll
0x00007ffcd45e0000 - 0x00007ffcd4779000 	C:\Windows\System32\gdi32full.dll
0x00007ffcd4520000 - 0x00007ffcd45c0000 	C:\Windows\System32\msvcp_win.dll
0x00007ffcd54d0000 - 0x00007ffcd55ca000 	C:\Windows\System32\ucrtbase.dll
0x00007ffcc4d30000 - 0x00007ffcc4fa9000 	C:\Windows\WinSxS\amd64_microsoft.windows.common-controls_6595b64144ccf1df_6.0.17763.719_none_05b84458071c8757\COMCTL32.dll
0x00007ffcd5a60000 - 0x00007ffcd5d8c000 	C:\Windows\System32\combase.dll
0x00007ffcd5190000 - 0x00007ffcd520e000 	C:\Windows\System32\bcryptPrimitives.dll
0x00007ffcd5630000 - 0x00007ffcd565e000 	C:\Windows\System32\IMM32.DLL
0x0000000065300000 - 0x00000000653d2000 	C:\Program Files\Android\Android Studio\jre\jre\bin\msvcr100.dll
0x0000000065b40000 - 0x0000000066386000 	C:\Program Files\Android\Android Studio\jre\jre\bin\server\jvm.dll
0x00007ffcd77d0000 - 0x00007ffcd77d8000 	C:\Windows\System32\PSAPI.DLL
0x00007ffcc8290000 - 0x00007ffcc8299000 	C:\Windows\SYSTEM32\WSOCK32.dll
0x00007ffcd0120000 - 0x00007ffcd012a000 	C:\Windows\SYSTEM32\VERSION.dll
0x00007ffcd0020000 - 0x00007ffcd0044000 	C:\Windows\SYSTEM32\WINMM.dll
0x00007ffcd7310000 - 0x00007ffcd737d000 	C:\Windows\System32\WS2_32.dll
0x00007ffccfff0000 - 0x00007ffcd001d000 	C:\Windows\SYSTEM32\WINMMBASE.dll
0x00007ffcd44d0000 - 0x00007ffcd451a000 	C:\Windows\System32\cfgmgr32.dll
0x00007ffcc3980000 - 0x00007ffcc398f000 	C:\Program Files\Android\Android Studio\jre\jre\bin\verify.dll
0x00007ffcc32f0000 - 0x00007ffcc3319000 	C:\Program Files\Android\Android Studio\jre\jre\bin\java.dll
0x00007ffcc34a0000 - 0x00007ffcc34b6000 	C:\Program Files\Android\Android Studio\jre\jre\bin\zip.dll
0x00007ffcd5d90000 - 0x00007ffcd7282000 	C:\Windows\System32\SHELL32.dll
0x00007ffcd8320000 - 0x00007ffcd83c8000 	C:\Windows\System32\shcore.dll
0x00007ffcd4780000 - 0x00007ffcd4eca000 	C:\Windows\System32\windows.storage.dll
0x00007ffcd4480000 - 0x00007ffcd44a4000 	C:\Windows\System32\profapi.dll
0x00007ffcd4420000 - 0x00007ffcd447d000 	C:\Windows\System32\powrprof.dll
0x00007ffcd58b0000 - 0x00007ffcd5902000 	C:\Windows\System32\shlwapi.dll
0x00007ffcd4400000 - 0x00007ffcd4411000 	C:\Windows\System32\kernel.appcore.dll
0x00007ffcd45c0000 - 0x00007ffcd45d7000 	C:\Windows\System32\cryptsp.dll
0x00007ffcc32d0000 - 0x00007ffcc32ea000 	C:\Program Files\Android\Android Studio\jre\jre\bin\net.dll
0x00007ffcd3c70000 - 0x00007ffcd3cd7000 	C:\Windows\system32\mswsock.dll
0x00007ffcc32b0000 - 0x00007ffcc32c1000 	C:\Program Files\Android\Android Studio\jre\jre\bin\nio.dll
0x00007ffcd0ab0000 - 0x00007ffcd0ad6000 	C:\Users\nk\.gradle\native\29\windows-amd64\native-platform.dll
0x00007ffcc3970000 - 0x00007ffcc397d000 	C:\Program Files\Android\Android Studio\jre\jre\bin\management.dll
0x00007ffcd37f0000 - 0x00007ffcd3823000 	C:\Windows\system32\rsaenh.dll
0x00007ffcd5210000 - 0x00007ffcd5236000 	C:\Windows\System32\bcrypt.dll
0x00007ffcd4330000 - 0x00007ffcd4358000 	C:\Windows\SYSTEM32\USERENV.dll
0x00007ffcd3e40000 - 0x00007ffcd3e4c000 	C:\Windows\SYSTEM32\CRYPTBASE.dll
0x00007ffcd3990000 - 0x00007ffcd39cd000 	C:\Windows\SYSTEM32\IPHLPAPI.DLL
0x00007ffcd58a0000 - 0x00007ffcd58a8000 	C:\Windows\System32\NSI.dll
0x00007ffccbfe0000 - 0x00007ffccbff6000 	C:\Windows\SYSTEM32\dhcpcsvc6.DLL
0x00007ffccb880000 - 0x00007ffccb89c000 	C:\Windows\SYSTEM32\dhcpcsvc.DLL
0x00007ffcd39d0000 - 0x00007ffcd3a96000 	C:\Windows\SYSTEM32\DNSAPI.dll
0x00007ffcc83a0000 - 0x00007ffcc83be000 	C:\Temp\native-platform1261453948745781174dir\native-platform.dll
0x00007ffcc2590000 - 0x00007ffcc272c000 	C:\Program Files\Android\Android Studio\jre\jre\bin\awt.dll
0x00007ffcd7660000 - 0x00007ffcd7724000 	C:\Windows\System32\OLEAUT32.dll
0x00007ffcd2aa0000 - 0x00007ffcd2ace000 	C:\Windows\SYSTEM32\dwmapi.dll
0x00007ffcd5240000 - 0x00007ffcd541b000 	C:\Windows\System32\CRYPT32.dll
0x00007ffcd44b0000 - 0x00007ffcd44c2000 	C:\Windows\System32\MSASN1.dll
0x00007ffcd16e0000 - 0x00007ffcd1c9e000 	C:\Windows\SYSTEM32\d2d1.dll
0x00007ffcd2670000 - 0x00007ffcd26fc000 	C:\Windows\SYSTEM32\apphelp.dll
0x00007ffcc3240000 - 0x00007ffcc3264000 	C:\Program Files\Android\Android Studio\jre\jre\bin\sunec.dll
0x00007ffcc33b0000 - 0x00007ffcc33bb000 	C:\Program Files\Android\Android Studio\jre\jre\bin\sunmscapi.dll
0x00007ffcc7f50000 - 0x00007ffcc7f5a000 	C:\Windows\System32\rasadhlp.dll
0x00007ffcc9600000 - 0x00007ffcc9679000 	C:\Windows\System32\fwpuclnt.dll

VM Arguments:
jvm_args: -Xmx1536m -Dfile.encoding=windows-1251 -Duser.country=RU -Duser.language=ru -Duser.variant 
java_command: org.gradle.launcher.daemon.bootstrap.GradleDaemon 5.4.1
java_class_path (initial): C:\Users\nk\.gradle\wrapper\dists\gradle-5.4.1-all\3221gyojl5jsh0helicew7rwx\gradle-5.4.1\lib\gradle-launcher-5.4.1.jar
Launcher Type: SUN_STANDARD

Environment Variables:
JAVA_HOME=C:\Program Files\Java\jdk1.8.0_221
CLASSPATH=C:\mpj-v0_44\lib\mpj.jar
PATH=C:\Program Files (x86)\Common Files\Oracle\Java\javapath;C:\Program Files (x86)\Intel\iCLS Client\;C:\Program Files\Intel\iCLS Client\;C:\Windows\system32;C:\Windows;C:\Windows\System32\Wbem;C:\Windows\System32\WindowsPowerShell\v1.0\;C:\Program Files (x86)\NVIDIA Corporation\PhysX\Common;C:\Program Files (x86)\Intel\Intel(R) Management Engine Components\DAL;C:\Program Files\Intel\Intel(R) Management Engine Components\DAL;C:\Program Files (x86)\Intel\Intel(R) Management Engine Components\IPT;C:\Program Files\Intel\Intel(R) Management Engine Components\IPT;C:\Program Files\Git\cmd;C:\Program Files\Java\jdk1.8.0_221\bin;C:\Users\nk\AppData\Local\Programs\Python\Python37\Scripts\;C:\Users\nk\AppData\Local\Programs\Python\Python37\;C:\Users\nk\AppData\Local\Microsoft\WindowsApps;C:\Users\nk\AppData\Local\GitHubDesktop\bin;C:\Users\nk\AppData\Local\atom\bin;C:\mpj-v0_44\bin;C:\Program Files\mingw-w64\x86_64-8.1.0-posix-seh-rt_v6-rev0\mingw64\bin;C:\Program Files\swipl\bin;C:\Program Files\JetBrains\IntelliJ IDEA Community Edition 2019.2.2\bin;;C:\Program Files\JetBrains\PyCharm Community Edition 2019.2.3\bin;;C:\Users\nk\AppData\Local\Programs\Microsoft VS Code\bin
USERNAME=nk
OS=Windows_NT
PROCESSOR_IDENTIFIER=Intel64 Family 6 Model 78 Stepping 3, GenuineIntel



---------------  S Y S T E M  ---------------

OS: Windows 10.0 , 64 bit Build 17763 (10.0.17763.475)

CPU:total 4 (initial active 4) (2 cores per cpu, 2 threads per core) family 6 model 78 stepping 3, cmov, cx8, fxsr, mmx, sse, sse2, sse3, ssse3, sse4.1, sse4.2, popcnt, avx, avx2, aes, clmul, erms, 3dnowpref, lzcnt, ht, tsc, tscinvbit, bmi1, bmi2, adx

Memory: 4k page, physical 8292352k(1152828k free), swap 8292352k(6812k free)

vm_info: OpenJDK 64-Bit Server VM (25.202-b03) for windows-amd64 JRE (1.8.0_202-release-1483-b03), built by "builder" with MS VC++ 10.0 (VS2010)

time: Thu Oct 31 16:26:35 2019
timezone: RTZ 2 (зима)
elapsed time: 3323 seconds (0d 0h 55m 23s)

